Using pre-set license
Pro License: NO

 COMMAND LINE ARGUMENTS:
/Applications/Unity/Hub/Editor/2021.1.13f1/Unity.app/Contents/MacOS/Unity
-adb2
-batchMode
-noUpm
-name
AssetImportWorker93
-projectPath
/Users/barbarostombaz/Developer/proto-003
-logFile
Logs/AssetImportWorker93.log
-srvPort
49543
Successfully changed project path to: /Users/barbarostombaz/Developer/proto-003
/Users/barbarostombaz/Developer/proto-003
Using Asset Import Pipeline V2.
Refreshing native plugins compatible for Editor in 137.45 ms, found 4 plugins.
Preloading 0 native plugins for Editor in 0.00 ms.
Initialize engine version: 2021.1.13f1 (a03098edbbe0)
[Subsystems] Discovering subsystems at path /Applications/Unity/Hub/Editor/2021.1.13f1/Unity.app/Contents/Resources/UnitySubsystems
[Subsystems] Discovering subsystems at path /Users/barbarostombaz/Developer/proto-003/Assets
GfxDevice: creating device client; threaded=0; jobified=0
2022-03-23 12:36:20.791 Unity[2480:81891] iMac preferred device: AMD Radeon Pro 575X (high power)
2022-03-23 12:36:20.791 Unity[2480:81891] Metal devices available: 1
2022-03-23 12:36:20.791 Unity[2480:81891] 0: AMD Radeon Pro 575X (high power)
2022-03-23 12:36:20.791 Unity[2480:81891] Using device AMD Radeon Pro 575X (high power)
Initializing Metal device caps: AMD Radeon Pro 575X
Initialize mono
Mono path[0] = '/Applications/Unity/Hub/Editor/2021.1.13f1/Unity.app/Contents/Managed'
Mono path[1] = '/Applications/Unity/Hub/Editor/2021.1.13f1/Unity.app/Contents/MonoBleedingEdge/lib/mono/unityjit'
Mono config path = '/Applications/Unity/Hub/Editor/2021.1.13f1/Unity.app/Contents/MonoBleedingEdge/etc'
Using monoOptions --debugger-agent=transport=dt_socket,embedding=1,server=y,suspend=n,address=127.0.0.1:56480
Begin MonoManager ReloadAssembly
Registering precompiled unity dll's ...
Register platform support module: /Applications/Unity/Hub/Editor/2021.1.13f1/PlaybackEngines/WebGLSupport/UnityEditor.WebGL.Extensions.dll
Register platform support module: /Applications/Unity/Hub/Editor/2021.1.13f1/Unity.app/Contents/PlaybackEngines/MacStandaloneSupport/UnityEditor.OSXStandalone.Extensions.dll
Registered in 0.053725 seconds.
Native extension for OSXStandalone target not found
Native extension for WebGL target not found
Refreshing native plugins compatible for Editor in 86.83 ms, found 4 plugins.
Preloading 0 native plugins for Editor in 0.00 ms.
Mono: successfully reloaded assembly
- Completed reload, in  4.312 seconds
Domain Reload Profiling:
	ReloadAssembly (4312ms)
		BeginReloadAssembly (37ms)
			ExecutionOrderSort (0ms)
			DisableScriptedObjects (0ms)
			BackupInstance (0ms)
			ReleaseScriptingObjects (0ms)
			CreateAndSetChildDomain (1ms)
		EndReloadAssembly (543ms)
			LoadAssemblies (76ms)
			RebuildTransferFunctionScriptingTraits (0ms)
			SetupTypeCache (191ms)
			ReleaseScriptCaches (0ms)
			RebuildScriptCaches (33ms)
			SetupLoadedEditorAssemblies (237ms)
				LogAssemblyErrors (0ms)
				InitializePlatformSupportModulesInManaged (6ms)
				SetLoadedEditorAssemblies (0ms)
				RefreshPlugins (87ms)
				BeforeProcessingInitializeOnLoad (1ms)
				ProcessInitializeOnLoadAttributes (100ms)
				ProcessInitializeOnLoadMethodAttributes (42ms)
				AfterProcessingInitializeOnLoad (0ms)
				EditorAssembliesLoaded (0ms)
			ExecutionOrderSort2 (0ms)
			AwakeInstancesAfterBackupRestoration (0ms)
Platform modules already initialized, skipping
Registering precompiled user dll's ...
Registered in 0.351247 seconds.
Begin MonoManager ReloadAssembly
Native extension for OSXStandalone target not found
Native extension for WebGL target not found
Refreshing native plugins compatible for Editor in 1.28 ms, found 4 plugins.
Preloading 0 native plugins for Editor in 0.00 ms.
Mono: successfully reloaded assembly
- Completed reload, in  2.427 seconds
Domain Reload Profiling:
	ReloadAssembly (2428ms)
		BeginReloadAssembly (157ms)
			ExecutionOrderSort (0ms)
			DisableScriptedObjects (6ms)
			BackupInstance (0ms)
			ReleaseScriptingObjects (0ms)
			CreateAndSetChildDomain (36ms)
		EndReloadAssembly (2208ms)
			LoadAssemblies (925ms)
			RebuildTransferFunctionScriptingTraits (0ms)
			SetupTypeCache (493ms)
			ReleaseScriptCaches (1ms)
			RebuildScriptCaches (73ms)
			SetupLoadedEditorAssemblies (609ms)
				LogAssemblyErrors (0ms)
				InitializePlatformSupportModulesInManaged (5ms)
				SetLoadedEditorAssemblies (0ms)
				RefreshPlugins (1ms)
				BeforeProcessingInitializeOnLoad (63ms)
				ProcessInitializeOnLoadAttributes (479ms)
				ProcessInitializeOnLoadMethodAttributes (60ms)
				AfterProcessingInitializeOnLoad (1ms)
				EditorAssembliesLoaded (0ms)
			ExecutionOrderSort2 (0ms)
			AwakeInstancesAfterBackupRestoration (5ms)
Platform modules already initialized, skipping
========================================================================
Worker process is ready to serve import requests
Launching external process: /Applications/Unity/Hub/Editor/2021.1.13f1/Unity.app/Contents/Tools/UnityShaderCompiler
Launched and connected shader compiler UnityShaderCompiler after 1.30 seconds
Refreshing native plugins compatible for Editor in 1.28 ms, found 4 plugins.
Preloading 0 native plugins for Editor in 0.00 ms.
Unloading 3211 Unused Serialized files (Serialized files now loaded: 0)
System memory in use before: 343.5 MB.
System memory in use after: 343.6 MB.

Unloading 102 unused Assets to reduce memory usage. Loaded Objects now: 3645.
Total: 6.135075 ms (FindLiveObjects: 0.282581 ms CreateObjectMapping: 0.163143 ms MarkObjects: 5.470345 ms  DeleteObjects: 0.218236 ms)

AssetImportParameters requested are different than current active one (requested -> active):
  custom:video-decoder-ogg-theora: a1e56fd34408186e4bbccfd4996cb3dc -> 
  custom:container-muxer-webm: aa71ff27fc2769a1b78a27578f13a17b -> 
  custom:container-demuxer-webm: 4f35f7cbe854078d1ac9338744f61a02 -> 
  custom:container-demuxer-ogg: 62fdf1f143b41e24485cea50d1cbac27 -> 
  custom:video-encoder-webm-vp8: eb34c28f22e8b96e1ab97ce403110664 -> 
  custom:framework-osx-AVFoundation: e770b220cccbd017edd2c1fefb359320 -> 
  custom:video-decoder-webm-vp8: 9c59270c3fd7afecdb556c50c9e8de78 -> 
  custom:audio-decoder-ogg-vorbis: bf7c407c2cedff20999df2af8eb42d56 -> 
  custom:audio-encoder-webm-vorbis: bf7c407c2cedff20999df2af8eb42d56 -> 
========================================================================
Received Import Request.
  path: Assets/Materials/Green Theme
  artifactKey: Guid(3b74eba70a96a4f96b5d8d4cfb81e45e) Importer(815301076,1909f56bfc062723c751e8b465ee728b)
Start importing Assets/Materials/Green Theme using Guid(3b74eba70a96a4f96b5d8d4cfb81e45e) Importer(815301076,1909f56bfc062723c751e8b465ee728b)  -> (artifact id: 'a90763404882cb6da31779dba3d3ade3') in 0.007271 seconds 
========================================================================
Received Import Request.
  Time since last request: 0.000283 seconds.
  path: Assets/Materials/Green Theme
  artifactKey: Guid(3b74eba70a96a4f96b5d8d4cfb81e45e) Importer(2089858483,934ff659095e30574adcf32a4c2f97b5)
Start importing Assets/Materials/Green Theme using Guid(3b74eba70a96a4f96b5d8d4cfb81e45e) Importer(2089858483,934ff659095e30574adcf32a4c2f97b5)  -> (artifact id: 'ea169ead091196d27a6d2a6e723ba2c6') in 0.091997 seconds 
========================================================================
Received Import Request.
  Time since last request: 3.057112 seconds.
  path: Assets/Materials/Green Theme/Grass.mat
  artifactKey: Guid(00d034c90c7ef4f42bd25f981681e066) Importer(2089858483,934ff659095e30574adcf32a4c2f97b5)
Start importing Assets/Materials/Green Theme/Grass.mat using Guid(00d034c90c7ef4f42bd25f981681e066) Importer(2089858483,934ff659095e30574adcf32a4c2f97b5)  -> (artifact id: 'ae4a27663399c674e49da2491d8afc0f') in 1.125161 seconds 
========================================================================
Received Import Request.
  Time since last request: 0.000274 seconds.
  path: Assets/Materials/Green Theme/BigBlock.mat
  artifactKey: Guid(f86b3130751b145df8e9cb740dfd76ab) Importer(2089858483,934ff659095e30574adcf32a4c2f97b5)
Start importing Assets/Materials/Green Theme/BigBlock.mat using Guid(f86b3130751b145df8e9cb740dfd76ab) Importer(2089858483,934ff659095e30574adcf32a4c2f97b5)  -> (artifact id: 'b75bbc9c426bf60f1b300cdb028bcc7a') in 0.004893 seconds 
========================================================================
Received Import Request.
  Time since last request: 0.000180 seconds.
  path: Assets/Materials/Green Theme/Switch_Deactive.mat
  artifactKey: Guid(6991f15853d5546f0b2a8def306eb59b) Importer(2089858483,934ff659095e30574adcf32a4c2f97b5)
Start importing Assets/Materials/Green Theme/Switch_Deactive.mat using Guid(6991f15853d5546f0b2a8def306eb59b) Importer(2089858483,934ff659095e30574adcf32a4c2f97b5)  -> (artifact id: '3b48882ef5d087f85e2ae2488048ebd4') in 0.006460 seconds 
========================================================================
Received Import Request.
  Time since last request: 0.000279 seconds.
  path: Assets/Materials/Green Theme/Coin.mat
  artifactKey: Guid(8a39aeb21041d48ffa4d3b2226170e71) Importer(2089858483,934ff659095e30574adcf32a4c2f97b5)
Start importing Assets/Materials/Green Theme/Coin.mat using Guid(8a39aeb21041d48ffa4d3b2226170e71) Importer(2089858483,934ff659095e30574adcf32a4c2f97b5)  -> (artifact id: '53088344c350b407ce308d9376af34e0') in 0.004352 seconds 
========================================================================
Received Import Request.
  Time since last request: 0.000194 seconds.
  path: Assets/Materials/Green Theme/Green.mat
  artifactKey: Guid(96bf4a578721545a19e97fa794568620) Importer(2089858483,934ff659095e30574adcf32a4c2f97b5)
Start importing Assets/Materials/Green Theme/Green.mat using Guid(96bf4a578721545a19e97fa794568620) Importer(2089858483,934ff659095e30574adcf32a4c2f97b5)  -> (artifact id: '5862cf5d07eb09d34c8b70446ae526d0') in 0.004038 seconds 
========================================================================
Received Import Request.
  Time since last request: 0.000176 seconds.
  path: Assets/Materials/Green Theme/Green Floor.mat
  artifactKey: Guid(de864fe65856f489098a59e71f8e1212) Importer(2089858483,934ff659095e30574adcf32a4c2f97b5)
Start importing Assets/Materials/Green Theme/Green Floor.mat using Guid(de864fe65856f489098a59e71f8e1212) Importer(2089858483,934ff659095e30574adcf32a4c2f97b5)  -> (artifact id: '77fdae41b650f45e1ae9fe9627ef07cf') in 0.004332 seconds 
========================================================================
Received Import Request.
  Time since last request: 0.000322 seconds.
  path: Assets/Materials/Green Theme/AI2.mat
  artifactKey: Guid(25335fe74c883664e9a0f44c2d6c3e18) Importer(2089858483,934ff659095e30574adcf32a4c2f97b5)
Start importing Assets/Materials/Green Theme/AI2.mat using Guid(25335fe74c883664e9a0f44c2d6c3e18) Importer(2089858483,934ff659095e30574adcf32a4c2f97b5)  -> (artifact id: '228446c452ae56f0877cce57cea6f80d') in 0.003756 seconds 
========================================================================
Received Import Request.
  Time since last request: 8.903354 seconds.
  path: Assets/Materials/Purple Theme/Arrow.mat
  artifactKey: Guid(9bcedbc0faade482d82b06b8e3786e58) Importer(2089858483,934ff659095e30574adcf32a4c2f97b5)
Start importing Assets/Materials/Purple Theme/Arrow.mat using Guid(9bcedbc0faade482d82b06b8e3786e58) Importer(2089858483,934ff659095e30574adcf32a4c2f97b5)  -> (artifact id: '074a7ab6299844905010aba10a70bf02') in 0.004053 seconds 
========================================================================
Received Import Request.
  Time since last request: 0.000285 seconds.
  path: Assets/Materials/Purple Theme/Car.mat
  artifactKey: Guid(52c399b0d5f6941d9ad62c74f88353a6) Importer(2089858483,934ff659095e30574adcf32a4c2f97b5)
Start importing Assets/Materials/Purple Theme/Car.mat using Guid(52c399b0d5f6941d9ad62c74f88353a6) Importer(2089858483,934ff659095e30574adcf32a4c2f97b5)  -> (artifact id: '53d2ff1643c1973568e47f05c80ce4cf') in 0.004183 seconds 
========================================================================
Received Import Request.
  Time since last request: 0.000188 seconds.
  path: Assets/Materials/Purple Theme/New Material 1.mat
  artifactKey: Guid(befaa695ec22240819c04f092085c842) Importer(2089858483,934ff659095e30574adcf32a4c2f97b5)
Start importing Assets/Materials/Purple Theme/New Material 1.mat using Guid(befaa695ec22240819c04f092085c842) Importer(2089858483,934ff659095e30574adcf32a4c2f97b5)  -> (artifact id: '17d2f9d953c0f8aa77973f356baf3213') in 0.004696 seconds 
========================================================================
Received Import Request.
  Time since last request: 6.107951 seconds.
  path: Assets/Materials/Soft Theme/PhysicsObject.mat
  artifactKey: Guid(cdca80e14cffd174ab56defd7f2479d6) Importer(2089858483,934ff659095e30574adcf32a4c2f97b5)
Start importing Assets/Materials/Soft Theme/PhysicsObject.mat using Guid(cdca80e14cffd174ab56defd7f2479d6) Importer(2089858483,934ff659095e30574adcf32a4c2f97b5)  -> (artifact id: 'fa3405cfa3691cb143a0764db3d7b51e') in 0.004257 seconds 
========================================================================
Received Import Request.
  Time since last request: 0.000263 seconds.
  path: Assets/Materials/Soft Theme/Floor Red.mat
  artifactKey: Guid(04ac05086fbe84cf08cdfc05a5b20427) Importer(2089858483,934ff659095e30574adcf32a4c2f97b5)
Start importing Assets/Materials/Soft Theme/Floor Red.mat using Guid(04ac05086fbe84cf08cdfc05a5b20427) Importer(2089858483,934ff659095e30574adcf32a4c2f97b5)  -> (artifact id: '0d5a04ee6e735934dbd4cbd5b8864726') in 0.005015 seconds 
========================================================================
Received Import Request.
  Time since last request: 0.000198 seconds.
  path: Assets/Materials/Soft Theme/Purple.mat
  artifactKey: Guid(9d6116ae6c7b64f2ba5f921a2aefcfa1) Importer(2089858483,934ff659095e30574adcf32a4c2f97b5)
Start importing Assets/Materials/Soft Theme/Purple.mat using Guid(9d6116ae6c7b64f2ba5f921a2aefcfa1) Importer(2089858483,934ff659095e30574adcf32a4c2f97b5)  -> (artifact id: 'c11055a538fbdf837ece188797821329') in 0.003955 seconds 
========================================================================
Received Import Request.
  Time since last request: 14.363985 seconds.
  path: Assets/Materials/Soft Theme/Floor.mat
  artifactKey: Guid(716e5cdf292344b43af3cd543781da35) Importer(2089858483,934ff659095e30574adcf32a4c2f97b5)
Start importing Assets/Materials/Soft Theme/Floor.mat using Guid(716e5cdf292344b43af3cd543781da35) Importer(2089858483,934ff659095e30574adcf32a4c2f97b5)  -> (artifact id: '96342e5bea4594688d61586fd90ed0dd') in 0.004905 seconds 
========================================================================
Received Import Request.
  Time since last request: 0.000277 seconds.
  path: Assets/Materials/Soft Theme/New Material.mat
  artifactKey: Guid(c777586b186fc4118a3aaf01609f6c3f) Importer(2089858483,934ff659095e30574adcf32a4c2f97b5)
Start importing Assets/Materials/Soft Theme/New Material.mat using Guid(c777586b186fc4118a3aaf01609f6c3f) Importer(2089858483,934ff659095e30574adcf32a4c2f97b5)  -> (artifact id: 'a9620abe439cdc1691cf51abf3db88a3') in 0.004362 seconds 
========================================================================
Received Import Request.
  Time since last request: 0.000383 seconds.
  path: Assets/Materials/Soft Theme/dirt.mat
  artifactKey: Guid(e09eb133333d345c2afac0def27b24bc) Importer(2089858483,934ff659095e30574adcf32a4c2f97b5)
Start importing Assets/Materials/Soft Theme/dirt.mat using Guid(e09eb133333d345c2afac0def27b24bc) Importer(2089858483,934ff659095e30574adcf32a4c2f97b5)  -> (artifact id: '84b254ec3ac218c0debccc5e35395a2b') in 0.004403 seconds 
========================================================================
Received Import Request.
  Time since last request: 0.000292 seconds.
  path: Assets/Materials/Soft Theme/Ramp.mat
  artifactKey: Guid(0ff354db5a5332e468cb9ee069293c93) Importer(2089858483,934ff659095e30574adcf32a4c2f97b5)
Start importing Assets/Materials/Soft Theme/Ramp.mat using Guid(0ff354db5a5332e468cb9ee069293c93) Importer(2089858483,934ff659095e30574adcf32a4c2f97b5)  -> (artifact id: 'a6273cf1fc7351c035e0c20f7f487759') in 0.004812 seconds 
========================================================================
Received Import Request.
  Time since last request: 5.848156 seconds.
  path: Assets/Materials/Intro Theme/Floor Green Light.mat
  artifactKey: Guid(0622a85abd4e341dd8cb94934fd0b59c) Importer(815301076,1909f56bfc062723c751e8b465ee728b)
Start importing Assets/Materials/Intro Theme/Floor Green Light.mat using Guid(0622a85abd4e341dd8cb94934fd0b59c) Importer(815301076,1909f56bfc062723c751e8b465ee728b)  -> (artifact id: '82f27c01ab38fb1a93fc351e139c8025') in 1.072005 seconds 
========================================================================
Received Import Request.
  Time since last request: 0.000257 seconds.
  path: Assets/Materials/Intro Theme/Wall Purple.mat
  artifactKey: Guid(8e670df81e63d40778d91b2e309f5776) Importer(815301076,1909f56bfc062723c751e8b465ee728b)
Start importing Assets/Materials/Intro Theme/Wall Purple.mat using Guid(8e670df81e63d40778d91b2e309f5776) Importer(815301076,1909f56bfc062723c751e8b465ee728b)  -> (artifact id: 'ef137c7afbf6325af541d63679fb132b') in 0.017016 seconds 
========================================================================
Received Import Request.
  Time since last request: 6.195035 seconds.
  path: Assets/Materials/Red Theme
  artifactKey: Guid(19990943912f0430ba9b416ff0082eaa) Importer(2089858483,934ff659095e30574adcf32a4c2f97b5)
Start importing Assets/Materials/Red Theme using Guid(19990943912f0430ba9b416ff0082eaa) Importer(2089858483,934ff659095e30574adcf32a4c2f97b5)  -> (artifact id: '5128ac5f323503477e9a6214fea5b031') in 0.003449 seconds 
========================================================================
Received Import Request.
  Time since last request: 0.000252 seconds.
  path: Assets/Materials/Red Theme/Block Bedge.mat
  artifactKey: Guid(1629e647001204a728b0246735e6b016) Importer(2089858483,934ff659095e30574adcf32a4c2f97b5)
Start importing Assets/Materials/Red Theme/Block Bedge.mat using Guid(1629e647001204a728b0246735e6b016) Importer(2089858483,934ff659095e30574adcf32a4c2f97b5)  -> (artifact id: 'e630ab27cf765acd8c0314be2336e548') in 0.004720 seconds 
========================================================================
Received Import Request.
  Time since last request: 0.000285 seconds.
  path: Assets/Materials/Red Theme/Floor Green Light.mat
  artifactKey: Guid(0622a85abd4e341dd8cb94934fd0b59c) Importer(2089858483,934ff659095e30574adcf32a4c2f97b5)
Start importing Assets/Materials/Red Theme/Floor Green Light.mat using Guid(0622a85abd4e341dd8cb94934fd0b59c) Importer(2089858483,934ff659095e30574adcf32a4c2f97b5)  -> (artifact id: 'f9d8fb474c71072447a0af0dc7a163ab') in 0.003700 seconds 
========================================================================
Received Import Request.
  Time since last request: 0.000288 seconds.
  path: Assets/Materials/Red Theme/Wall Purple.mat
  artifactKey: Guid(8e670df81e63d40778d91b2e309f5776) Importer(2089858483,934ff659095e30574adcf32a4c2f97b5)
Start importing Assets/Materials/Red Theme/Wall Purple.mat using Guid(8e670df81e63d40778d91b2e309f5776) Importer(2089858483,934ff659095e30574adcf32a4c2f97b5)  -> (artifact id: '1c5fc318249053c5c1c616630803f2b9') in 0.028131 seconds 
========================================================================
Received Import Request.
  Time since last request: 8.582764 seconds.
  path: Assets/Materials/Red Theme/player.mat
  artifactKey: Guid(00f213278f99b63489f5427ea01397ec) Importer(2089858483,934ff659095e30574adcf32a4c2f97b5)
Start importing Assets/Materials/Red Theme/player.mat using Guid(00f213278f99b63489f5427ea01397ec) Importer(2089858483,934ff659095e30574adcf32a4c2f97b5)  -> (artifact id: '16522d1140e6e9950eee767bf6b27a34') in 0.004656 seconds 
========================================================================
Received Import Request.
  Time since last request: 0.000209 seconds.
  path: Assets/Materials/Red Theme/tile_laser_fx.mat
  artifactKey: Guid(1cb4b2a7137104caa8cba71ef2ad593c) Importer(2089858483,934ff659095e30574adcf32a4c2f97b5)
Start importing Assets/Materials/Red Theme/tile_laser_fx.mat using Guid(1cb4b2a7137104caa8cba71ef2ad593c) Importer(2089858483,934ff659095e30574adcf32a4c2f97b5)  -> (artifact id: '854678177a2c9ac18250ccd2370e06aa') in 0.004740 seconds 
========================================================================
Received Import Request.
  Time since last request: 0.000201 seconds.
  path: Assets/Materials/Red Theme/Switch_Active.mat
  artifactKey: Guid(5fea840fa27be40e583ce0920fd856fb) Importer(2089858483,934ff659095e30574adcf32a4c2f97b5)
Start importing Assets/Materials/Red Theme/Switch_Active.mat using Guid(5fea840fa27be40e583ce0920fd856fb) Importer(2089858483,934ff659095e30574adcf32a4c2f97b5)  -> (artifact id: 'cf0e33f012ef9a1206e9c756f013feaa') in 0.004093 seconds 
========================================================================
Received Import Request.
  Time since last request: 0.000186 seconds.
  path: Assets/Materials/Red Theme/Red Cubes.mat
  artifactKey: Guid(4c7624ae4a2d246108af3cb2c4d29a25) Importer(2089858483,934ff659095e30574adcf32a4c2f97b5)
Start importing Assets/Materials/Red Theme/Red Cubes.mat using Guid(4c7624ae4a2d246108af3cb2c4d29a25) Importer(2089858483,934ff659095e30574adcf32a4c2f97b5)  -> (artifact id: '5620224bde971b9b4af797f1d913deca') in 0.004232 seconds 
========================================================================
Received Import Request.
  Time since last request: 12.084303 seconds.
  path: Assets/Materials/VFX/600px-Checkerboard_pattern.svg.mat
  artifactKey: Guid(4b4b762e16bf34c97beaa8910258a52e) Importer(2089858483,934ff659095e30574adcf32a4c2f97b5)
Start importing Assets/Materials/VFX/600px-Checkerboard_pattern.svg.mat using Guid(4b4b762e16bf34c97beaa8910258a52e) Importer(2089858483,934ff659095e30574adcf32a4c2f97b5)  -> (artifact id: 'b1d58d6bab3c3cd32b7d649f037ebbd7') in 0.006248 seconds 
========================================================================
Received Import Request.
  Time since last request: 0.000277 seconds.
  path: Assets/Materials/VFX/SpeechBubble.mat
  artifactKey: Guid(c79262db7b5fc4ad8ab828bb42ce3f92) Importer(2089858483,934ff659095e30574adcf32a4c2f97b5)
Start importing Assets/Materials/VFX/SpeechBubble.mat using Guid(c79262db7b5fc4ad8ab828bb42ce3f92) Importer(2089858483,934ff659095e30574adcf32a4c2f97b5)  -> (artifact id: 'ddf65eac404aa04b5dfe5e42c7a8238c') in 0.004610 seconds 
========================================================================
Received Import Request.
  Time since last request: 6.925288 seconds.
  path: Assets/Materials/Soft Theme/dirt.mat
  artifactKey: Guid(e09eb133333d345c2afac0def27b24bc) Importer(815301076,1909f56bfc062723c751e8b465ee728b)
Start importing Assets/Materials/Soft Theme/dirt.mat using Guid(e09eb133333d345c2afac0def27b24bc) Importer(815301076,1909f56bfc062723c751e8b465ee728b)  -> (artifact id: 'f086085a3dfb7701d4cff7616922e42d') in 0.078210 seconds 
========================================================================
Received Import Request.
  Time since last request: 0.000219 seconds.
  path: Assets/Materials/Soft Theme/New Material.mat
  artifactKey: Guid(c777586b186fc4118a3aaf01609f6c3f) Importer(815301076,1909f56bfc062723c751e8b465ee728b)
Start importing Assets/Materials/Soft Theme/New Material.mat using Guid(c777586b186fc4118a3aaf01609f6c3f) Importer(815301076,1909f56bfc062723c751e8b465ee728b)  -> (artifact id: 'a5857855eb027324aff741f72a50a43d') in 0.006897 seconds 
========================================================================
Received Import Request.
  Time since last request: 0.000276 seconds.
  path: Assets/Materials/Soft Theme/PhysicsObject.mat
  artifactKey: Guid(cdca80e14cffd174ab56defd7f2479d6) Importer(815301076,1909f56bfc062723c751e8b465ee728b)
Start importing Assets/Materials/Soft Theme/PhysicsObject.mat using Guid(cdca80e14cffd174ab56defd7f2479d6) Importer(815301076,1909f56bfc062723c751e8b465ee728b)  -> (artifact id: '476e92f757877e290079e08a9bf04b74') in 0.006877 seconds 
========================================================================
Received Import Request.
  Time since last request: 0.000303 seconds.
  path: Assets/Materials/Soft Theme/Floor.mat
  artifactKey: Guid(716e5cdf292344b43af3cd543781da35) Importer(815301076,1909f56bfc062723c751e8b465ee728b)
Start importing Assets/Materials/Soft Theme/Floor.mat using Guid(716e5cdf292344b43af3cd543781da35) Importer(815301076,1909f56bfc062723c751e8b465ee728b)  -> (artifact id: '378ee9daa4a60457b780294696864e9e') in 0.008170 seconds 
========================================================================
Received Import Request.
  Time since last request: 0.000200 seconds.
  path: Assets/Materials/Soft Theme/Purple.mat
  artifactKey: Guid(9d6116ae6c7b64f2ba5f921a2aefcfa1) Importer(815301076,1909f56bfc062723c751e8b465ee728b)
Start importing Assets/Materials/Soft Theme/Purple.mat using Guid(9d6116ae6c7b64f2ba5f921a2aefcfa1) Importer(815301076,1909f56bfc062723c751e8b465ee728b)  -> (artifact id: '8a6d002d1699aac6e234996e9a4b5c5d') in 0.063680 seconds 
========================================================================
Received Import Request.
  Time since last request: 0.000237 seconds.
  path: Assets/Materials/Soft Theme/Sphere.mat
  artifactKey: Guid(8dce7b48e22f2624ab20914e69f1ecaa) Importer(815301076,1909f56bfc062723c751e8b465ee728b)
Start importing Assets/Materials/Soft Theme/Sphere.mat using Guid(8dce7b48e22f2624ab20914e69f1ecaa) Importer(815301076,1909f56bfc062723c751e8b465ee728b)  -> (artifact id: '7e0d268c9e890b04d1b509aecb97a31b') in 0.007600 seconds 
========================================================================
Received Import Request.
  Time since last request: 0.000187 seconds.
  path: Assets/Materials/Soft Theme/Floor Red.mat
  artifactKey: Guid(04ac05086fbe84cf08cdfc05a5b20427) Importer(815301076,1909f56bfc062723c751e8b465ee728b)
Start importing Assets/Materials/Soft Theme/Floor Red.mat using Guid(04ac05086fbe84cf08cdfc05a5b20427) Importer(815301076,1909f56bfc062723c751e8b465ee728b)  -> (artifact id: 'ef4f4cef75ae92fee2f2866cb444c4ac') in 0.006789 seconds 
========================================================================
Received Import Request.
  Time since last request: 0.000196 seconds.
  path: Assets/Materials/Soft Theme/Ramp.mat
  artifactKey: Guid(0ff354db5a5332e468cb9ee069293c93) Importer(815301076,1909f56bfc062723c751e8b465ee728b)
Start importing Assets/Materials/Soft Theme/Ramp.mat using Guid(0ff354db5a5332e468cb9ee069293c93) Importer(815301076,1909f56bfc062723c751e8b465ee728b)  -> (artifact id: 'b504fcec1c5e78b19891228a7abea586') in 0.006848 seconds 
========================================================================
Received Import Request.
  Time since last request: 0.029915 seconds.
  path: Assets/Materials/Soft Theme/Sphere.mat
  artifactKey: Guid(8dce7b48e22f2624ab20914e69f1ecaa) Importer(2089858483,934ff659095e30574adcf32a4c2f97b5)
Start importing Assets/Materials/Soft Theme/Sphere.mat using Guid(8dce7b48e22f2624ab20914e69f1ecaa) Importer(2089858483,934ff659095e30574adcf32a4c2f97b5)  -> (artifact id: '52a0ef3de946f1ba48bf93cba15597da') in 0.004117 seconds 
========================================================================
Received Import Request.
  Time since last request: 56.724618 seconds.
  path: Assets/Materials/Soft Theme/Floor Green Light.mat
  artifactKey: Guid(8c22ab07617494354b561ad80ba0c169) Importer(815301076,1909f56bfc062723c751e8b465ee728b)
Start importing Assets/Materials/Soft Theme/Floor Green Light.mat using Guid(8c22ab07617494354b561ad80ba0c169) Importer(815301076,1909f56bfc062723c751e8b465ee728b)  -> (artifact id: 'b601fbe5860ba226372bf8793c52f93c') in 0.009351 seconds 
========================================================================
Received Import Request.
  Time since last request: 0.000233 seconds.
  path: Assets/Materials/Soft Theme/Wall Green.mat
  artifactKey: Guid(676aedc58ef6744be87e7917aaa59bac) Importer(815301076,1909f56bfc062723c751e8b465ee728b)
Start importing Assets/Materials/Soft Theme/Wall Green.mat using Guid(676aedc58ef6744be87e7917aaa59bac) Importer(815301076,1909f56bfc062723c751e8b465ee728b)  -> (artifact id: 'e100ec3f9e7d2e5da765c42f6c4359fe') in 0.007930 seconds 
========================================================================
Received Import Request.
  Time since last request: 0.846032 seconds.
  path: Assets/Demo00_Test_SO/Art/FloorBgPurple.mat
  artifactKey: Guid(a2370ab0c1c6f4844b565a4c0a5d9910) Importer(2089858483,934ff659095e30574adcf32a4c2f97b5)
Start importing Assets/Demo00_Test_SO/Art/FloorBgPurple.mat using Guid(a2370ab0c1c6f4844b565a4c0a5d9910) Importer(2089858483,934ff659095e30574adcf32a4c2f97b5)  -> (artifact id: '8a53a08b7ba74193c64edead0349c577') in 0.007693 seconds 
========================================================================
Received Import Request.
  Time since last request: 0.000218 seconds.
  path: Assets/Materials/Purple Theme/Prop Orange.mat
  artifactKey: Guid(1fca112fb4e164715878ae21221a5528) Importer(2089858483,934ff659095e30574adcf32a4c2f97b5)
Start importing Assets/Materials/Purple Theme/Prop Orange.mat using Guid(1fca112fb4e164715878ae21221a5528) Importer(2089858483,934ff659095e30574adcf32a4c2f97b5)  -> (artifact id: 'f2b0d52aa0f41210b672d9d37e850b54') in 0.004492 seconds 
========================================================================
Received Import Request.
  Time since last request: 0.000258 seconds.
  path: Assets/Materials/Purple Theme/Floor Purple.mat
  artifactKey: Guid(f2f81ed84f30549888f359cc9132443e) Importer(2089858483,934ff659095e30574adcf32a4c2f97b5)
Start importing Assets/Materials/Purple Theme/Floor Purple.mat using Guid(f2f81ed84f30549888f359cc9132443e) Importer(2089858483,934ff659095e30574adcf32a4c2f97b5)  -> (artifact id: '5f7accab6f17d748b01ce3614c3ddd94') in 0.004331 seconds 
========================================================================
Received Import Request.
  Time since last request: 0.000265 seconds.
  path: Assets/Materials/Purple Theme/Helicopter Purple.mat
  artifactKey: Guid(bd31e5ec7967e4fc0af0f30173170c33) Importer(2089858483,934ff659095e30574adcf32a4c2f97b5)
Start importing Assets/Materials/Purple Theme/Helicopter Purple.mat using Guid(bd31e5ec7967e4fc0af0f30173170c33) Importer(2089858483,934ff659095e30574adcf32a4c2f97b5)  -> (artifact id: '23f6a605eca7a60a116213b9515f859d') in 0.005236 seconds 
========================================================================
Received Import Request.
  Time since last request: 0.000199 seconds.
  path: Assets/Materials/VFX/600px-Checkerboard_pattern.svg.mat
  artifactKey: Guid(4b4b762e16bf34c97beaa8910258a52e) Importer(2089858483,934ff659095e30574adcf32a4c2f97b5)
Start importing Assets/Materials/VFX/600px-Checkerboard_pattern.svg.mat using Guid(4b4b762e16bf34c97beaa8910258a52e) Importer(2089858483,934ff659095e30574adcf32a4c2f97b5)  -> (artifact id: 'f37b9702fd7d137d209db85f30c7abb9') in 0.006617 seconds 
========================================================================
Received Import Request.
  Time since last request: 0.000238 seconds.
  path: Assets/Materials/Soft Theme/Floor Green Light.mat
  artifactKey: Guid(8c22ab07617494354b561ad80ba0c169) Importer(2089858483,934ff659095e30574adcf32a4c2f97b5)
Start importing Assets/Materials/Soft Theme/Floor Green Light.mat using Guid(8c22ab07617494354b561ad80ba0c169) Importer(2089858483,934ff659095e30574adcf32a4c2f97b5)  -> (artifact id: 'e94ca9c8e83e5e729a7075fabe781ef9') in 0.004632 seconds 
========================================================================
Received Import Request.
  Time since last request: 0.000195 seconds.
  path: Assets/Demo00_Test_SO/Level008.unity
  artifactKey: Guid(c568aa857875b49b59599f3a573fb9dd) Importer(2089858483,934ff659095e30574adcf32a4c2f97b5)
Start importing Assets/Demo00_Test_SO/Level008.unity using Guid(c568aa857875b49b59599f3a573fb9dd) Importer(2089858483,934ff659095e30574adcf32a4c2f97b5)  -> (artifact id: '6cd271090bb85f4e37946a3ca6dfbb24') in 0.003074 seconds 
========================================================================
Received Import Request.
  Time since last request: 0.000179 seconds.
  path: Assets/Materials/Purple Theme/Wall Light Purple.mat
  artifactKey: Guid(bdf7ae55772794e7a94cbdefdb710d03) Importer(2089858483,934ff659095e30574adcf32a4c2f97b5)
Start importing Assets/Materials/Purple Theme/Wall Light Purple.mat using Guid(bdf7ae55772794e7a94cbdefdb710d03) Importer(2089858483,934ff659095e30574adcf32a4c2f97b5)  -> (artifact id: 'bb679103c8d6d82530b5c46434b235b4') in 0.006462 seconds 
========================================================================
Received Import Request.
  Time since last request: 0.000222 seconds.
  path: Assets/Demo00_Test_SO/Art/FloorBgPurple 1.mat
  artifactKey: Guid(208547841ebc94df29db57a301209cf4) Importer(2089858483,934ff659095e30574adcf32a4c2f97b5)
Start importing Assets/Demo00_Test_SO/Art/FloorBgPurple 1.mat using Guid(208547841ebc94df29db57a301209cf4) Importer(2089858483,934ff659095e30574adcf32a4c2f97b5)  -> (artifact id: 'ee7daa109f7ff3ff32917ca73f801490') in 0.003923 seconds 
========================================================================
Received Import Request.
  Time since last request: 0.000282 seconds.
  path: Assets/Materials/Soft Theme/Wall Green.mat
  artifactKey: Guid(676aedc58ef6744be87e7917aaa59bac) Importer(2089858483,934ff659095e30574adcf32a4c2f97b5)
Start importing Assets/Materials/Soft Theme/Wall Green.mat using Guid(676aedc58ef6744be87e7917aaa59bac) Importer(2089858483,934ff659095e30574adcf32a4c2f97b5)  -> (artifact id: 'eb003c1085e5126fed04af44c613fb9c') in 0.004057 seconds 
========================================================================
Received Import Request.
  Time since last request: 0.000168 seconds.
  path: Assets/Materials/Purple Theme/Floor Purple Dark.mat
  artifactKey: Guid(860c163af678a414d8aa4752a297f88f) Importer(2089858483,934ff659095e30574adcf32a4c2f97b5)
Start importing Assets/Materials/Purple Theme/Floor Purple Dark.mat using Guid(860c163af678a414d8aa4752a297f88f) Importer(2089858483,934ff659095e30574adcf32a4c2f97b5)  -> (artifact id: '0985a70d1dbbf1e70bc754a952854f51') in 0.004295 seconds 
========================================================================
Received Import Request.
  Time since last request: 79.980682 seconds.
  path: Assets/Materials/Soft Theme/New Material.mat
  artifactKey: Guid(c777586b186fc4118a3aaf01609f6c3f) Importer(815301076,1909f56bfc062723c751e8b465ee728b)
Start importing Assets/Materials/Soft Theme/New Material.mat using Guid(c777586b186fc4118a3aaf01609f6c3f) Importer(815301076,1909f56bfc062723c751e8b465ee728b)  -> (artifact id: 'd58f0520b651767a3910e2a3fcedc659') in 0.029606 seconds 
========================================================================
Received Import Request.
  Time since last request: 0.916451 seconds.
  path: Assets/Materials/Soft Theme/New Material.mat
  artifactKey: Guid(c777586b186fc4118a3aaf01609f6c3f) Importer(2089858483,934ff659095e30574adcf32a4c2f97b5)
Start importing Assets/Materials/Soft Theme/New Material.mat using Guid(c777586b186fc4118a3aaf01609f6c3f) Importer(2089858483,934ff659095e30574adcf32a4c2f97b5)  -> (artifact id: '7926b5f952186e53b63b658221d9ccfe') in 0.005496 seconds 
========================================================================
Received Import Request.
  Time since last request: 0.000251 seconds.
  path: Assets/Demo00_Test_SO/Level008.unity
  artifactKey: Guid(c568aa857875b49b59599f3a573fb9dd) Importer(2089858483,934ff659095e30574adcf32a4c2f97b5)
Start importing Assets/Demo00_Test_SO/Level008.unity using Guid(c568aa857875b49b59599f3a573fb9dd) Importer(2089858483,934ff659095e30574adcf32a4c2f97b5)  -> (artifact id: '15c9e3f5ddf519311e00a78b61505de3') in 0.006856 seconds 
========================================================================
Received Import Request.
  Time since last request: 83.945967 seconds.
  path: Assets/VoodooPackages/SliderRamp/Demo/Materials/Gem.mat
  artifactKey: Guid(7aa9b3c2a14b34287ab3af910b5f5572) Importer(815301076,1909f56bfc062723c751e8b465ee728b)
Start importing Assets/VoodooPackages/SliderRamp/Demo/Materials/Gem.mat using Guid(7aa9b3c2a14b34287ab3af910b5f5572) Importer(815301076,1909f56bfc062723c751e8b465ee728b)  -> (artifact id: '8db31026a753a160bc6579d29e4bd1ef') in 1.416905 seconds 
========================================================================
Received Import Request.
  Time since last request: 0.000263 seconds.
  path: Assets/VoodooPackages/SliderRamp/Demo/Materials/SliderRampSpecularRimReplaceColor.mat
  artifactKey: Guid(e78a7c277dccb4af9882214547f99b0d) Importer(815301076,1909f56bfc062723c751e8b465ee728b)
Start importing Assets/VoodooPackages/SliderRamp/Demo/Materials/SliderRampSpecularRimReplaceColor.mat using Guid(e78a7c277dccb4af9882214547f99b0d) Importer(815301076,1909f56bfc062723c751e8b465ee728b)  -> (artifact id: '5a837fc40acfc6800c95d2d6c25400e2') in 0.288958 seconds 
========================================================================
Received Import Request.
  Time since last request: 0.000266 seconds.
  path: Assets/VoodooPackages/SliderRamp/Demo/Materials/SliderRampSpecRimNormal.mat
  artifactKey: Guid(93f4ebfc994a941beaa8b91c4827dd56) Importer(815301076,1909f56bfc062723c751e8b465ee728b)
Start importing Assets/VoodooPackages/SliderRamp/Demo/Materials/SliderRampSpecRimNormal.mat using Guid(93f4ebfc994a941beaa8b91c4827dd56) Importer(815301076,1909f56bfc062723c751e8b465ee728b)  -> (artifact id: 'a5a9aba52659e95b3bc359c179772339') in 0.545676 seconds 
========================================================================
Received Import Request.
  Time since last request: 0.000270 seconds.
  path: Assets/VoodooPackages/SliderRamp/Demo/Materials/SliderRampSpecularTexture.mat
  artifactKey: Guid(2272620bf05074226b1112a2b1058981) Importer(815301076,1909f56bfc062723c751e8b465ee728b)
Start importing Assets/VoodooPackages/SliderRamp/Demo/Materials/SliderRampSpecularTexture.mat using Guid(2272620bf05074226b1112a2b1058981) Importer(815301076,1909f56bfc062723c751e8b465ee728b)  -> (artifact id: 'bf8e18bce498bdd1b1681fde4ea4f211') in 0.370545 seconds 
========================================================================
Received Import Request.
  Time since last request: 0.000270 seconds.
  path: Assets/VoodooPackages/SliderRamp/Demo/Materials/Metalic.mat
  artifactKey: Guid(3381856dc1e1d4f0fa6159ef58228bf4) Importer(815301076,1909f56bfc062723c751e8b465ee728b)
Start importing Assets/VoodooPackages/SliderRamp/Demo/Materials/Metalic.mat using Guid(3381856dc1e1d4f0fa6159ef58228bf4) Importer(815301076,1909f56bfc062723c751e8b465ee728b)  -> (artifact id: '6a1fa0e3f12030170551e1825d060e91') in 0.382515 seconds 
========================================================================
Received Import Request.
  Time since last request: 0.000200 seconds.
  path: Assets/VoodooPackages/SliderRamp/Demo/Materials/SliderRampCutoutDoubleSided.mat
  artifactKey: Guid(456d8ec8f0b60442193319eaf604f93f) Importer(815301076,1909f56bfc062723c751e8b465ee728b)
Start importing Assets/VoodooPackages/SliderRamp/Demo/Materials/SliderRampCutoutDoubleSided.mat using Guid(456d8ec8f0b60442193319eaf604f93f) Importer(815301076,1909f56bfc062723c751e8b465ee728b)  -> (artifact id: 'c79f50867212cd1c3c5d3689b6fde580') in 0.351716 seconds 
========================================================================
Received Import Request.
  Time since last request: 0.000232 seconds.
  path: Assets/VoodooPackages/SliderRamp/Demo/Materials/SliderRampMultiTexture.mat
  artifactKey: Guid(eaa233723e9434f4eaf48393d282c995) Importer(815301076,1909f56bfc062723c751e8b465ee728b)
Start importing Assets/VoodooPackages/SliderRamp/Demo/Materials/SliderRampMultiTexture.mat using Guid(eaa233723e9434f4eaf48393d282c995) Importer(815301076,1909f56bfc062723c751e8b465ee728b)  -> (artifact id: '45b6cadd5fd608a93e570dd91223fe80') in 0.606103 seconds 
========================================================================
Received Import Request.
  Time since last request: 0.000436 seconds.
  path: Assets/VoodooPackages/SliderRamp/Demo/Materials/GrassGround.mat
  artifactKey: Guid(b6c5fee5e8e5142c788359e7c9fcb4d9) Importer(815301076,1909f56bfc062723c751e8b465ee728b)
Start importing Assets/VoodooPackages/SliderRamp/Demo/Materials/GrassGround.mat using Guid(b6c5fee5e8e5142c788359e7c9fcb4d9) Importer(815301076,1909f56bfc062723c751e8b465ee728b)  -> (artifact id: 'f12bfb96f7c8acebe95fc8fe85e72496') in 0.007353 seconds 
========================================================================
Received Import Request.
  Time since last request: 0.000256 seconds.
  path: Assets/VoodooPackages/SliderRamp/Demo/Materials/SliderRampReplaceShadowColor.mat
  artifactKey: Guid(b77fec2d1179446c7a0ad3c6f91f7468) Importer(815301076,1909f56bfc062723c751e8b465ee728b)
Start importing Assets/VoodooPackages/SliderRamp/Demo/Materials/SliderRampReplaceShadowColor.mat using Guid(b77fec2d1179446c7a0ad3c6f91f7468) Importer(815301076,1909f56bfc062723c751e8b465ee728b)  -> (artifact id: '32f40d1b223d4bcac201afb7dcd0675b') in 0.220025 seconds 
========================================================================
Received Import Request.
  Time since last request: 0.000269 seconds.
  path: Assets/VoodooPackages/SliderRamp/Demo/Materials/SliderRampDissolve.mat
  artifactKey: Guid(d45c4e453c3f343db9673ec741357f09) Importer(815301076,1909f56bfc062723c751e8b465ee728b)
Start importing Assets/VoodooPackages/SliderRamp/Demo/Materials/SliderRampDissolve.mat using Guid(d45c4e453c3f343db9673ec741357f09) Importer(815301076,1909f56bfc062723c751e8b465ee728b)  -> (artifact id: '4b2978fcebaf717398b981d6ead617df') in 0.357915 seconds 
========================================================================
Received Import Request.
  Time since last request: 0.000260 seconds.
  path: Assets/VoodooPackages/SliderRamp/Demo/Materials/SliderRamp Light.mat
  artifactKey: Guid(f4cb11876e1e0421e86f83a7a70a4c7b) Importer(815301076,1909f56bfc062723c751e8b465ee728b)
Start importing Assets/VoodooPackages/SliderRamp/Demo/Materials/SliderRamp Light.mat using Guid(f4cb11876e1e0421e86f83a7a70a4c7b) Importer(815301076,1909f56bfc062723c751e8b465ee728b)  -> (artifact id: 'ad9f09d155deffb86a1663aec8d464da') in 0.007463 seconds 
========================================================================
Received Import Request.
  Time since last request: 0.000260 seconds.
  path: Assets/VoodooPackages/SliderRamp/Demo/Materials/SliderRampSpecularDoubleSided.mat
  artifactKey: Guid(2770dfc37e2094a09b753fe50ffcd1b0) Importer(815301076,1909f56bfc062723c751e8b465ee728b)
Start importing Assets/VoodooPackages/SliderRamp/Demo/Materials/SliderRampSpecularDoubleSided.mat using Guid(2770dfc37e2094a09b753fe50ffcd1b0) Importer(815301076,1909f56bfc062723c751e8b465ee728b)  -> (artifact id: '8532e78cc000b1efa8df2376b79331df') in 0.183814 seconds 
========================================================================
Received Import Request.
  Time since last request: 0.000210 seconds.
  path: Assets/VoodooPackages/SliderRamp/Demo/Materials/SliderRampDoubleSided.mat
  artifactKey: Guid(be542179459af4f0793431e2a5b2eaa6) Importer(815301076,1909f56bfc062723c751e8b465ee728b)
Start importing Assets/VoodooPackages/SliderRamp/Demo/Materials/SliderRampDoubleSided.mat using Guid(be542179459af4f0793431e2a5b2eaa6) Importer(815301076,1909f56bfc062723c751e8b465ee728b)  -> (artifact id: '70581fb70fccf1e925b90d9bce2ecd9e') in 0.033864 seconds 
========================================================================
Received Import Request.
  Time since last request: 0.000269 seconds.
  path: Assets/VoodooPackages/SliderRamp/Demo/Materials/SliderRamp.mat
  artifactKey: Guid(f44be5b74dff742d59170389d6408b5a) Importer(815301076,1909f56bfc062723c751e8b465ee728b)
Start importing Assets/VoodooPackages/SliderRamp/Demo/Materials/SliderRamp.mat using Guid(f44be5b74dff742d59170389d6408b5a) Importer(815301076,1909f56bfc062723c751e8b465ee728b)  -> (artifact id: 'ddf75594d11aad68bd322212e09eb840') in 0.006729 seconds 
========================================================================
Received Import Request.
  Time since last request: 0.000202 seconds.
  path: Assets/VoodooPackages/SliderRamp/Demo/Materials/SliderRampSilhouette.mat
  artifactKey: Guid(9ad318d48f57745659c5852c987861b2) Importer(815301076,1909f56bfc062723c751e8b465ee728b)
Start importing Assets/VoodooPackages/SliderRamp/Demo/Materials/SliderRampSilhouette.mat using Guid(9ad318d48f57745659c5852c987861b2) Importer(815301076,1909f56bfc062723c751e8b465ee728b)  -> (artifact id: 'eace472d0b8da55a964752a4120f23c9') in 0.278881 seconds 
========================================================================
Received Import Request.
  Time since last request: 0.000284 seconds.
  path: Assets/VoodooPackages/SliderRamp/Demo/Materials/SpriteAdditive.mat
  artifactKey: Guid(cb611acb0b89042f4a00accd675e4bae) Importer(815301076,1909f56bfc062723c751e8b465ee728b)
Start importing Assets/VoodooPackages/SliderRamp/Demo/Materials/SpriteAdditive.mat using Guid(cb611acb0b89042f4a00accd675e4bae) Importer(815301076,1909f56bfc062723c751e8b465ee728b)  -> (artifact id: 'fb317065c182e43cada3d8faba583a50') in 0.147722 seconds 
========================================================================
Received Import Request.
  Time since last request: 0.000163 seconds.
  path: Assets/VoodooPackages/SliderRamp/Demo/Materials/SliderRampSpecularRim.mat
  artifactKey: Guid(e96ed69f2803e4bfa8c32b22c705445d) Importer(815301076,1909f56bfc062723c751e8b465ee728b)
Start importing Assets/VoodooPackages/SliderRamp/Demo/Materials/SliderRampSpecularRim.mat using Guid(e96ed69f2803e4bfa8c32b22c705445d) Importer(815301076,1909f56bfc062723c751e8b465ee728b)  -> (artifact id: '192936db9b36c83148ffd489e2b64b32') in 0.035514 seconds 
========================================================================
Received Import Request.
  Time since last request: 0.000268 seconds.
  path: Assets/VoodooPackages/SliderRamp/Demo/Materials/SliderRampSpecular.mat
  artifactKey: Guid(7162d86f0c52d4e72b1d5fd0fd607b3d) Importer(815301076,1909f56bfc062723c751e8b465ee728b)
Start importing Assets/VoodooPackages/SliderRamp/Demo/Materials/SliderRampSpecular.mat using Guid(7162d86f0c52d4e72b1d5fd0fd607b3d) Importer(815301076,1909f56bfc062723c751e8b465ee728b)  -> (artifact id: '7b851aad8d5d63aba758f5373b955020') in 0.166055 seconds 
========================================================================
Received Import Request.
  Time since last request: 321.269322 seconds.
  path: Assets/Demo00_Test_SO/Level008.unity
  artifactKey: Guid(c568aa857875b49b59599f3a573fb9dd) Importer(2089858483,934ff659095e30574adcf32a4c2f97b5)
Start importing Assets/Demo00_Test_SO/Level008.unity using Guid(c568aa857875b49b59599f3a573fb9dd) Importer(2089858483,934ff659095e30574adcf32a4c2f97b5)  -> (artifact id: '486c310750d7124e9ed553662ec8a560') in 0.010255 seconds 
========================================================================
Received Import Request.
  Time since last request: 76.897471 seconds.
  path: Assets/Demo00_Test_SO/Prefabs/glassplate-broken.prefab
  artifactKey: Guid(c73d255caea5046d1a40beff6fdaf49a) Importer(815301076,1909f56bfc062723c751e8b465ee728b)
Start importing Assets/Demo00_Test_SO/Prefabs/glassplate-broken.prefab using Guid(c73d255caea5046d1a40beff6fdaf49a) Importer(815301076,1909f56bfc062723c751e8b465ee728b)  -> (artifact id: '873147d39255ba0ecc569f65a8b43050') in 0.841246 seconds 
========================================================================
Received Import Request.
  Time since last request: 0.000275 seconds.
  path: Assets/Demo00_Test_SO/Prefabs/glassplate.prefab
  artifactKey: Guid(866c83c4300c6420e814815268f8ffcb) Importer(815301076,1909f56bfc062723c751e8b465ee728b)
Start importing Assets/Demo00_Test_SO/Prefabs/glassplate.prefab using Guid(866c83c4300c6420e814815268f8ffcb) Importer(815301076,1909f56bfc062723c751e8b465ee728b)  -> (artifact id: '65d97799a10c4753fc5d897a13708927') in 0.069332 seconds 
========================================================================
Received Import Request.
  Time since last request: 5.472678 seconds.
  path: Assets/Demo00_Test_SO/Prefabs/Glassplate.prefab
  artifactKey: Guid(866c83c4300c6420e814815268f8ffcb) Importer(815301076,1909f56bfc062723c751e8b465ee728b)
Start importing Assets/Demo00_Test_SO/Prefabs/Glassplate.prefab using Guid(866c83c4300c6420e814815268f8ffcb) Importer(815301076,1909f56bfc062723c751e8b465ee728b)  -> (artifact id: '74f7ff2573ee3de8000e8b5c8d0bc277') in 0.016832 seconds 
========================================================================
Received Import Request.
  Time since last request: 0.900639 seconds.
  path: Assets/Demo00_Test_SO/Prefabs/Glassplate.prefab
  artifactKey: Guid(866c83c4300c6420e814815268f8ffcb) Importer(2089858483,934ff659095e30574adcf32a4c2f97b5)
Start importing Assets/Demo00_Test_SO/Prefabs/Glassplate.prefab using Guid(866c83c4300c6420e814815268f8ffcb) Importer(2089858483,934ff659095e30574adcf32a4c2f97b5)  -> (artifact id: '1dcb8bf0325fe82e782f1f56013c7ce6') in 0.008082 seconds 
========================================================================
Received Import Request.
  Time since last request: 24.012908 seconds.
  path: Assets/Demo00_Test_SO/Level008.unity
  artifactKey: Guid(c568aa857875b49b59599f3a573fb9dd) Importer(2089858483,934ff659095e30574adcf32a4c2f97b5)
Start importing Assets/Demo00_Test_SO/Level008.unity using Guid(c568aa857875b49b59599f3a573fb9dd) Importer(2089858483,934ff659095e30574adcf32a4c2f97b5)  -> (artifact id: 'f65b97c4bf4d0e1cedb3c0ba1529dc6a') in 0.004712 seconds 
========================================================================
Received Prepare
Registering precompiled user dll's ...
Registered in 0.672530 seconds.
Begin MonoManager ReloadAssembly
Native extension for OSXStandalone target not found
Native extension for WebGL target not found
Refreshing native plugins compatible for Editor in 1.33 ms, found 4 plugins.
Preloading 0 native plugins for Editor in 0.00 ms.
Mono: successfully reloaded assembly
- Completed reload, in  1.460 seconds
Domain Reload Profiling:
	ReloadAssembly (1485ms)
		BeginReloadAssembly (244ms)
			ExecutionOrderSort (0ms)
			DisableScriptedObjects (7ms)
			BackupInstance (0ms)
			ReleaseScriptingObjects (0ms)
			CreateAndSetChildDomain (118ms)
		EndReloadAssembly (1180ms)
			LoadAssemblies (82ms)
			RebuildTransferFunctionScriptingTraits (0ms)
			SetupTypeCache (446ms)
			ReleaseScriptCaches (1ms)
			RebuildScriptCaches (56ms)
			SetupLoadedEditorAssemblies (485ms)
				LogAssemblyErrors (0ms)
				InitializePlatformSupportModulesInManaged (6ms)
				SetLoadedEditorAssemblies (1ms)
				RefreshPlugins (1ms)
				BeforeProcessingInitializeOnLoad (45ms)
				ProcessInitializeOnLoadAttributes (371ms)
				ProcessInitializeOnLoadMethodAttributes (60ms)
				AfterProcessingInitializeOnLoad (1ms)
				EditorAssembliesLoaded (0ms)
			ExecutionOrderSort2 (0ms)
			AwakeInstancesAfterBackupRestoration (5ms)
Platform modules already initialized, skipping
Refreshing native plugins compatible for Editor in 1.25 ms, found 4 plugins.
Preloading 0 native plugins for Editor in 0.00 ms.
Unloading 3085 Unused Serialized files (Serialized files now loaded: 0)
System memory in use before: 347.3 MB.
System memory in use after: 347.5 MB.

Unloading 94 unused Assets to reduce memory usage. Loaded Objects now: 3690.
Total: 5.898425 ms (FindLiveObjects: 0.262585 ms CreateObjectMapping: 0.147247 ms MarkObjects: 5.277257 ms  DeleteObjects: 0.210599 ms)

AssetImportParameters requested are different than current active one (requested -> active):
  custom:video-decoder-ogg-theora: a1e56fd34408186e4bbccfd4996cb3dc -> 
  custom:container-muxer-webm: aa71ff27fc2769a1b78a27578f13a17b -> 
  custom:container-demuxer-webm: 4f35f7cbe854078d1ac9338744f61a02 -> 
  custom:container-demuxer-ogg: 62fdf1f143b41e24485cea50d1cbac27 -> 
  custom:video-encoder-webm-vp8: eb34c28f22e8b96e1ab97ce403110664 -> 
  custom:framework-osx-AVFoundation: e770b220cccbd017edd2c1fefb359320 -> 
  custom:video-decoder-webm-vp8: 9c59270c3fd7afecdb556c50c9e8de78 -> 
  custom:audio-decoder-ogg-vorbis: bf7c407c2cedff20999df2af8eb42d56 -> 
  custom:audio-encoder-webm-vorbis: bf7c407c2cedff20999df2af8eb42d56 -> 
========================================================================
Received Prepare
Registering precompiled user dll's ...
Registered in 0.316921 seconds.
Begin MonoManager ReloadAssembly
Native extension for OSXStandalone target not found
Native extension for WebGL target not found
Refreshing native plugins compatible for Editor in 1.25 ms, found 4 plugins.
Preloading 0 native plugins for Editor in 0.00 ms.
Mono: successfully reloaded assembly
- Completed reload, in  1.952 seconds
Domain Reload Profiling:
	ReloadAssembly (1966ms)
		BeginReloadAssembly (234ms)
			ExecutionOrderSort (0ms)
			DisableScriptedObjects (10ms)
			BackupInstance (0ms)
			ReleaseScriptingObjects (1ms)
			CreateAndSetChildDomain (120ms)
		EndReloadAssembly (1668ms)
			LoadAssemblies (669ms)
			RebuildTransferFunctionScriptingTraits (0ms)
			SetupTypeCache (380ms)
			ReleaseScriptCaches (1ms)
			RebuildScriptCaches (57ms)
			SetupLoadedEditorAssemblies (450ms)
				LogAssemblyErrors (0ms)
				InitializePlatformSupportModulesInManaged (5ms)
				SetLoadedEditorAssemblies (1ms)
				RefreshPlugins (1ms)
				BeforeProcessingInitializeOnLoad (47ms)
				ProcessInitializeOnLoadAttributes (334ms)
				ProcessInitializeOnLoadMethodAttributes (61ms)
				AfterProcessingInitializeOnLoad (1ms)
				EditorAssembliesLoaded (0ms)
			ExecutionOrderSort2 (0ms)
			AwakeInstancesAfterBackupRestoration (5ms)
Platform modules already initialized, skipping
Refreshing native plugins compatible for Editor in 1.32 ms, found 4 plugins.
Preloading 0 native plugins for Editor in 0.00 ms.
Unloading 3084 Unused Serialized files (Serialized files now loaded: 0)
System memory in use before: 348.2 MB.
System memory in use after: 348.3 MB.

Unloading 93 unused Assets to reduce memory usage. Loaded Objects now: 3692.
Total: 6.125544 ms (FindLiveObjects: 0.277966 ms CreateObjectMapping: 0.136617 ms MarkObjects: 5.467409 ms  DeleteObjects: 0.242253 ms)

AssetImportParameters requested are different than current active one (requested -> active):
  custom:video-decoder-ogg-theora: a1e56fd34408186e4bbccfd4996cb3dc -> 
  custom:container-muxer-webm: aa71ff27fc2769a1b78a27578f13a17b -> 
  custom:container-demuxer-webm: 4f35f7cbe854078d1ac9338744f61a02 -> 
  custom:container-demuxer-ogg: 62fdf1f143b41e24485cea50d1cbac27 -> 
  custom:video-encoder-webm-vp8: eb34c28f22e8b96e1ab97ce403110664 -> 
  custom:framework-osx-AVFoundation: e770b220cccbd017edd2c1fefb359320 -> 
  custom:video-decoder-webm-vp8: 9c59270c3fd7afecdb556c50c9e8de78 -> 
  custom:audio-decoder-ogg-vorbis: bf7c407c2cedff20999df2af8eb42d56 -> 
  custom:audio-encoder-webm-vorbis: bf7c407c2cedff20999df2af8eb42d56 -> 
========================================================================
Received Import Request.
  Time since last request: 439.102496 seconds.
  path: Assets/Demo00_Test_SO/Prefabs/glassplate-broken.prefab
  artifactKey: Guid(c73d255caea5046d1a40beff6fdaf49a) Importer(815301076,1909f56bfc062723c751e8b465ee728b)
Start importing Assets/Demo00_Test_SO/Prefabs/glassplate-broken.prefab using Guid(c73d255caea5046d1a40beff6fdaf49a) Importer(815301076,1909f56bfc062723c751e8b465ee728b)  -> (artifact id: 'fe273200d4d12205f779eee430e63a00') in 0.173446 seconds 
========================================================================
Received Import Request.
  Time since last request: 63.592744 seconds.
  path: Assets/Demo00_Test_SO/Prefabs/glassplate-broken.prefab
  artifactKey: Guid(c73d255caea5046d1a40beff6fdaf49a) Importer(815301076,1909f56bfc062723c751e8b465ee728b)
Start importing Assets/Demo00_Test_SO/Prefabs/glassplate-broken.prefab using Guid(c73d255caea5046d1a40beff6fdaf49a) Importer(815301076,1909f56bfc062723c751e8b465ee728b)  -> (artifact id: '20d0d50f60f36aca3bc519fe3ff946c8') in 0.035361 seconds 
========================================================================
Received Import Request.
  Time since last request: 10.535423 seconds.
  path: Assets/Demo00_Test_SO/Prefabs/glassplate-broken.prefab
  artifactKey: Guid(c73d255caea5046d1a40beff6fdaf49a) Importer(815301076,1909f56bfc062723c751e8b465ee728b)
Start importing Assets/Demo00_Test_SO/Prefabs/glassplate-broken.prefab using Guid(c73d255caea5046d1a40beff6fdaf49a) Importer(815301076,1909f56bfc062723c751e8b465ee728b)  -> (artifact id: '402e4453eeef64f9ce634db39a0024d3') in 0.059236 seconds 
========================================================================
Received Prepare
Registering precompiled user dll's ...
Registered in 0.271696 seconds.
Begin MonoManager ReloadAssembly
Native extension for OSXStandalone target not found
Native extension for WebGL target not found
Refreshing native plugins compatible for Editor in 1.25 ms, found 4 plugins.
Preloading 0 native plugins for Editor in 0.00 ms.
Mono: successfully reloaded assembly
- Completed reload, in  1.754 seconds
Domain Reload Profiling:
	ReloadAssembly (1755ms)
		BeginReloadAssembly (146ms)
			ExecutionOrderSort (0ms)
			DisableScriptedObjects (6ms)
			BackupInstance (0ms)
			ReleaseScriptingObjects (0ms)
			CreateAndSetChildDomain (53ms)
		EndReloadAssembly (1549ms)
			LoadAssemblies (590ms)
			RebuildTransferFunctionScriptingTraits (0ms)
			SetupTypeCache (364ms)
			ReleaseScriptCaches (1ms)
			RebuildScriptCaches (56ms)
			SetupLoadedEditorAssemblies (427ms)
				LogAssemblyErrors (0ms)
				InitializePlatformSupportModulesInManaged (5ms)
				SetLoadedEditorAssemblies (0ms)
				RefreshPlugins (1ms)
				BeforeProcessingInitializeOnLoad (45ms)
				ProcessInitializeOnLoadAttributes (315ms)
				ProcessInitializeOnLoadMethodAttributes (60ms)
				AfterProcessingInitializeOnLoad (1ms)
				EditorAssembliesLoaded (0ms)
			ExecutionOrderSort2 (0ms)
			AwakeInstancesAfterBackupRestoration (5ms)
Platform modules already initialized, skipping
Refreshing native plugins compatible for Editor in 1.23 ms, found 4 plugins.
Preloading 0 native plugins for Editor in 0.00 ms.
Unloading 3084 Unused Serialized files (Serialized files now loaded: 0)
System memory in use before: 349.2 MB.
System memory in use after: 349.3 MB.

Unloading 93 unused Assets to reduce memory usage. Loaded Objects now: 3695.
Total: 5.524177 ms (FindLiveObjects: 0.231595 ms CreateObjectMapping: 0.135634 ms MarkObjects: 4.981697 ms  DeleteObjects: 0.174577 ms)

AssetImportParameters requested are different than current active one (requested -> active):
  custom:video-decoder-ogg-theora: a1e56fd34408186e4bbccfd4996cb3dc -> 
  custom:container-muxer-webm: aa71ff27fc2769a1b78a27578f13a17b -> 
  custom:container-demuxer-webm: 4f35f7cbe854078d1ac9338744f61a02 -> 
  custom:container-demuxer-ogg: 62fdf1f143b41e24485cea50d1cbac27 -> 
  custom:video-encoder-webm-vp8: eb34c28f22e8b96e1ab97ce403110664 -> 
  custom:framework-osx-AVFoundation: e770b220cccbd017edd2c1fefb359320 -> 
  custom:video-decoder-webm-vp8: 9c59270c3fd7afecdb556c50c9e8de78 -> 
  custom:audio-decoder-ogg-vorbis: bf7c407c2cedff20999df2af8eb42d56 -> 
  custom:audio-encoder-webm-vorbis: bf7c407c2cedff20999df2af8eb42d56 -> 
========================================================================
Received Prepare
Registering precompiled user dll's ...
Registered in 0.260958 seconds.
Begin MonoManager ReloadAssembly
Native extension for OSXStandalone target not found
Native extension for WebGL target not found
Refreshing native plugins compatible for Editor in 1.26 ms, found 4 plugins.
Preloading 0 native plugins for Editor in 0.00 ms.
Mono: successfully reloaded assembly
- Completed reload, in  2.134 seconds
Domain Reload Profiling:
	ReloadAssembly (2152ms)
		BeginReloadAssembly (341ms)
			ExecutionOrderSort (0ms)
			DisableScriptedObjects (8ms)
			BackupInstance (0ms)
			ReleaseScriptingObjects (0ms)
			CreateAndSetChildDomain (80ms)
		EndReloadAssembly (1749ms)
			LoadAssemblies (749ms)
			RebuildTransferFunctionScriptingTraits (0ms)
			SetupTypeCache (367ms)
			ReleaseScriptCaches (2ms)
			RebuildScriptCaches (56ms)
			SetupLoadedEditorAssemblies (460ms)
				LogAssemblyErrors (0ms)
				InitializePlatformSupportModulesInManaged (5ms)
				SetLoadedEditorAssemblies (0ms)
				RefreshPlugins (1ms)
				BeforeProcessingInitializeOnLoad (45ms)
				ProcessInitializeOnLoadAttributes (348ms)
				ProcessInitializeOnLoadMethodAttributes (59ms)
				AfterProcessingInitializeOnLoad (1ms)
				EditorAssembliesLoaded (0ms)
			ExecutionOrderSort2 (0ms)
			AwakeInstancesAfterBackupRestoration (5ms)
Platform modules already initialized, skipping
Refreshing native plugins compatible for Editor in 1.67 ms, found 4 plugins.
Preloading 0 native plugins for Editor in 0.00 ms.
Unloading 3084 Unused Serialized files (Serialized files now loaded: 0)
System memory in use before: 350.1 MB.
System memory in use after: 350.2 MB.

Unloading 93 unused Assets to reduce memory usage. Loaded Objects now: 3697.
Total: 5.693853 ms (FindLiveObjects: 0.255612 ms CreateObjectMapping: 0.128536 ms MarkObjects: 5.106000 ms  DeleteObjects: 0.203042 ms)

AssetImportParameters requested are different than current active one (requested -> active):
  custom:video-decoder-ogg-theora: a1e56fd34408186e4bbccfd4996cb3dc -> 
  custom:container-muxer-webm: aa71ff27fc2769a1b78a27578f13a17b -> 
  custom:container-demuxer-webm: 4f35f7cbe854078d1ac9338744f61a02 -> 
  custom:container-demuxer-ogg: 62fdf1f143b41e24485cea50d1cbac27 -> 
  custom:video-encoder-webm-vp8: eb34c28f22e8b96e1ab97ce403110664 -> 
  custom:framework-osx-AVFoundation: e770b220cccbd017edd2c1fefb359320 -> 
  custom:video-decoder-webm-vp8: 9c59270c3fd7afecdb556c50c9e8de78 -> 
  custom:audio-decoder-ogg-vorbis: bf7c407c2cedff20999df2af8eb42d56 -> 
  custom:audio-encoder-webm-vorbis: bf7c407c2cedff20999df2af8eb42d56 -> 
