Using pre-set license
Pro License: NO

 COMMAND LINE ARGUMENTS:
/Applications/Unity/Hub/Editor/2021.1.13f1/Unity.app/Contents/MacOS/Unity
-adb2
-batchMode
-noUpm
-name
AssetImportWorker36
-projectPath
/Users/barbarostombaz/Developer/runner-003
-logFile
Logs/AssetImportWorker36.log
-srvPort
49908
Successfully changed project path to: /Users/barbarostombaz/Developer/runner-003
/Users/barbarostombaz/Developer/runner-003
Using Asset Import Pipeline V2.
Refreshing native plugins compatible for Editor in 320.08 ms, found 4 plugins.
Preloading 0 native plugins for Editor in 0.00 ms.
Initialize engine version: 2021.1.13f1 (a03098edbbe0)
[Subsystems] Discovering subsystems at path /Applications/Unity/Hub/Editor/2021.1.13f1/Unity.app/Contents/Resources/UnitySubsystems
[Subsystems] Discovering subsystems at path /Users/barbarostombaz/Developer/runner-003/Assets
GfxDevice: creating device client; threaded=0; jobified=0
2021-10-02 12:51:10.472 Unity[1678:39473] iMac preferred device: AMD Radeon Pro 575X (high power)
2021-10-02 12:51:10.472 Unity[1678:39473] Metal devices available: 1
2021-10-02 12:51:10.472 Unity[1678:39473] 0: AMD Radeon Pro 575X (high power)
2021-10-02 12:51:10.472 Unity[1678:39473] Using device AMD Radeon Pro 575X (high power)
Initializing Metal device caps: AMD Radeon Pro 575X
Initialize mono
Mono path[0] = '/Applications/Unity/Hub/Editor/2021.1.13f1/Unity.app/Contents/Managed'
Mono path[1] = '/Applications/Unity/Hub/Editor/2021.1.13f1/Unity.app/Contents/MonoBleedingEdge/lib/mono/unityjit'
Mono config path = '/Applications/Unity/Hub/Editor/2021.1.13f1/Unity.app/Contents/MonoBleedingEdge/etc'
Using monoOptions --debugger-agent=transport=dt_socket,embedding=1,server=y,suspend=n,address=127.0.0.1:56678
Begin MonoManager ReloadAssembly
Registering precompiled unity dll's ...
Register platform support module: /Applications/Unity/Hub/Editor/2021.1.13f1/PlaybackEngines/WebGLSupport/UnityEditor.WebGL.Extensions.dll
Register platform support module: /Applications/Unity/Hub/Editor/2021.1.13f1/Unity.app/Contents/PlaybackEngines/MacStandaloneSupport/UnityEditor.OSXStandalone.Extensions.dll
Registered in 0.000662 seconds.
Native extension for OSXStandalone target not found
Native extension for WebGL target not found
Refreshing native plugins compatible for Editor in 80.16 ms, found 4 plugins.
Preloading 0 native plugins for Editor in 0.00 ms.
Mono: successfully reloaded assembly
- Completed reload, in  3.027 seconds
Domain Reload Profiling:
	ReloadAssembly (3028ms)
		BeginReloadAssembly (48ms)
			ExecutionOrderSort (0ms)
			DisableScriptedObjects (0ms)
			BackupInstance (0ms)
			ReleaseScriptingObjects (0ms)
			CreateAndSetChildDomain (1ms)
		EndReloadAssembly (535ms)
			LoadAssemblies (47ms)
			RebuildTransferFunctionScriptingTraits (0ms)
			SetupTypeCache (214ms)
			ReleaseScriptCaches (0ms)
			RebuildScriptCaches (38ms)
			SetupLoadedEditorAssemblies (233ms)
				LogAssemblyErrors (0ms)
				InitializePlatformSupportModulesInManaged (7ms)
				SetLoadedEditorAssemblies (0ms)
				RefreshPlugins (80ms)
				BeforeProcessingInitializeOnLoad (2ms)
				ProcessInitializeOnLoadAttributes (113ms)
				ProcessInitializeOnLoadMethodAttributes (31ms)
				AfterProcessingInitializeOnLoad (0ms)
				EditorAssembliesLoaded (0ms)
			ExecutionOrderSort2 (0ms)
			AwakeInstancesAfterBackupRestoration (0ms)
Platform modules already initialized, skipping
Registering precompiled user dll's ...
Registered in 0.004112 seconds.
Begin MonoManager ReloadAssembly
Symbol file LoadedFromMemory doesn't match image /Users/barbarostombaz/Developer/runner-003/Assets/ExternalDependencyManager/Editor/Google.VersionHandler.dll
Native extension for OSXStandalone target not found
Native extension for WebGL target not found
Refreshing native plugins compatible for Editor in 80.76 ms, found 4 plugins.
Preloading 0 native plugins for Editor in 0.00 ms.
WARNING: RGBA Compressed ETC2 sRGB format is not supported, decompressing texture
WARNING: RGBA Compressed ETC2 sRGB format is not supported, decompressing texture
WARNING: RGBA Compressed ETC2 sRGB format is not supported, decompressing texture
Mono: successfully reloaded assembly
- Completed reload, in  2.422 seconds
Domain Reload Profiling:
	ReloadAssembly (2423ms)
		BeginReloadAssembly (166ms)
			ExecutionOrderSort (0ms)
			DisableScriptedObjects (5ms)
			BackupInstance (0ms)
			ReleaseScriptingObjects (0ms)
			CreateAndSetChildDomain (34ms)
		EndReloadAssembly (2184ms)
			LoadAssemblies (591ms)
			RebuildTransferFunctionScriptingTraits (0ms)
			SetupTypeCache (423ms)
			ReleaseScriptCaches (1ms)
			RebuildScriptCaches (81ms)
			SetupLoadedEditorAssemblies (852ms)
				LogAssemblyErrors (0ms)
				InitializePlatformSupportModulesInManaged (4ms)
				SetLoadedEditorAssemblies (0ms)
				RefreshPlugins (81ms)
				BeforeProcessingInitializeOnLoad (76ms)
				ProcessInitializeOnLoadAttributes (633ms)
				ProcessInitializeOnLoadMethodAttributes (56ms)
				AfterProcessingInitializeOnLoad (1ms)
				EditorAssembliesLoaded (0ms)
			ExecutionOrderSort2 (0ms)
			AwakeInstancesAfterBackupRestoration (6ms)
Platform modules already initialized, skipping
========================================================================
Worker process is ready to serve import requests
Launching external process: /Applications/Unity/Hub/Editor/2021.1.13f1/Unity.app/Contents/Tools/UnityShaderCompiler
Launched and connected shader compiler UnityShaderCompiler after 0.43 seconds
Refreshing native plugins compatible for Editor in 1.02 ms, found 4 plugins.
Preloading 0 native plugins for Editor in 0.00 ms.
Unloading 3763 Unused Serialized files (Serialized files now loaded: 0)
System memory in use before: 337.5 MB.
System memory in use after: 337.6 MB.

Unloading 191 unused Assets to reduce memory usage. Loaded Objects now: 4190.
Total: 6.495483 ms (FindLiveObjects: 0.288614 ms CreateObjectMapping: 0.185115 ms MarkObjects: 5.830529 ms  DeleteObjects: 0.190325 ms)

AssetImportParameters requested are different than current active one (requested -> active):
  custom:video-decoder-ogg-theora: a1e56fd34408186e4bbccfd4996cb3dc -> 
  custom:container-muxer-webm: aa71ff27fc2769a1b78a27578f13a17b -> 
  custom:container-demuxer-webm: 4f35f7cbe854078d1ac9338744f61a02 -> 
  custom:container-demuxer-ogg: 62fdf1f143b41e24485cea50d1cbac27 -> 
  custom:video-encoder-webm-vp8: eb34c28f22e8b96e1ab97ce403110664 -> 
  custom:framework-osx-AVFoundation: e770b220cccbd017edd2c1fefb359320 -> 
  custom:video-decoder-webm-vp8: 9c59270c3fd7afecdb556c50c9e8de78 -> 
  custom:audio-decoder-ogg-vorbis: bf7c407c2cedff20999df2af8eb42d56 -> 
  custom:audio-encoder-webm-vorbis: bf7c407c2cedff20999df2af8eb42d56 -> 
========================================================================
Received Import Request.
  path: Assets/Samples/Shader Graph/11.0.0/Procedural Patterns/Hex Lattice.ShaderSubGraph
  artifactKey: Guid(ae6f2edd46e88d5459d149f7a35446e1) Importer(815301076,1909f56bfc062723c751e8b465ee728b)
Start importing Assets/Samples/Shader Graph/11.0.0/Procedural Patterns/Hex Lattice.ShaderSubGraph using Guid(ae6f2edd46e88d5459d149f7a35446e1) Importer(815301076,1909f56bfc062723c751e8b465ee728b)  -> (artifact id: 'b708746434952e6ae05f9bf872fad658') in 0.790590 seconds 
========================================================================
Received Import Request.
  Time since last request: 0.000368 seconds.
  path: Assets/Samples/Shader Graph/11.0.0/Procedural Patterns/Smooth Wave.ShaderSubGraph
  artifactKey: Guid(f450689a19af5fd4a98b097aa9136722) Importer(815301076,1909f56bfc062723c751e8b465ee728b)
Start importing Assets/Samples/Shader Graph/11.0.0/Procedural Patterns/Smooth Wave.ShaderSubGraph using Guid(f450689a19af5fd4a98b097aa9136722) Importer(815301076,1909f56bfc062723c751e8b465ee728b)  -> (artifact id: '8cf5c166ab59b6506b9c84b74a839b3d') in 0.003023 seconds 
========================================================================
Received Import Request.
  Time since last request: 0.000358 seconds.
  path: Assets/Samples/Shader Graph/11.0.0/Procedural Patterns/Spiral.ShaderSubGraph
  artifactKey: Guid(5a26cc160e0fc0a4b9c1a14cfd3d392f) Importer(815301076,1909f56bfc062723c751e8b465ee728b)
Start importing Assets/Samples/Shader Graph/11.0.0/Procedural Patterns/Spiral.ShaderSubGraph using Guid(5a26cc160e0fc0a4b9c1a14cfd3d392f) Importer(815301076,1909f56bfc062723c751e8b465ee728b)  -> (artifact id: 'c88329bacc456f921a17c2cacc51c0c5') in 0.002703 seconds 
========================================================================
Received Import Request.
  Time since last request: 0.000215 seconds.
  path: Assets/Samples/Shader Graph/11.0.0/Procedural Patterns/Herringbone.ShaderSubGraph
  artifactKey: Guid(2779352ef2443b545b86854fa838b877) Importer(815301076,1909f56bfc062723c751e8b465ee728b)
Start importing Assets/Samples/Shader Graph/11.0.0/Procedural Patterns/Herringbone.ShaderSubGraph using Guid(2779352ef2443b545b86854fa838b877) Importer(815301076,1909f56bfc062723c751e8b465ee728b)  -> (artifact id: '1cdfaa1ac5427d319f939a5a4c77cb82') in 0.002574 seconds 
========================================================================
Received Import Request.
  Time since last request: 0.000184 seconds.
  path: Assets/Samples/Shader Graph/11.0.0/Procedural Patterns/Zig Zag.ShaderSubGraph
  artifactKey: Guid(1de2640525189284b8e549fd02f813f1) Importer(815301076,1909f56bfc062723c751e8b465ee728b)
Start importing Assets/Samples/Shader Graph/11.0.0/Procedural Patterns/Zig Zag.ShaderSubGraph using Guid(1de2640525189284b8e549fd02f813f1) Importer(815301076,1909f56bfc062723c751e8b465ee728b)  -> (artifact id: '8b9d6d5f2b6ac8808dfd437bcbeb0b6a') in 0.002687 seconds 
========================================================================
Received Import Request.
  Time since last request: 0.000337 seconds.
  path: Assets/Samples/Shader Graph/11.0.0/Procedural Patterns/BacteriaSmoothstep.shadersubgraph
  artifactKey: Guid(e3991c0bfe9e06945833b46fb6e56055) Importer(815301076,1909f56bfc062723c751e8b465ee728b)
Start importing Assets/Samples/Shader Graph/11.0.0/Procedural Patterns/BacteriaSmoothstep.shadersubgraph using Guid(e3991c0bfe9e06945833b46fb6e56055) Importer(815301076,1909f56bfc062723c751e8b465ee728b)  -> (artifact id: '3eac4fac4c375102d2cd5c4d50611388') in 0.641418 seconds 
========================================================================
Received Import Request.
  Time since last request: 0.000193 seconds.
  path: Assets/Samples/Shader Graph/11.0.0/Procedural Patterns/Stripes.ShaderSubGraph
  artifactKey: Guid(1957c4e211f004e43b5a2040d7082630) Importer(815301076,1909f56bfc062723c751e8b465ee728b)
Start importing Assets/Samples/Shader Graph/11.0.0/Procedural Patterns/Stripes.ShaderSubGraph using Guid(1957c4e211f004e43b5a2040d7082630) Importer(815301076,1909f56bfc062723c751e8b465ee728b)  -> (artifact id: 'ed6229ffaae2ed44f3c301e1c66abbb0') in 0.005140 seconds 
========================================================================
Received Import Request.
  Time since last request: 0.000171 seconds.
  path: Assets/Samples/Shader Graph/11.0.0/Procedural Patterns/Dots.ShaderSubGraph
  artifactKey: Guid(c5c7000f861f300458b9a07bbecac164) Importer(815301076,1909f56bfc062723c751e8b465ee728b)
Start importing Assets/Samples/Shader Graph/11.0.0/Procedural Patterns/Dots.ShaderSubGraph using Guid(c5c7000f861f300458b9a07bbecac164) Importer(815301076,1909f56bfc062723c751e8b465ee728b)  -> (artifact id: '33abc91eb195ae3da6245cc836f7d161') in 0.004286 seconds 
========================================================================
Received Import Request.
  Time since last request: 0.000262 seconds.
  path: Assets/Samples/Shader Graph/11.0.0/Procedural Patterns/Grid.ShaderSubGraph
  artifactKey: Guid(f2ff61a18444547458ea8849584f6bec) Importer(815301076,1909f56bfc062723c751e8b465ee728b)
Start importing Assets/Samples/Shader Graph/11.0.0/Procedural Patterns/Grid.ShaderSubGraph using Guid(f2ff61a18444547458ea8849584f6bec) Importer(815301076,1909f56bfc062723c751e8b465ee728b)  -> (artifact id: 'be8aa942e573cc9a629acbf06c0185c2') in 0.004087 seconds 
========================================================================
Received Import Request.
  Time since last request: 0.000205 seconds.
  path: Assets/Samples/Shader Graph/11.0.0/Procedural Patterns/Brick.ShaderSubGraph
  artifactKey: Guid(aa594629bd691e649abe52f379f329b1) Importer(815301076,1909f56bfc062723c751e8b465ee728b)
Start importing Assets/Samples/Shader Graph/11.0.0/Procedural Patterns/Brick.ShaderSubGraph using Guid(aa594629bd691e649abe52f379f329b1) Importer(815301076,1909f56bfc062723c751e8b465ee728b)  -> (artifact id: '2da90f72a78e392b224f1a080a8628ed') in 0.004580 seconds 
========================================================================
Received Import Request.
  Time since last request: 0.000156 seconds.
  path: Assets/Samples/Shader Graph/11.0.0/Procedural Patterns
  artifactKey: Guid(bc503a9292f144e0cb3175f808f2ea97) Importer(815301076,1909f56bfc062723c751e8b465ee728b)
Start importing Assets/Samples/Shader Graph/11.0.0/Procedural Patterns using Guid(bc503a9292f144e0cb3175f808f2ea97) Importer(815301076,1909f56bfc062723c751e8b465ee728b)  -> (artifact id: '57345d48285cdd0abc6a49b0f4c30983') in 0.002397 seconds 
========================================================================
Received Import Request.
  Time since last request: 0.000184 seconds.
  path: Assets/Samples/Shader Graph/11.0.0/Procedural Patterns/Whirl.ShaderSubGraph
  artifactKey: Guid(44f87539b2be2d24d86b8843f98ad277) Importer(815301076,1909f56bfc062723c751e8b465ee728b)
Start importing Assets/Samples/Shader Graph/11.0.0/Procedural Patterns/Whirl.ShaderSubGraph using Guid(44f87539b2be2d24d86b8843f98ad277) Importer(815301076,1909f56bfc062723c751e8b465ee728b)  -> (artifact id: 'f1c94fa7936fdf55f09251b7ac69bd7f') in 0.005070 seconds 
========================================================================
Received Import Request.
  Time since last request: 0.000178 seconds.
  path: Assets/Samples/Shader Graph/11.0.0/Procedural Patterns/Bacteria.ShaderSubGraph
  artifactKey: Guid(804c76ccbe9643147a24f07885bb47ba) Importer(815301076,1909f56bfc062723c751e8b465ee728b)
Start importing Assets/Samples/Shader Graph/11.0.0/Procedural Patterns/Bacteria.ShaderSubGraph using Guid(804c76ccbe9643147a24f07885bb47ba) Importer(815301076,1909f56bfc062723c751e8b465ee728b)  -> (artifact id: 'd9ab89c7f78cabcb888526a4d9fd6693') in 0.003935 seconds 
========================================================================
Received Import Request.
  Time since last request: 0.000169 seconds.
  path: Assets/Samples/Shader Graph/11.0.0/Procedural Patterns/Houndstooth.ShaderSubGraph
  artifactKey: Guid(67a22abd94d077a4282e47a4cc312992) Importer(815301076,1909f56bfc062723c751e8b465ee728b)
Start importing Assets/Samples/Shader Graph/11.0.0/Procedural Patterns/Houndstooth.ShaderSubGraph using Guid(67a22abd94d077a4282e47a4cc312992) Importer(815301076,1909f56bfc062723c751e8b465ee728b)  -> (artifact id: '68f2ac30dd7af8beeff10ea2c6c64b3b') in 0.004098 seconds 
========================================================================
Received Import Request.
  Time since last request: 0.000261 seconds.
  path: Assets/Samples/Shader Graph/11.0.0/Procedural Patterns/Truchet.ShaderSubGraph
  artifactKey: Guid(443a06ee36571b848aa0cc4eb4f681b4) Importer(815301076,1909f56bfc062723c751e8b465ee728b)
Start importing Assets/Samples/Shader Graph/11.0.0/Procedural Patterns/Truchet.ShaderSubGraph using Guid(443a06ee36571b848aa0cc4eb4f681b4) Importer(815301076,1909f56bfc062723c751e8b465ee728b)  -> (artifact id: '71e8dcf22426842dea12deeb9e49a36b') in 0.004391 seconds 
========================================================================
Received Import Request.
  Time since last request: 922.733923 seconds.
  path: Assets/JMO Assets/Toony Colors/Shaders 2.0
  artifactKey: Guid(803a7a7f7241e0347ad5bbc2f1cf10fd) Importer(815301076,1909f56bfc062723c751e8b465ee728b)
Start importing Assets/JMO Assets/Toony Colors/Shaders 2.0 using Guid(803a7a7f7241e0347ad5bbc2f1cf10fd) Importer(815301076,1909f56bfc062723c751e8b465ee728b)  -> (artifact id: '5dc74f3272a8ed350938e4a0d07081d9') in 0.003239 seconds 
========================================================================
Received Import Request.
  Time since last request: 1.643857 seconds.
  path: Assets/JMO Assets/Toony Colors/Shaders 2.0/Regular.shader
  artifactKey: Guid(4609c28b77ae6c04689a8ba2b2fccba7) Importer(815301076,1909f56bfc062723c751e8b465ee728b)
Start importing Assets/JMO Assets/Toony Colors/Shaders 2.0/Regular.shader using Guid(4609c28b77ae6c04689a8ba2b2fccba7) Importer(815301076,1909f56bfc062723c751e8b465ee728b)  -> (artifact id: 'b51a9da1e6ba901e9a97ad02f4762273') in 0.201777 seconds 
========================================================================
Received Import Request.
  Time since last request: 9.972346 seconds.
  path: Assets/JMO Assets/Toony Colors/Demo 2.0
  artifactKey: Guid(05d22ba48bc6a7441bd3c6e803b9bfd1) Importer(815301076,1909f56bfc062723c751e8b465ee728b)
Start importing Assets/JMO Assets/Toony Colors/Demo 2.0 using Guid(05d22ba48bc6a7441bd3c6e803b9bfd1) Importer(815301076,1909f56bfc062723c751e8b465ee728b)  -> (artifact id: '033ce16e85bbaa605657450fcdde1081') in 0.005403 seconds 
========================================================================
Received Import Request.
  Time since last request: 0.687462 seconds.
  path: Assets/JMO Assets/Toony Colors/Demo 2.0/Models
  artifactKey: Guid(35fc85c50c1cd0c4ebb19084ae7e04a3) Importer(815301076,1909f56bfc062723c751e8b465ee728b)
Start importing Assets/JMO Assets/Toony Colors/Demo 2.0/Models using Guid(35fc85c50c1cd0c4ebb19084ae7e04a3) Importer(815301076,1909f56bfc062723c751e8b465ee728b)  -> (artifact id: '125ec02e7e2df78f9d0b145850c8cfd9') in 0.005277 seconds 
========================================================================
Received Prepare
Registering precompiled user dll's ...
Registered in 0.245509 seconds.
Begin MonoManager ReloadAssembly
Symbol file LoadedFromMemory doesn't match image /Users/barbarostombaz/Developer/runner-003/Assets/ExternalDependencyManager/Editor/Google.VersionHandler.dll
Native extension for OSXStandalone target not found
Native extension for WebGL target not found
Refreshing native plugins compatible for Editor in 1.07 ms, found 4 plugins.
Preloading 0 native plugins for Editor in 0.00 ms.
Mono: successfully reloaded assembly
- Completed reload, in  3.154 seconds
Domain Reload Profiling:
	ReloadAssembly (3170ms)
		BeginReloadAssembly (336ms)
			ExecutionOrderSort (0ms)
			DisableScriptedObjects (13ms)
			BackupInstance (0ms)
			ReleaseScriptingObjects (0ms)
			CreateAndSetChildDomain (134ms)
		EndReloadAssembly (2760ms)
			LoadAssemblies (647ms)
			RebuildTransferFunctionScriptingTraits (0ms)
			SetupTypeCache (492ms)
			ReleaseScriptCaches (3ms)
			RebuildScriptCaches (89ms)
			SetupLoadedEditorAssemblies (1350ms)
				LogAssemblyErrors (0ms)
				InitializePlatformSupportModulesInManaged (6ms)
				SetLoadedEditorAssemblies (1ms)
				RefreshPlugins (1ms)
				BeforeProcessingInitializeOnLoad (84ms)
				ProcessInitializeOnLoadAttributes (1186ms)
				ProcessInitializeOnLoadMethodAttributes (69ms)
				AfterProcessingInitializeOnLoad (2ms)
				EditorAssembliesLoaded (0ms)
			ExecutionOrderSort2 (0ms)
			AwakeInstancesAfterBackupRestoration (8ms)
Platform modules already initialized, skipping
Switching build target platform(2) subTarget(0) extendedPlatform(0) -> platform(13) subTarget(589824) extendedPlatform(0)
Refreshing native plugins compatible for Editor in 1.05 ms, found 4 plugins.
Preloading 0 native plugins for Editor in 0.00 ms.
Unloading 3664 Unused Serialized files (Serialized files now loaded: 0)
System memory in use before: 330.5 MB.
System memory in use after: 330.7 MB.

Unloading 182 unused Assets to reduce memory usage. Loaded Objects now: 4193.
Total: 6.205784 ms (FindLiveObjects: 0.297523 ms CreateObjectMapping: 0.171395 ms MarkObjects: 5.573422 ms  DeleteObjects: 0.162747 ms)

AssetImportParameters requested are different than current active one (requested -> active):
  custom:video-decoder-ogg-theora: a1e56fd34408186e4bbccfd4996cb3dc -> 
  custom:container-muxer-webm: aa71ff27fc2769a1b78a27578f13a17b -> 
  custom:container-demuxer-webm: 4f35f7cbe854078d1ac9338744f61a02 -> 
  custom:container-demuxer-ogg: 62fdf1f143b41e24485cea50d1cbac27 -> 
  custom:video-encoder-webm-vp8: eb34c28f22e8b96e1ab97ce403110664 -> 
  custom:framework-osx-AVFoundation: e770b220cccbd017edd2c1fefb359320 -> 
  custom:video-decoder-webm-vp8: 9c59270c3fd7afecdb556c50c9e8de78 -> 
  custom:graphics/normal-map-encoding: 01000000000000000000000000000000 -> 02000000000000000000000000000000
  custom:audio-decoder-ogg-vorbis: bf7c407c2cedff20999df2af8eb42d56 -> 
  custom:audio-encoder-webm-vorbis: bf7c407c2cedff20999df2af8eb42d56 -> 
========================================================================
Received Prepare
Registering precompiled user dll's ...
Registered in 0.201308 seconds.
Begin MonoManager ReloadAssembly
Symbol file LoadedFromMemory doesn't match image /Users/barbarostombaz/Developer/runner-003/Assets/ExternalDependencyManager/Editor/Google.VersionHandler.dll
Native extension for OSXStandalone target not found
Native extension for WebGL target not found
Refreshing native plugins compatible for Editor in 1.04 ms, found 4 plugins.
Preloading 0 native plugins for Editor in 0.00 ms.
Mono: successfully reloaded assembly
- Completed reload, in  2.894 seconds
Domain Reload Profiling:
	ReloadAssembly (2895ms)
		BeginReloadAssembly (194ms)
			ExecutionOrderSort (0ms)
			DisableScriptedObjects (6ms)
			BackupInstance (0ms)
			ReleaseScriptingObjects (0ms)
			CreateAndSetChildDomain (70ms)
		EndReloadAssembly (2634ms)
			LoadAssemblies (713ms)
			RebuildTransferFunctionScriptingTraits (0ms)
			SetupTypeCache (408ms)
			ReleaseScriptCaches (2ms)
			RebuildScriptCaches (79ms)
			SetupLoadedEditorAssemblies (1281ms)
				LogAssemblyErrors (0ms)
				InitializePlatformSupportModulesInManaged (5ms)
				SetLoadedEditorAssemblies (0ms)
				RefreshPlugins (1ms)
				BeforeProcessingInitializeOnLoad (74ms)
				ProcessInitializeOnLoadAttributes (1152ms)
				ProcessInitializeOnLoadMethodAttributes (47ms)
				AfterProcessingInitializeOnLoad (1ms)
				EditorAssembliesLoaded (0ms)
			ExecutionOrderSort2 (0ms)
			AwakeInstancesAfterBackupRestoration (6ms)
Platform modules already initialized, skipping
Switching build target platform(2) subTarget(0) extendedPlatform(0) -> platform(13) subTarget(589824) extendedPlatform(0)
Refreshing native plugins compatible for Editor in 1.01 ms, found 4 plugins.
Preloading 0 native plugins for Editor in 0.00 ms.
Unloading 3664 Unused Serialized files (Serialized files now loaded: 0)
System memory in use before: 330.9 MB.
System memory in use after: 331.0 MB.

Unloading 182 unused Assets to reduce memory usage. Loaded Objects now: 4196.
Total: 5.813479 ms (FindLiveObjects: 0.255614 ms CreateObjectMapping: 0.158074 ms MarkObjects: 5.282045 ms  DeleteObjects: 0.117122 ms)

AssetImportParameters requested are different than current active one (requested -> active):
  custom:video-decoder-ogg-theora: a1e56fd34408186e4bbccfd4996cb3dc -> 
  custom:container-muxer-webm: aa71ff27fc2769a1b78a27578f13a17b -> 
  custom:container-demuxer-webm: 4f35f7cbe854078d1ac9338744f61a02 -> 
  custom:container-demuxer-ogg: 62fdf1f143b41e24485cea50d1cbac27 -> 
  custom:video-encoder-webm-vp8: eb34c28f22e8b96e1ab97ce403110664 -> 
  custom:framework-osx-AVFoundation: e770b220cccbd017edd2c1fefb359320 -> 
  custom:video-decoder-webm-vp8: 9c59270c3fd7afecdb556c50c9e8de78 -> 
  custom:graphics/normal-map-encoding: 01000000000000000000000000000000 -> 02000000000000000000000000000000
  custom:audio-decoder-ogg-vorbis: bf7c407c2cedff20999df2af8eb42d56 -> 
  custom:audio-encoder-webm-vorbis: bf7c407c2cedff20999df2af8eb42d56 -> 
========================================================================
Received Import Request.
  Time since last request: 1187.295791 seconds.
  path: Assets/MegaPack1Lite/TropicalIslandPack1/Models/island_cattail.fbx
  artifactKey: Guid(7e97313c42d93491fa3e4b1f59442d91) Importer(815301076,1909f56bfc062723c751e8b465ee728b)
Start importing Assets/MegaPack1Lite/TropicalIslandPack1/Models/island_cattail.fbx using Guid(7e97313c42d93491fa3e4b1f59442d91) Importer(815301076,1909f56bfc062723c751e8b465ee728b)  -> (artifact id: '58b82ccb496f9155e29c3c53d4287e3d') in 3.080545 seconds 
========================================================================
Received Import Request.
  Time since last request: 0.000311 seconds.
  path: Assets/Samples/Shader Graph/11.0.0/Procedural Patterns/Zig Zag.ShaderSubGraph
  artifactKey: Guid(1de2640525189284b8e549fd02f813f1) Importer(2089858483,934ff659095e30574adcf32a4c2f97b5)
Start importing Assets/Samples/Shader Graph/11.0.0/Procedural Patterns/Zig Zag.ShaderSubGraph using Guid(1de2640525189284b8e549fd02f813f1) Importer(2089858483,934ff659095e30574adcf32a4c2f97b5)  -> (artifact id: '063932ea67a4e9685c3735bc95afa9ae') in 0.361211 seconds 
========================================================================
Received Import Request.
  Time since last request: 0.000222 seconds.
  path: Assets/JMO Assets/Toony Colors/Demo 2.0/Materials/TCF_Demo_Blox.mat
  artifactKey: Guid(717d65321c603dd48a9bb1c2622f1e73) Importer(2089858483,934ff659095e30574adcf32a4c2f97b5)
Start importing Assets/JMO Assets/Toony Colors/Demo 2.0/Materials/TCF_Demo_Blox.mat using Guid(717d65321c603dd48a9bb1c2622f1e73) Importer(2089858483,934ff659095e30574adcf32a4c2f97b5)  -> (artifact id: 'a244ef859ab072b363f27bbc0bb743f0') in 0.724693 seconds 
========================================================================
Received Import Request.
  Time since last request: 0.000202 seconds.
  path: Assets/Samples/Shader Graph/11.0.0/Procedural Patterns/Grid.ShaderSubGraph
  artifactKey: Guid(f2ff61a18444547458ea8849584f6bec) Importer(2089858483,934ff659095e30574adcf32a4c2f97b5)
Start importing Assets/Samples/Shader Graph/11.0.0/Procedural Patterns/Grid.ShaderSubGraph using Guid(f2ff61a18444547458ea8849584f6bec) Importer(2089858483,934ff659095e30574adcf32a4c2f97b5)  -> (artifact id: '2d8a1fb80eee331bf33beb157e2ae95b') in 0.086758 seconds 
========================================================================
Received Import Request.
  Time since last request: 0.000241 seconds.
  path: Assets/JMO Assets/Toony Colors/Demo 2.0/Materials/TCF_Demo_PlayerMaterial.mat
  artifactKey: Guid(3ea44298aa419344dbdcf87dd1a50533) Importer(2089858483,934ff659095e30574adcf32a4c2f97b5)
Start importing Assets/JMO Assets/Toony Colors/Demo 2.0/Materials/TCF_Demo_PlayerMaterial.mat using Guid(3ea44298aa419344dbdcf87dd1a50533) Importer(2089858483,934ff659095e30574adcf32a4c2f97b5)  -> (artifact id: '4a8d0bf4020d3559c815ac049f69d42b') in 0.059124 seconds 
========================================================================
Received Import Request.
  Time since last request: 0.000227 seconds.
  path: Assets/Samples/Shader Graph/11.0.0/Procedural Patterns/Hex Lattice.ShaderSubGraph
  artifactKey: Guid(ae6f2edd46e88d5459d149f7a35446e1) Importer(2089858483,934ff659095e30574adcf32a4c2f97b5)
Start importing Assets/Samples/Shader Graph/11.0.0/Procedural Patterns/Hex Lattice.ShaderSubGraph using Guid(ae6f2edd46e88d5459d149f7a35446e1) Importer(2089858483,934ff659095e30574adcf32a4c2f97b5)  -> (artifact id: 'de3dfc192fcd7247b4440c3065210fe5') in 0.112689 seconds 
========================================================================
Received Import Request.
  Time since last request: 0.000222 seconds.
  path: Assets/JMO Assets/Toony Colors/Demo 2.0/Materials/TCF_Demo_WallMaterial.mat
  artifactKey: Guid(e196a25074146564d886222649fb88d6) Importer(2089858483,934ff659095e30574adcf32a4c2f97b5)
Start importing Assets/JMO Assets/Toony Colors/Demo 2.0/Materials/TCF_Demo_WallMaterial.mat using Guid(e196a25074146564d886222649fb88d6) Importer(2089858483,934ff659095e30574adcf32a4c2f97b5)  -> (artifact id: '924d1f70a421282cab007b31dc9dabcc') in 0.029547 seconds 
========================================================================
Received Import Request.
  Time since last request: 0.000256 seconds.
  path: Assets/JMO Assets/Toony Colors/Demo 2.0/Materials/TCF_Demo_GunMaterial.mat
  artifactKey: Guid(5afa4a01a731c834d9a62da55c7cfa7c) Importer(2089858483,934ff659095e30574adcf32a4c2f97b5)
Start importing Assets/JMO Assets/Toony Colors/Demo 2.0/Materials/TCF_Demo_GunMaterial.mat using Guid(5afa4a01a731c834d9a62da55c7cfa7c) Importer(2089858483,934ff659095e30574adcf32a4c2f97b5)  -> (artifact id: '506096b30379d82d1bfb605ca9c6c788') in 0.031408 seconds 
========================================================================
Received Import Request.
  Time since last request: 0.000157 seconds.
  path: Assets/Prefabs/Player003.prefab
  artifactKey: Guid(77d0e07a5a80d4b41af6aaeea8a05e66) Importer(815301076,1909f56bfc062723c751e8b465ee728b)
Start importing Assets/Prefabs/Player003.prefab using Guid(77d0e07a5a80d4b41af6aaeea8a05e66) Importer(815301076,1909f56bfc062723c751e8b465ee728b)  -> (artifact id: '5e838b85da8e1709b2f3307648975d0e') in 7.971480 seconds 
========================================================================
Received Import Request.
  Time since last request: 0.000247 seconds.
  path: Assets/Samples/Shader Graph/11.0.0/Procedural Patterns/Stripes.ShaderSubGraph
  artifactKey: Guid(1957c4e211f004e43b5a2040d7082630) Importer(2089858483,934ff659095e30574adcf32a4c2f97b5)
Start importing Assets/Samples/Shader Graph/11.0.0/Procedural Patterns/Stripes.ShaderSubGraph using Guid(1957c4e211f004e43b5a2040d7082630) Importer(2089858483,934ff659095e30574adcf32a4c2f97b5)  -> (artifact id: 'c01d9e27bbe50597f8d9a1f4301f582f') in 0.010624 seconds 
========================================================================
Received Import Request.
  Time since last request: 0.000184 seconds.
  path: Assets/Samples/Shader Graph
  artifactKey: Guid(efc9a06d6439c4c1b98e42f4591b17f0) Importer(2089858483,934ff659095e30574adcf32a4c2f97b5)
Start importing Assets/Samples/Shader Graph using Guid(efc9a06d6439c4c1b98e42f4591b17f0) Importer(2089858483,934ff659095e30574adcf32a4c2f97b5)  -> (artifact id: 'b6dfb9fd11b37b85b790bac6f779a826') in 0.102375 seconds 
========================================================================
Received Import Request.
  Time since last request: 0.000186 seconds.
  path: Assets/Samples/Shader Graph/11.0.0/Procedural Patterns/Herringbone.ShaderSubGraph
  artifactKey: Guid(2779352ef2443b545b86854fa838b877) Importer(2089858483,934ff659095e30574adcf32a4c2f97b5)
Start importing Assets/Samples/Shader Graph/11.0.0/Procedural Patterns/Herringbone.ShaderSubGraph using Guid(2779352ef2443b545b86854fa838b877) Importer(2089858483,934ff659095e30574adcf32a4c2f97b5)  -> (artifact id: 'c4989dff668571fd70f2ca6677f1e053') in 0.036381 seconds 
========================================================================
Received Import Request.
  Time since last request: 0.000185 seconds.
  path: Assets/Samples/Shader Graph/11.0.0/Procedural Patterns/Spiral.ShaderSubGraph
  artifactKey: Guid(5a26cc160e0fc0a4b9c1a14cfd3d392f) Importer(2089858483,934ff659095e30574adcf32a4c2f97b5)
Start importing Assets/Samples/Shader Graph/11.0.0/Procedural Patterns/Spiral.ShaderSubGraph using Guid(5a26cc160e0fc0a4b9c1a14cfd3d392f) Importer(2089858483,934ff659095e30574adcf32a4c2f97b5)  -> (artifact id: '7013d71227553d50437ff04ca3731d10') in 0.045669 seconds 
========================================================================
Received Import Request.
  Time since last request: 0.000226 seconds.
  path: Assets/Samples
  artifactKey: Guid(76b91dba9ab9f447ab169a80fd9a5df5) Importer(2089858483,934ff659095e30574adcf32a4c2f97b5)
Start importing Assets/Samples using Guid(76b91dba9ab9f447ab169a80fd9a5df5) Importer(2089858483,934ff659095e30574adcf32a4c2f97b5)  -> (artifact id: '47798afbf7b8e9c87653cb57613dc23c') in 0.002592 seconds 
========================================================================
Received Import Request.
  Time since last request: 0.000226 seconds.
  path: Assets/Shaders/ColorLerp.shader
  artifactKey: Guid(013ef10e84269419bb8178c94bdfb069) Importer(2089858483,934ff659095e30574adcf32a4c2f97b5)
Start importing Assets/Shaders/ColorLerp.shader using Guid(013ef10e84269419bb8178c94bdfb069) Importer(2089858483,934ff659095e30574adcf32a4c2f97b5)  -> (artifact id: '01ddee0e54cb9151630d978f08d2f19a') in 0.006484 seconds 
========================================================================
Received Import Request.
  Time since last request: 0.000177 seconds.
  path: Assets/Samples/Shader Graph/11.0.0/Procedural Patterns/Whirl.ShaderSubGraph
  artifactKey: Guid(44f87539b2be2d24d86b8843f98ad277) Importer(2089858483,934ff659095e30574adcf32a4c2f97b5)
Start importing Assets/Samples/Shader Graph/11.0.0/Procedural Patterns/Whirl.ShaderSubGraph using Guid(44f87539b2be2d24d86b8843f98ad277) Importer(2089858483,934ff659095e30574adcf32a4c2f97b5)  -> (artifact id: '56b03fe61f0ba97b27c6a51a2bd18efe') in 0.059399 seconds 
========================================================================
Received Import Request.
  Time since last request: 0.000257 seconds.
  path: Assets/Samples/Shader Graph/11.0.0/Procedural Patterns/Smooth Wave.ShaderSubGraph
  artifactKey: Guid(f450689a19af5fd4a98b097aa9136722) Importer(2089858483,934ff659095e30574adcf32a4c2f97b5)
Start importing Assets/Samples/Shader Graph/11.0.0/Procedural Patterns/Smooth Wave.ShaderSubGraph using Guid(f450689a19af5fd4a98b097aa9136722) Importer(2089858483,934ff659095e30574adcf32a4c2f97b5)  -> (artifact id: '1beeb593413dfcb92f4e94eb5191ba9a') in 0.064715 seconds 
========================================================================
Received Import Request.
  Time since last request: 0.000194 seconds.
  path: Assets/Scenes/Runner_003/NavMesh.asset
  artifactKey: Guid(78b0e6e2f02814a25873a206c451e668) Importer(815301076,1909f56bfc062723c751e8b465ee728b)
Start importing Assets/Scenes/Runner_003/NavMesh.asset using Guid(78b0e6e2f02814a25873a206c451e668) Importer(815301076,1909f56bfc062723c751e8b465ee728b)  -> (artifact id: '3403bc5667306a5e03eaef34281b6ee0') in 0.175445 seconds 
========================================================================
Received Import Request.
  Time since last request: 0.000218 seconds.
  path: Assets/Scripts/Voxel/WorldController.cs
  artifactKey: Guid(f1ba5e7974e0a4ba79519522bec3c0e6) Importer(2089858483,934ff659095e30574adcf32a4c2f97b5)
Start importing Assets/Scripts/Voxel/WorldController.cs using Guid(f1ba5e7974e0a4ba79519522bec3c0e6) Importer(2089858483,934ff659095e30574adcf32a4c2f97b5)  -> (artifact id: 'f0db744568aa2eaf00d53ca8c59a1e80') in 0.632097 seconds 
========================================================================
Received Import Request.
  Time since last request: 0.000202 seconds.
  path: Assets/Samples/Shader Graph/11.0.0/Procedural Patterns/Truchet.ShaderSubGraph
  artifactKey: Guid(443a06ee36571b848aa0cc4eb4f681b4) Importer(2089858483,934ff659095e30574adcf32a4c2f97b5)
Start importing Assets/Samples/Shader Graph/11.0.0/Procedural Patterns/Truchet.ShaderSubGraph using Guid(443a06ee36571b848aa0cc4eb4f681b4) Importer(2089858483,934ff659095e30574adcf32a4c2f97b5)  -> (artifact id: '899706b5286b847e4f50aa7bfea20c62') in 0.243958 seconds 
========================================================================
Received Import Request.
  Time since last request: 0.000204 seconds.
  path: Assets/Scenes/Runner_003.unity
  artifactKey: Guid(b68d56a135f494eee865c52e4f5fe3c1) Importer(815301076,1909f56bfc062723c751e8b465ee728b)
Start importing Assets/Scenes/Runner_003.unity using Guid(b68d56a135f494eee865c52e4f5fe3c1) Importer(815301076,1909f56bfc062723c751e8b465ee728b)  -> (artifact id: 'a2475583e3af7b1805f24b1c5fe7b960') in 0.001890 seconds 
========================================================================
Received Import Request.
  Time since last request: 0.000173 seconds.
  path: Assets/JMO Assets/Toony Colors/Demo 2.0/Materials/TCF_Demo_Zombunny.mat
  artifactKey: Guid(90309a9ae07af7a4baf27031c594f369) Importer(2089858483,934ff659095e30574adcf32a4c2f97b5)
Start importing Assets/JMO Assets/Toony Colors/Demo 2.0/Materials/TCF_Demo_Zombunny.mat using Guid(90309a9ae07af7a4baf27031c594f369) Importer(2089858483,934ff659095e30574adcf32a4c2f97b5)  -> (artifact id: '27bfe6ae95a66882332b0d96b0378e6f') in 0.005036 seconds 
========================================================================
Received Import Request.
  Time since last request: 0.000203 seconds.
  path: Assets/Samples/Shader Graph/11.0.0/Procedural Patterns/Brick.ShaderSubGraph
  artifactKey: Guid(aa594629bd691e649abe52f379f329b1) Importer(2089858483,934ff659095e30574adcf32a4c2f97b5)
Start importing Assets/Samples/Shader Graph/11.0.0/Procedural Patterns/Brick.ShaderSubGraph using Guid(aa594629bd691e649abe52f379f329b1) Importer(2089858483,934ff659095e30574adcf32a4c2f97b5)  -> (artifact id: '166775085d229b70281012532b83a6e6') in 0.075654 seconds 
========================================================================
Received Import Request.
  Time since last request: 0.000177 seconds.
  path: Assets/JMO Assets/Toony Colors/Demo 2.0/Materials/TCF_Demo_Ground.mat
  artifactKey: Guid(048acdcd23bf75045a3a7bd88630b838) Importer(2089858483,934ff659095e30574adcf32a4c2f97b5)
Start importing Assets/JMO Assets/Toony Colors/Demo 2.0/Materials/TCF_Demo_Ground.mat using Guid(048acdcd23bf75045a3a7bd88630b838) Importer(2089858483,934ff659095e30574adcf32a4c2f97b5)  -> (artifact id: 'c9d7fb7976ca65d01c5c858e630a696a') in 0.003698 seconds 
========================================================================
Received Import Request.
  Time since last request: 0.000205 seconds.
  path: Assets/JMO Assets/Toony Colors/Demo 2.0/Materials/TCF_Demo_Zombear.mat
  artifactKey: Guid(0e554613ca2e81743a244dd20c8d44a0) Importer(2089858483,934ff659095e30574adcf32a4c2f97b5)
Start importing Assets/JMO Assets/Toony Colors/Demo 2.0/Materials/TCF_Demo_Zombear.mat using Guid(0e554613ca2e81743a244dd20c8d44a0) Importer(2089858483,934ff659095e30574adcf32a4c2f97b5)  -> (artifact id: '2d1404429264703726c2b88c40e66c83') in 0.003851 seconds 
========================================================================
Received Import Request.
  Time since last request: 0.000232 seconds.
  path: Assets/JMO Assets/Toony Colors/Demo 2.0/Materials/TCF_Demo_Eyes.mat
  artifactKey: Guid(51d14e0fd3936be48bf8d5031d3e24c7) Importer(2089858483,934ff659095e30574adcf32a4c2f97b5)
Start importing Assets/JMO Assets/Toony Colors/Demo 2.0/Materials/TCF_Demo_Eyes.mat using Guid(51d14e0fd3936be48bf8d5031d3e24c7) Importer(2089858483,934ff659095e30574adcf32a4c2f97b5)  -> (artifact id: '2f5ea115aa8fe3ce0b1f622acb4cb430') in 0.017640 seconds 
========================================================================
Received Import Request.
  Time since last request: 0.000194 seconds.
  path: Assets/Models/Office/Shelf_System.fbx
  artifactKey: Guid(4f6c6915273474e5aaaf2c6401d594ec) Importer(815301076,1909f56bfc062723c751e8b465ee728b)
Start importing Assets/Models/Office/Shelf_System.fbx using Guid(4f6c6915273474e5aaaf2c6401d594ec) Importer(815301076,1909f56bfc062723c751e8b465ee728b)  -> (artifact id: '6151dafe9fa7ab4b159fb00138d1bf75') in 1.632643 seconds 
========================================================================
Received Import Request.
  Time since last request: 0.000234 seconds.
  path: Assets/Samples/Shader Graph/11.0.0/Procedural Patterns/Houndstooth.ShaderSubGraph
  artifactKey: Guid(67a22abd94d077a4282e47a4cc312992) Importer(2089858483,934ff659095e30574adcf32a4c2f97b5)
Start importing Assets/Samples/Shader Graph/11.0.0/Procedural Patterns/Houndstooth.ShaderSubGraph using Guid(67a22abd94d077a4282e47a4cc312992) Importer(2089858483,934ff659095e30574adcf32a4c2f97b5)  -> (artifact id: '296a4605a521a1836333eab6def43507') in 0.018689 seconds 
========================================================================
Received Import Request.
  Time since last request: 0.000220 seconds.
  path: Assets/Samples/Shader Graph/11.0.0
  artifactKey: Guid(f4c69eb17abe74c029d160820f18ca05) Importer(2089858483,934ff659095e30574adcf32a4c2f97b5)
Start importing Assets/Samples/Shader Graph/11.0.0 using Guid(f4c69eb17abe74c029d160820f18ca05) Importer(2089858483,934ff659095e30574adcf32a4c2f97b5)  -> (artifact id: '46ccfa3524cfba060a427133962f71dd') in 0.080382 seconds 
========================================================================
Received Import Request.
  Time since last request: 0.000222 seconds.
  path: Assets/Samples/Shader Graph/11.0.0/Procedural Patterns/BacteriaSmoothstep.shadersubgraph
  artifactKey: Guid(e3991c0bfe9e06945833b46fb6e56055) Importer(2089858483,934ff659095e30574adcf32a4c2f97b5)
Start importing Assets/Samples/Shader Graph/11.0.0/Procedural Patterns/BacteriaSmoothstep.shadersubgraph using Guid(e3991c0bfe9e06945833b46fb6e56055) Importer(2089858483,934ff659095e30574adcf32a4c2f97b5)  -> (artifact id: '451a9011900642069e7bf5e5c029ca26') in 0.132046 seconds 
========================================================================
Received Import Request.
  Time since last request: 0.000196 seconds.
  path: Assets/Samples/Shader Graph/11.0.0/Procedural Patterns/Bacteria.ShaderSubGraph
  artifactKey: Guid(804c76ccbe9643147a24f07885bb47ba) Importer(2089858483,934ff659095e30574adcf32a4c2f97b5)
Start importing Assets/Samples/Shader Graph/11.0.0/Procedural Patterns/Bacteria.ShaderSubGraph using Guid(804c76ccbe9643147a24f07885bb47ba) Importer(2089858483,934ff659095e30574adcf32a4c2f97b5)  -> (artifact id: '21664a546b935f77779737c5678b5d7a') in 0.126792 seconds 
========================================================================
Received Import Request.
  Time since last request: 0.000346 seconds.
  path: Assets/Samples/Shader Graph/11.0.0/Procedural Patterns/Dots.ShaderSubGraph
  artifactKey: Guid(c5c7000f861f300458b9a07bbecac164) Importer(2089858483,934ff659095e30574adcf32a4c2f97b5)
Start importing Assets/Samples/Shader Graph/11.0.0/Procedural Patterns/Dots.ShaderSubGraph using Guid(c5c7000f861f300458b9a07bbecac164) Importer(2089858483,934ff659095e30574adcf32a4c2f97b5)  -> (artifact id: '9bf5ee603e62f42d95c89376eaae649e') in 0.004584 seconds 
========================================================================
Received Import Request.
  Time since last request: 0.000228 seconds.
  path: Assets/JMO Assets/Toony Colors/Demo 2.0/Materials/TCF_Demo_StarMaterial.mat
  artifactKey: Guid(6b5c24d7a55839944bc4415eb3395d10) Importer(2089858483,934ff659095e30574adcf32a4c2f97b5)
Start importing Assets/JMO Assets/Toony Colors/Demo 2.0/Materials/TCF_Demo_StarMaterial.mat using Guid(6b5c24d7a55839944bc4415eb3395d10) Importer(2089858483,934ff659095e30574adcf32a4c2f97b5)  -> (artifact id: '7a90630d90d8b12bcb59704a86a5a4bc') in 0.081818 seconds 
========================================================================
Received Import Request.
  Time since last request: 0.000226 seconds.
  path: Assets/JMO Assets/Toony Colors/Demo 2.0/Materials/TCF_Demo_ArchesMaterial.mat
  artifactKey: Guid(f47747e933b49fc4d80c4175b842f8a6) Importer(2089858483,934ff659095e30574adcf32a4c2f97b5)
Start importing Assets/JMO Assets/Toony Colors/Demo 2.0/Materials/TCF_Demo_ArchesMaterial.mat using Guid(f47747e933b49fc4d80c4175b842f8a6) Importer(2089858483,934ff659095e30574adcf32a4c2f97b5)  -> (artifact id: '7eff4f80ff50e02dd530d774aa4e88f0') in 0.032144 seconds 
========================================================================
Received Import Request.
  Time since last request: 0.000339 seconds.
  path: Assets/JMO Assets/Toony Colors/Demo 2.0/Materials/TCF_Demo_Hellephant.mat
  artifactKey: Guid(20c2c861010d0ce49a4716087f02535e) Importer(2089858483,934ff659095e30574adcf32a4c2f97b5)
Start importing Assets/JMO Assets/Toony Colors/Demo 2.0/Materials/TCF_Demo_Hellephant.mat using Guid(20c2c861010d0ce49a4716087f02535e) Importer(2089858483,934ff659095e30574adcf32a4c2f97b5)  -> (artifact id: '25785b653a6b62592b2af1d4c249eb49') in 0.004220 seconds 
========================================================================
Received Import Request.
  Time since last request: 0.000215 seconds.
  path: Assets/Samples/Shader Graph/11.0.0/Procedural Patterns
  artifactKey: Guid(bc503a9292f144e0cb3175f808f2ea97) Importer(2089858483,934ff659095e30574adcf32a4c2f97b5)
Start importing Assets/Samples/Shader Graph/11.0.0/Procedural Patterns using Guid(bc503a9292f144e0cb3175f808f2ea97) Importer(2089858483,934ff659095e30574adcf32a4c2f97b5)  -> (artifact id: '33f2b3e9f0662e0b77438f6d922fa3bb') in 0.100270 seconds 
========================================================================
Received Import Request.
  Time since last request: 1.225203 seconds.
  path: Assets/Models/Office/Table_Mix.fbx
  artifactKey: Guid(d7afa09792cec417a931adfb5441961c) Importer(815301076,1909f56bfc062723c751e8b465ee728b)
Start importing Assets/Models/Office/Table_Mix.fbx using Guid(d7afa09792cec417a931adfb5441961c) Importer(815301076,1909f56bfc062723c751e8b465ee728b)  -> (artifact id: '87cb796fa7541980216fddf7df2ecd7b') in 0.149581 seconds 
========================================================================
Received Import Request.
  Time since last request: 14.799235 seconds.
  path: Assets/Shaders/ColorLerp.shader
  artifactKey: Guid(013ef10e84269419bb8178c94bdfb069) Importer(815301076,1909f56bfc062723c751e8b465ee728b)
Start importing Assets/Shaders/ColorLerp.shader using Guid(013ef10e84269419bb8178c94bdfb069) Importer(815301076,1909f56bfc062723c751e8b465ee728b)  -> (artifact id: '0b9ab59c7f5b82771d23b3f3dd2b1d8e') in 0.001701 seconds 
========================================================================
Received Import Request.
  Time since last request: 8.264164 seconds.
  path: Assets/Shaders/PlaneFog.shader
  artifactKey: Guid(ce34212e0d9bc444ba1af3f2df6c6533) Importer(815301076,1909f56bfc062723c751e8b465ee728b)
Start importing Assets/Shaders/PlaneFog.shader using Guid(ce34212e0d9bc444ba1af3f2df6c6533) Importer(815301076,1909f56bfc062723c751e8b465ee728b)  -> (artifact id: 'b809ca434aa2b5a75a2ea4240bb05dea') in 0.002305 seconds 
========================================================================
Received Import Request.
  Time since last request: 1.015815 seconds.
  path: Assets/Shaders/ToonShader.shader
  artifactKey: Guid(5d4e2edecb5241c47ae2c2e9d26ae05d) Importer(815301076,1909f56bfc062723c751e8b465ee728b)
Start importing Assets/Shaders/ToonShader.shader using Guid(5d4e2edecb5241c47ae2c2e9d26ae05d) Importer(815301076,1909f56bfc062723c751e8b465ee728b)  -> (artifact id: '3e0106caa906101c40c82cdaa9a895a0') in 0.001789 seconds 
========================================================================
Received Import Request.
  Time since last request: 30.838918 seconds.
  path: Assets/Scripts/Utilities/HelicopterController.cs
  artifactKey: Guid(6913698993ea4467893dbdd1d26367ff) Importer(815301076,1909f56bfc062723c751e8b465ee728b)
Start importing Assets/Scripts/Utilities/HelicopterController.cs using Guid(6913698993ea4467893dbdd1d26367ff) Importer(815301076,1909f56bfc062723c751e8b465ee728b)  -> (artifact id: '430a7cad51bbf2ad05f66ac4e67ea5cf') in 0.003294 seconds 
========================================================================
Received Import Request.
  Time since last request: 21.626413 seconds.
  path: Assets/Scripts/Interaction/ColorLerper.cs
  artifactKey: Guid(9a8297cbcbf49429695ab851d267782b) Importer(815301076,1909f56bfc062723c751e8b465ee728b)
Start importing Assets/Scripts/Interaction/ColorLerper.cs using Guid(9a8297cbcbf49429695ab851d267782b) Importer(815301076,1909f56bfc062723c751e8b465ee728b)  -> (artifact id: '77514f5fff12a422db98ce348f596ae5') in 0.003950 seconds 
========================================================================
Received Import Request.
  Time since last request: 0.625606 seconds.
  path: Assets/Scripts/Interaction/ColorLerper.cs
  artifactKey: Guid(9a8297cbcbf49429695ab851d267782b) Importer(2089858483,934ff659095e30574adcf32a4c2f97b5)
Start importing Assets/Scripts/Interaction/ColorLerper.cs using Guid(9a8297cbcbf49429695ab851d267782b) Importer(2089858483,934ff659095e30574adcf32a4c2f97b5)  -> (artifact id: '7edcac3a666cdbd7c200e050781b0046') in 0.004505 seconds 
========================================================================
Received Prepare
Registering precompiled user dll's ...
Registered in 0.611381 seconds.
Begin MonoManager ReloadAssembly
Symbol file LoadedFromMemory doesn't match image /Users/barbarostombaz/Developer/runner-003/Assets/ExternalDependencyManager/Editor/Google.VersionHandler.dll
Native extension for OSXStandalone target not found
Native extension for WebGL target not found
Refreshing native plugins compatible for Editor in 1.18 ms, found 4 plugins.
Preloading 0 native plugins for Editor in 0.00 ms.
Mono: successfully reloaded assembly
- Completed reload, in  5.414 seconds
Domain Reload Profiling:
	ReloadAssembly (5431ms)
		BeginReloadAssembly (385ms)
			ExecutionOrderSort (0ms)
			DisableScriptedObjects (7ms)
			BackupInstance (0ms)
			ReleaseScriptingObjects (0ms)
			CreateAndSetChildDomain (115ms)
		EndReloadAssembly (4977ms)
			LoadAssemblies (2291ms)
			RebuildTransferFunctionScriptingTraits (0ms)
			SetupTypeCache (508ms)
			ReleaseScriptCaches (2ms)
			RebuildScriptCaches (83ms)
			SetupLoadedEditorAssemblies (1900ms)
				LogAssemblyErrors (0ms)
				InitializePlatformSupportModulesInManaged (5ms)
				SetLoadedEditorAssemblies (1ms)
				RefreshPlugins (1ms)
				BeforeProcessingInitializeOnLoad (76ms)
				ProcessInitializeOnLoadAttributes (1765ms)
				ProcessInitializeOnLoadMethodAttributes (50ms)
				AfterProcessingInitializeOnLoad (1ms)
				EditorAssembliesLoaded (0ms)
			ExecutionOrderSort2 (0ms)
			AwakeInstancesAfterBackupRestoration (6ms)
Platform modules already initialized, skipping
Switching build target platform(2) subTarget(0) extendedPlatform(0) -> platform(13) subTarget(589824) extendedPlatform(0)
Refreshing native plugins compatible for Editor in 1.03 ms, found 4 plugins.
Preloading 0 native plugins for Editor in 0.00 ms.
Unloading 3665 Unused Serialized files (Serialized files now loaded: 0)
System memory in use before: 357.8 MB.
System memory in use after: 357.9 MB.

Unloading 182 unused Assets to reduce memory usage. Loaded Objects now: 4245.
Total: 6.451575 ms (FindLiveObjects: 0.349250 ms CreateObjectMapping: 0.160912 ms MarkObjects: 5.802591 ms  DeleteObjects: 0.137781 ms)

AssetImportParameters requested are different than current active one (requested -> active):
  custom:video-decoder-ogg-theora: a1e56fd34408186e4bbccfd4996cb3dc -> 
  custom:container-muxer-webm: aa71ff27fc2769a1b78a27578f13a17b -> 
  custom:container-demuxer-webm: 4f35f7cbe854078d1ac9338744f61a02 -> 
  custom:container-demuxer-ogg: 62fdf1f143b41e24485cea50d1cbac27 -> 
  custom:video-encoder-webm-vp8: eb34c28f22e8b96e1ab97ce403110664 -> 
  custom:framework-osx-AVFoundation: e770b220cccbd017edd2c1fefb359320 -> 
  custom:video-decoder-webm-vp8: 9c59270c3fd7afecdb556c50c9e8de78 -> 
  custom:graphics/normal-map-encoding: 01000000000000000000000000000000 -> 02000000000000000000000000000000
  custom:audio-decoder-ogg-vorbis: bf7c407c2cedff20999df2af8eb42d56 -> 
  custom:audio-encoder-webm-vorbis: bf7c407c2cedff20999df2af8eb42d56 -> 
========================================================================
Received Import Request.
  Time since last request: 510.063288 seconds.
  path: Assets/Scripts/Interaction/ColorLerper.cs
  artifactKey: Guid(9a8297cbcbf49429695ab851d267782b) Importer(815301076,1909f56bfc062723c751e8b465ee728b)
Start importing Assets/Scripts/Interaction/ColorLerper.cs using Guid(9a8297cbcbf49429695ab851d267782b) Importer(815301076,1909f56bfc062723c751e8b465ee728b)  -> (artifact id: 'eb50ecc789c8cc8a5d59fb382a6fa942') in 0.074208 seconds 
========================================================================
Received Prepare
Registering precompiled user dll's ...
Registered in 0.067769 seconds.
Begin MonoManager ReloadAssembly
Symbol file LoadedFromMemory doesn't match image /Users/barbarostombaz/Developer/runner-003/Assets/ExternalDependencyManager/Editor/Google.VersionHandler.dll
Native extension for OSXStandalone target not found
Native extension for WebGL target not found
Refreshing native plugins compatible for Editor in 1.33 ms, found 4 plugins.
Preloading 0 native plugins for Editor in 0.00 ms.
Mono: successfully reloaded assembly
- Completed reload, in  2.740 seconds
Domain Reload Profiling:
	ReloadAssembly (2752ms)
		BeginReloadAssembly (259ms)
			ExecutionOrderSort (0ms)
			DisableScriptedObjects (9ms)
			BackupInstance (0ms)
			ReleaseScriptingObjects (0ms)
			CreateAndSetChildDomain (124ms)
		EndReloadAssembly (2422ms)
			LoadAssemblies (558ms)
			RebuildTransferFunctionScriptingTraits (0ms)
			SetupTypeCache (451ms)
			ReleaseScriptCaches (2ms)
			RebuildScriptCaches (82ms)
			SetupLoadedEditorAssemblies (1119ms)
				LogAssemblyErrors (0ms)
				InitializePlatformSupportModulesInManaged (5ms)
				SetLoadedEditorAssemblies (1ms)
				RefreshPlugins (1ms)
				BeforeProcessingInitializeOnLoad (79ms)
				ProcessInitializeOnLoadAttributes (983ms)
				ProcessInitializeOnLoadMethodAttributes (48ms)
				AfterProcessingInitializeOnLoad (1ms)
				EditorAssembliesLoaded (0ms)
			ExecutionOrderSort2 (0ms)
			AwakeInstancesAfterBackupRestoration (6ms)
Platform modules already initialized, skipping
Switching build target platform(2) subTarget(0) extendedPlatform(0) -> platform(13) subTarget(589824) extendedPlatform(0)
Refreshing native plugins compatible for Editor in 1.03 ms, found 4 plugins.
Preloading 0 native plugins for Editor in 0.00 ms.
Unloading 3665 Unused Serialized files (Serialized files now loaded: 0)
System memory in use before: 358.0 MB.
System memory in use after: 358.2 MB.

Unloading 182 unused Assets to reduce memory usage. Loaded Objects now: 4248.
Total: 6.539616 ms (FindLiveObjects: 0.325099 ms CreateObjectMapping: 0.216019 ms MarkObjects: 5.833975 ms  DeleteObjects: 0.163607 ms)

AssetImportParameters requested are different than current active one (requested -> active):
  custom:video-decoder-ogg-theora: a1e56fd34408186e4bbccfd4996cb3dc -> 
  custom:container-muxer-webm: aa71ff27fc2769a1b78a27578f13a17b -> 
  custom:container-demuxer-webm: 4f35f7cbe854078d1ac9338744f61a02 -> 
  custom:container-demuxer-ogg: 62fdf1f143b41e24485cea50d1cbac27 -> 
  custom:video-encoder-webm-vp8: eb34c28f22e8b96e1ab97ce403110664 -> 
  custom:framework-osx-AVFoundation: e770b220cccbd017edd2c1fefb359320 -> 
  custom:video-decoder-webm-vp8: 9c59270c3fd7afecdb556c50c9e8de78 -> 
  custom:graphics/normal-map-encoding: 01000000000000000000000000000000 -> 02000000000000000000000000000000
  custom:audio-decoder-ogg-vorbis: bf7c407c2cedff20999df2af8eb42d56 -> 
  custom:audio-encoder-webm-vorbis: bf7c407c2cedff20999df2af8eb42d56 -> 
========================================================================
Received Prepare
Registering precompiled user dll's ...
Registered in 0.442460 seconds.
Begin MonoManager ReloadAssembly
Symbol file LoadedFromMemory doesn't match image /Users/barbarostombaz/Developer/runner-003/Assets/ExternalDependencyManager/Editor/Google.VersionHandler.dll
Native extension for OSXStandalone target not found
Native extension for WebGL target not found
Refreshing native plugins compatible for Editor in 1.09 ms, found 4 plugins.
Preloading 0 native plugins for Editor in 0.00 ms.
Mono: successfully reloaded assembly
- Completed reload, in  2.657 seconds
Domain Reload Profiling:
	ReloadAssembly (2672ms)
		BeginReloadAssembly (250ms)
			ExecutionOrderSort (0ms)
			DisableScriptedObjects (9ms)
			BackupInstance (0ms)
			ReleaseScriptingObjects (0ms)
			CreateAndSetChildDomain (124ms)
		EndReloadAssembly (2354ms)
			LoadAssemblies (488ms)
			RebuildTransferFunctionScriptingTraits (0ms)
			SetupTypeCache (480ms)
			ReleaseScriptCaches (2ms)
			RebuildScriptCaches (82ms)
			SetupLoadedEditorAssemblies (1111ms)
				LogAssemblyErrors (0ms)
				InitializePlatformSupportModulesInManaged (6ms)
				SetLoadedEditorAssemblies (1ms)
				RefreshPlugins (1ms)
				BeforeProcessingInitializeOnLoad (74ms)
				ProcessInitializeOnLoadAttributes (979ms)
				ProcessInitializeOnLoadMethodAttributes (50ms)
				AfterProcessingInitializeOnLoad (1ms)
				EditorAssembliesLoaded (0ms)
			ExecutionOrderSort2 (0ms)
			AwakeInstancesAfterBackupRestoration (6ms)
Platform modules already initialized, skipping
Switching build target platform(2) subTarget(0) extendedPlatform(0) -> platform(13) subTarget(589824) extendedPlatform(0)
Refreshing native plugins compatible for Editor in 1.15 ms, found 4 plugins.
Preloading 0 native plugins for Editor in 0.00 ms.
Unloading 3665 Unused Serialized files (Serialized files now loaded: 0)
System memory in use before: 358.4 MB.
System memory in use after: 358.5 MB.

Unloading 182 unused Assets to reduce memory usage. Loaded Objects now: 4251.
Total: 6.499150 ms (FindLiveObjects: 0.299864 ms CreateObjectMapping: 0.172727 ms MarkObjects: 5.596738 ms  DeleteObjects: 0.429037 ms)

AssetImportParameters requested are different than current active one (requested -> active):
  custom:video-decoder-ogg-theora: a1e56fd34408186e4bbccfd4996cb3dc -> 
  custom:container-muxer-webm: aa71ff27fc2769a1b78a27578f13a17b -> 
  custom:container-demuxer-webm: 4f35f7cbe854078d1ac9338744f61a02 -> 
  custom:container-demuxer-ogg: 62fdf1f143b41e24485cea50d1cbac27 -> 
  custom:video-encoder-webm-vp8: eb34c28f22e8b96e1ab97ce403110664 -> 
  custom:framework-osx-AVFoundation: e770b220cccbd017edd2c1fefb359320 -> 
  custom:video-decoder-webm-vp8: 9c59270c3fd7afecdb556c50c9e8de78 -> 
  custom:graphics/normal-map-encoding: 01000000000000000000000000000000 -> 02000000000000000000000000000000
  custom:audio-decoder-ogg-vorbis: bf7c407c2cedff20999df2af8eb42d56 -> 
  custom:audio-encoder-webm-vorbis: bf7c407c2cedff20999df2af8eb42d56 -> 
========================================================================
Received Prepare
Registering precompiled user dll's ...
Registered in 0.060460 seconds.
Begin MonoManager ReloadAssembly
Symbol file LoadedFromMemory doesn't match image /Users/barbarostombaz/Developer/runner-003/Assets/ExternalDependencyManager/Editor/Google.VersionHandler.dll
Native extension for OSXStandalone target not found
Native extension for WebGL target not found
Refreshing native plugins compatible for Editor in 1.04 ms, found 4 plugins.
Preloading 0 native plugins for Editor in 0.00 ms.
Mono: successfully reloaded assembly
- Completed reload, in  1.719 seconds
Domain Reload Profiling:
	ReloadAssembly (1719ms)
		BeginReloadAssembly (148ms)
			ExecutionOrderSort (0ms)
			DisableScriptedObjects (6ms)
			BackupInstance (0ms)
			ReleaseScriptingObjects (0ms)
			CreateAndSetChildDomain (75ms)
		EndReloadAssembly (1501ms)
			LoadAssemblies (88ms)
			RebuildTransferFunctionScriptingTraits (0ms)
			SetupTypeCache (422ms)
			ReleaseScriptCaches (2ms)
			RebuildScriptCaches (82ms)
			SetupLoadedEditorAssemblies (760ms)
				LogAssemblyErrors (0ms)
				InitializePlatformSupportModulesInManaged (5ms)
				SetLoadedEditorAssemblies (0ms)
				RefreshPlugins (1ms)
				BeforeProcessingInitializeOnLoad (75ms)
				ProcessInitializeOnLoadAttributes (626ms)
				ProcessInitializeOnLoadMethodAttributes (50ms)
				AfterProcessingInitializeOnLoad (1ms)
				EditorAssembliesLoaded (0ms)
			ExecutionOrderSort2 (0ms)
			AwakeInstancesAfterBackupRestoration (6ms)
Platform modules already initialized, skipping
Switching build target platform(2) subTarget(0) extendedPlatform(0) -> platform(13) subTarget(589824) extendedPlatform(0)
Refreshing native plugins compatible for Editor in 1.04 ms, found 4 plugins.
Preloading 0 native plugins for Editor in 0.00 ms.
Unloading 3665 Unused Serialized files (Serialized files now loaded: 0)
System memory in use before: 358.7 MB.
System memory in use after: 358.9 MB.

Unloading 182 unused Assets to reduce memory usage. Loaded Objects now: 4254.
Total: 6.522148 ms (FindLiveObjects: 0.333307 ms CreateObjectMapping: 0.225962 ms MarkObjects: 5.827708 ms  DeleteObjects: 0.134427 ms)

AssetImportParameters requested are different than current active one (requested -> active):
  custom:video-decoder-ogg-theora: a1e56fd34408186e4bbccfd4996cb3dc -> 
  custom:container-muxer-webm: aa71ff27fc2769a1b78a27578f13a17b -> 
  custom:container-demuxer-webm: 4f35f7cbe854078d1ac9338744f61a02 -> 
  custom:container-demuxer-ogg: 62fdf1f143b41e24485cea50d1cbac27 -> 
  custom:video-encoder-webm-vp8: eb34c28f22e8b96e1ab97ce403110664 -> 
  custom:framework-osx-AVFoundation: e770b220cccbd017edd2c1fefb359320 -> 
  custom:video-decoder-webm-vp8: 9c59270c3fd7afecdb556c50c9e8de78 -> 
  custom:graphics/normal-map-encoding: 01000000000000000000000000000000 -> 02000000000000000000000000000000
  custom:audio-decoder-ogg-vorbis: bf7c407c2cedff20999df2af8eb42d56 -> 
  custom:audio-encoder-webm-vorbis: bf7c407c2cedff20999df2af8eb42d56 -> 
========================================================================
Received Import Request.
  Time since last request: 1006.509299 seconds.
  path: Assets/Scripts/Interaction/ColorLerper.cs
  artifactKey: Guid(9a8297cbcbf49429695ab851d267782b) Importer(815301076,1909f56bfc062723c751e8b465ee728b)
Start importing Assets/Scripts/Interaction/ColorLerper.cs using Guid(9a8297cbcbf49429695ab851d267782b) Importer(815301076,1909f56bfc062723c751e8b465ee728b)  -> (artifact id: '02799209b61db11c00cef61505e5adb8') in 0.011971 seconds 
========================================================================
Received Prepare
Registering precompiled user dll's ...
Registered in 0.140601 seconds.
Begin MonoManager ReloadAssembly
Symbol file LoadedFromMemory doesn't match image /Users/barbarostombaz/Developer/runner-003/Assets/ExternalDependencyManager/Editor/Google.VersionHandler.dll
Native extension for OSXStandalone target not found
Native extension for WebGL target not found
Refreshing native plugins compatible for Editor in 1.14 ms, found 4 plugins.
Preloading 0 native plugins for Editor in 0.00 ms.
Mono: successfully reloaded assembly
- Completed reload, in  2.025 seconds
Domain Reload Profiling:
	ReloadAssembly (2043ms)
		BeginReloadAssembly (176ms)
			ExecutionOrderSort (0ms)
			DisableScriptedObjects (6ms)
			BackupInstance (0ms)
			ReleaseScriptingObjects (0ms)
			CreateAndSetChildDomain (82ms)
		EndReloadAssembly (1797ms)
			LoadAssemblies (379ms)
			RebuildTransferFunctionScriptingTraits (0ms)
			SetupTypeCache (406ms)
			ReleaseScriptCaches (2ms)
			RebuildScriptCaches (82ms)
			SetupLoadedEditorAssemblies (768ms)
				LogAssemblyErrors (0ms)
				InitializePlatformSupportModulesInManaged (5ms)
				SetLoadedEditorAssemblies (0ms)
				RefreshPlugins (1ms)
				BeforeProcessingInitializeOnLoad (74ms)
				ProcessInitializeOnLoadAttributes (637ms)
				ProcessInitializeOnLoadMethodAttributes (48ms)
				AfterProcessingInitializeOnLoad (1ms)
				EditorAssembliesLoaded (0ms)
			ExecutionOrderSort2 (0ms)
			AwakeInstancesAfterBackupRestoration (6ms)
Platform modules already initialized, skipping
Switching build target platform(2) subTarget(0) extendedPlatform(0) -> platform(13) subTarget(589824) extendedPlatform(0)
Refreshing native plugins compatible for Editor in 1.15 ms, found 4 plugins.
Preloading 0 native plugins for Editor in 0.00 ms.
Unloading 3665 Unused Serialized files (Serialized files now loaded: 0)
System memory in use before: 359.0 MB.
System memory in use after: 359.2 MB.

Unloading 182 unused Assets to reduce memory usage. Loaded Objects now: 4257.
Total: 6.418736 ms (FindLiveObjects: 0.329722 ms CreateObjectMapping: 0.281722 ms MarkObjects: 5.667534 ms  DeleteObjects: 0.138868 ms)

AssetImportParameters requested are different than current active one (requested -> active):
  custom:video-decoder-ogg-theora: a1e56fd34408186e4bbccfd4996cb3dc -> 
  custom:container-muxer-webm: aa71ff27fc2769a1b78a27578f13a17b -> 
  custom:container-demuxer-webm: 4f35f7cbe854078d1ac9338744f61a02 -> 
  custom:container-demuxer-ogg: 62fdf1f143b41e24485cea50d1cbac27 -> 
  custom:video-encoder-webm-vp8: eb34c28f22e8b96e1ab97ce403110664 -> 
  custom:framework-osx-AVFoundation: e770b220cccbd017edd2c1fefb359320 -> 
  custom:video-decoder-webm-vp8: 9c59270c3fd7afecdb556c50c9e8de78 -> 
  custom:graphics/normal-map-encoding: 01000000000000000000000000000000 -> 02000000000000000000000000000000
  custom:audio-decoder-ogg-vorbis: bf7c407c2cedff20999df2af8eb42d56 -> 
  custom:audio-encoder-webm-vorbis: bf7c407c2cedff20999df2af8eb42d56 -> 
========================================================================
Received Prepare
Registering precompiled user dll's ...
Registered in 0.078730 seconds.
Begin MonoManager ReloadAssembly
Symbol file LoadedFromMemory doesn't match image /Users/barbarostombaz/Developer/runner-003/Assets/ExternalDependencyManager/Editor/Google.VersionHandler.dll
Native extension for OSXStandalone target not found
Native extension for WebGL target not found
Refreshing native plugins compatible for Editor in 1.08 ms, found 4 plugins.
Preloading 0 native plugins for Editor in 0.00 ms.
Mono: successfully reloaded assembly
- Completed reload, in  2.034 seconds
Domain Reload Profiling:
	ReloadAssembly (2044ms)
		BeginReloadAssembly (157ms)
			ExecutionOrderSort (0ms)
			DisableScriptedObjects (6ms)
			BackupInstance (0ms)
			ReleaseScriptingObjects (0ms)
			CreateAndSetChildDomain (74ms)
		EndReloadAssembly (1818ms)
			LoadAssemblies (359ms)
			RebuildTransferFunctionScriptingTraits (0ms)
			SetupTypeCache (422ms)
			ReleaseScriptCaches (2ms)
			RebuildScriptCaches (83ms)
			SetupLoadedEditorAssemblies (779ms)
				LogAssemblyErrors (0ms)
				InitializePlatformSupportModulesInManaged (5ms)
				SetLoadedEditorAssemblies (0ms)
				RefreshPlugins (1ms)
				BeforeProcessingInitializeOnLoad (77ms)
				ProcessInitializeOnLoadAttributes (642ms)
				ProcessInitializeOnLoadMethodAttributes (52ms)
				AfterProcessingInitializeOnLoad (1ms)
				EditorAssembliesLoaded (0ms)
			ExecutionOrderSort2 (0ms)
			AwakeInstancesAfterBackupRestoration (6ms)
Platform modules already initialized, skipping
Switching build target platform(2) subTarget(0) extendedPlatform(0) -> platform(13) subTarget(589824) extendedPlatform(0)
Refreshing native plugins compatible for Editor in 1.16 ms, found 4 plugins.
Preloading 0 native plugins for Editor in 0.00 ms.
Unloading 3665 Unused Serialized files (Serialized files now loaded: 0)
System memory in use before: 359.3 MB.
System memory in use after: 359.5 MB.

Unloading 182 unused Assets to reduce memory usage. Loaded Objects now: 4260.
Total: 7.118755 ms (FindLiveObjects: 0.479035 ms CreateObjectMapping: 0.336172 ms MarkObjects: 6.026963 ms  DeleteObjects: 0.275363 ms)

AssetImportParameters requested are different than current active one (requested -> active):
  custom:video-decoder-ogg-theora: a1e56fd34408186e4bbccfd4996cb3dc -> 
  custom:container-muxer-webm: aa71ff27fc2769a1b78a27578f13a17b -> 
  custom:container-demuxer-webm: 4f35f7cbe854078d1ac9338744f61a02 -> 
  custom:container-demuxer-ogg: 62fdf1f143b41e24485cea50d1cbac27 -> 
  custom:video-encoder-webm-vp8: eb34c28f22e8b96e1ab97ce403110664 -> 
  custom:framework-osx-AVFoundation: e770b220cccbd017edd2c1fefb359320 -> 
  custom:video-decoder-webm-vp8: 9c59270c3fd7afecdb556c50c9e8de78 -> 
  custom:graphics/normal-map-encoding: 01000000000000000000000000000000 -> 02000000000000000000000000000000
  custom:audio-decoder-ogg-vorbis: bf7c407c2cedff20999df2af8eb42d56 -> 
  custom:audio-encoder-webm-vorbis: bf7c407c2cedff20999df2af8eb42d56 -> 
========================================================================
Received Prepare
Registering precompiled user dll's ...
Registered in 0.062207 seconds.
Begin MonoManager ReloadAssembly
Symbol file LoadedFromMemory doesn't match image /Users/barbarostombaz/Developer/runner-003/Assets/ExternalDependencyManager/Editor/Google.VersionHandler.dll
Native extension for OSXStandalone target not found
Native extension for WebGL target not found
Refreshing native plugins compatible for Editor in 1.44 ms, found 4 plugins.
Preloading 0 native plugins for Editor in 0.00 ms.
Mono: successfully reloaded assembly
- Completed reload, in  2.194 seconds
Domain Reload Profiling:
	ReloadAssembly (2199ms)
		BeginReloadAssembly (171ms)
			ExecutionOrderSort (0ms)
			DisableScriptedObjects (6ms)
			BackupInstance (0ms)
			ReleaseScriptingObjects (0ms)
			CreateAndSetChildDomain (71ms)
		EndReloadAssembly (1960ms)
			LoadAssemblies (166ms)
			RebuildTransferFunctionScriptingTraits (0ms)
			SetupTypeCache (401ms)
			ReleaseScriptCaches (2ms)
			RebuildScriptCaches (78ms)
			SetupLoadedEditorAssemblies (1038ms)
				LogAssemblyErrors (0ms)
				InitializePlatformSupportModulesInManaged (5ms)
				SetLoadedEditorAssemblies (0ms)
				RefreshPlugins (1ms)
				BeforeProcessingInitializeOnLoad (73ms)
				ProcessInitializeOnLoadAttributes (909ms)
				ProcessInitializeOnLoadMethodAttributes (48ms)
				AfterProcessingInitializeOnLoad (1ms)
				EditorAssembliesLoaded (0ms)
			ExecutionOrderSort2 (0ms)
			AwakeInstancesAfterBackupRestoration (6ms)
Platform modules already initialized, skipping
Switching build target platform(2) subTarget(0) extendedPlatform(0) -> platform(13) subTarget(589824) extendedPlatform(0)
Refreshing native plugins compatible for Editor in 3.16 ms, found 4 plugins.
Preloading 0 native plugins for Editor in 0.00 ms.
Unloading 3665 Unused Serialized files (Serialized files now loaded: 0)
System memory in use before: 359.6 MB.
System memory in use after: 359.8 MB.

Unloading 182 unused Assets to reduce memory usage. Loaded Objects now: 4263.
Total: 7.517044 ms (FindLiveObjects: 0.316609 ms CreateObjectMapping: 0.200300 ms MarkObjects: 6.854455 ms  DeleteObjects: 0.144455 ms)

AssetImportParameters requested are different than current active one (requested -> active):
  custom:video-decoder-ogg-theora: a1e56fd34408186e4bbccfd4996cb3dc -> 
  custom:container-muxer-webm: aa71ff27fc2769a1b78a27578f13a17b -> 
  custom:container-demuxer-webm: 4f35f7cbe854078d1ac9338744f61a02 -> 
  custom:container-demuxer-ogg: 62fdf1f143b41e24485cea50d1cbac27 -> 
  custom:video-encoder-webm-vp8: eb34c28f22e8b96e1ab97ce403110664 -> 
  custom:framework-osx-AVFoundation: e770b220cccbd017edd2c1fefb359320 -> 
  custom:video-decoder-webm-vp8: 9c59270c3fd7afecdb556c50c9e8de78 -> 
  custom:graphics/normal-map-encoding: 01000000000000000000000000000000 -> 02000000000000000000000000000000
  custom:audio-decoder-ogg-vorbis: bf7c407c2cedff20999df2af8eb42d56 -> 
  custom:audio-encoder-webm-vorbis: bf7c407c2cedff20999df2af8eb42d56 -> 
========================================================================
Received Prepare
Registering precompiled user dll's ...
Registered in 0.198625 seconds.
Begin MonoManager ReloadAssembly
Symbol file LoadedFromMemory doesn't match image /Users/barbarostombaz/Developer/runner-003/Assets/ExternalDependencyManager/Editor/Google.VersionHandler.dll
Native extension for OSXStandalone target not found
Native extension for WebGL target not found
Refreshing native plugins compatible for Editor in 1.03 ms, found 4 plugins.
Preloading 0 native plugins for Editor in 0.00 ms.
Mono: successfully reloaded assembly
- Completed reload, in  2.193 seconds
Domain Reload Profiling:
	ReloadAssembly (2197ms)
		BeginReloadAssembly (179ms)
			ExecutionOrderSort (0ms)
			DisableScriptedObjects (6ms)
			BackupInstance (0ms)
			ReleaseScriptingObjects (0ms)
			CreateAndSetChildDomain (72ms)
		EndReloadAssembly (1952ms)
			LoadAssemblies (353ms)
			RebuildTransferFunctionScriptingTraits (0ms)
			SetupTypeCache (397ms)
			ReleaseScriptCaches (2ms)
			RebuildScriptCaches (78ms)
			SetupLoadedEditorAssemblies (955ms)
				LogAssemblyErrors (0ms)
				InitializePlatformSupportModulesInManaged (5ms)
				SetLoadedEditorAssemblies (0ms)
				RefreshPlugins (1ms)
				BeforeProcessingInitializeOnLoad (72ms)
				ProcessInitializeOnLoadAttributes (827ms)
				ProcessInitializeOnLoadMethodAttributes (48ms)
				AfterProcessingInitializeOnLoad (1ms)
				EditorAssembliesLoaded (0ms)
			ExecutionOrderSort2 (0ms)
			AwakeInstancesAfterBackupRestoration (6ms)
Platform modules already initialized, skipping
Switching build target platform(2) subTarget(0) extendedPlatform(0) -> platform(13) subTarget(589824) extendedPlatform(0)
Refreshing native plugins compatible for Editor in 1.05 ms, found 4 plugins.
Preloading 0 native plugins for Editor in 0.00 ms.
Unloading 3665 Unused Serialized files (Serialized files now loaded: 0)
System memory in use before: 360.0 MB.
System memory in use after: 360.2 MB.

Unloading 182 unused Assets to reduce memory usage. Loaded Objects now: 4266.
Total: 6.179162 ms (FindLiveObjects: 0.274356 ms CreateObjectMapping: 0.169834 ms MarkObjects: 5.596682 ms  DeleteObjects: 0.137522 ms)

AssetImportParameters requested are different than current active one (requested -> active):
  custom:video-decoder-ogg-theora: a1e56fd34408186e4bbccfd4996cb3dc -> 
  custom:container-muxer-webm: aa71ff27fc2769a1b78a27578f13a17b -> 
  custom:container-demuxer-webm: 4f35f7cbe854078d1ac9338744f61a02 -> 
  custom:container-demuxer-ogg: 62fdf1f143b41e24485cea50d1cbac27 -> 
  custom:video-encoder-webm-vp8: eb34c28f22e8b96e1ab97ce403110664 -> 
  custom:framework-osx-AVFoundation: e770b220cccbd017edd2c1fefb359320 -> 
  custom:video-decoder-webm-vp8: 9c59270c3fd7afecdb556c50c9e8de78 -> 
  custom:graphics/normal-map-encoding: 01000000000000000000000000000000 -> 02000000000000000000000000000000
  custom:audio-decoder-ogg-vorbis: bf7c407c2cedff20999df2af8eb42d56 -> 
  custom:audio-encoder-webm-vorbis: bf7c407c2cedff20999df2af8eb42d56 -> 
========================================================================
Received Import Request.
  Time since last request: 401.751281 seconds.
  path: Assets/Prefabs/Block Square.prefab
  artifactKey: Guid(7a5097ea4e3ae4d45a288ae22a034566) Importer(815301076,1909f56bfc062723c751e8b465ee728b)
Start importing Assets/Prefabs/Block Square.prefab using Guid(7a5097ea4e3ae4d45a288ae22a034566) Importer(815301076,1909f56bfc062723c751e8b465ee728b)  -> (artifact id: '3bffc4896046e141e8fed21562cc5c06') in 0.057389 seconds 
========================================================================
Received Import Request.
  Time since last request: 0.000254 seconds.
  path: Assets/Prefabs/coinGold.prefab
  artifactKey: Guid(61b59b5a70e374d9084a1e06df408313) Importer(815301076,1909f56bfc062723c751e8b465ee728b)
Start importing Assets/Prefabs/coinGold.prefab using Guid(61b59b5a70e374d9084a1e06df408313) Importer(815301076,1909f56bfc062723c751e8b465ee728b)  -> (artifact id: '32de183f45925bb9f6a6f822729cc2b4') in 0.121058 seconds 
========================================================================
Received Import Request.
  Time since last request: 0.000202 seconds.
  path: Assets/Prefabs/Coin.prefab
  artifactKey: Guid(7e9cf4567264444c29215f0e56c4cbdf) Importer(815301076,1909f56bfc062723c751e8b465ee728b)
Start importing Assets/Prefabs/Coin.prefab using Guid(7e9cf4567264444c29215f0e56c4cbdf) Importer(815301076,1909f56bfc062723c751e8b465ee728b)  -> (artifact id: '926363c94409879eada7b205c8eb9ca7') in 0.042910 seconds 
========================================================================
Received Import Request.
  Time since last request: 0.000281 seconds.
  path: Assets/Prefabs/ExitArea.prefab
  artifactKey: Guid(6226a788f5a7a4d9eae101b83408693b) Importer(815301076,1909f56bfc062723c751e8b465ee728b)
Start importing Assets/Prefabs/ExitArea.prefab using Guid(6226a788f5a7a4d9eae101b83408693b) Importer(815301076,1909f56bfc062723c751e8b465ee728b)  -> (artifact id: 'b049c211c4e49776ff7374c1b06c7fe9') in 0.138354 seconds 
========================================================================
Received Import Request.
  Time since last request: 0.000307 seconds.
  path: Assets/Prefabs/Block 2x2.prefab
  artifactKey: Guid(9a7f32145d7824d5a9399f60456de72f) Importer(815301076,1909f56bfc062723c751e8b465ee728b)
Start importing Assets/Prefabs/Block 2x2.prefab using Guid(9a7f32145d7824d5a9399f60456de72f) Importer(815301076,1909f56bfc062723c751e8b465ee728b)  -> (artifact id: '84a03303668577cc871d2830a85d2672') in 0.005621 seconds 
========================================================================
Received Import Request.
  Time since last request: 0.000202 seconds.
  path: Assets/Prefabs/Floor.prefab
  artifactKey: Guid(c7933f1f7c6ae4eb5b98f76ae5c0e4a3) Importer(815301076,1909f56bfc062723c751e8b465ee728b)
Start importing Assets/Prefabs/Floor.prefab using Guid(c7933f1f7c6ae4eb5b98f76ae5c0e4a3) Importer(815301076,1909f56bfc062723c751e8b465ee728b)  -> (artifact id: '688e899392939d0641ddc5d734b28266') in 0.004871 seconds 
========================================================================
Received Import Request.
  Time since last request: 0.000249 seconds.
  path: Assets/Prefabs/Helicopter.prefab
  artifactKey: Guid(cf48a7695fcf44107ba75e769250ed61) Importer(815301076,1909f56bfc062723c751e8b465ee728b)
Start importing Assets/Prefabs/Helicopter.prefab using Guid(cf48a7695fcf44107ba75e769250ed61) Importer(815301076,1909f56bfc062723c751e8b465ee728b)  -> (artifact id: '9c093294b084317f3371c5e2c4eea97c') in 0.049930 seconds 
========================================================================
Received Import Request.
  Time since last request: 0.000213 seconds.
  path: Assets/Prefabs/Block 1x1.prefab
  artifactKey: Guid(3e653e2d2fe4d4b779e9b3aa4d53bb9f) Importer(815301076,1909f56bfc062723c751e8b465ee728b)
Start importing Assets/Prefabs/Block 1x1.prefab using Guid(3e653e2d2fe4d4b779e9b3aa4d53bb9f) Importer(815301076,1909f56bfc062723c751e8b465ee728b)  -> (artifact id: '487a58b234a9663ea6453a81780b4d15') in 0.034163 seconds 
========================================================================
Received Import Request.
  Time since last request: 0.000227 seconds.
  path: Assets/Prefabs/fx_laserFence_lasers_001.prefab
  artifactKey: Guid(8423597df55674c6782d5a91e59fdc7c) Importer(815301076,1909f56bfc062723c751e8b465ee728b)
Start importing Assets/Prefabs/fx_laserFence_lasers_001.prefab using Guid(8423597df55674c6782d5a91e59fdc7c) Importer(815301076,1909f56bfc062723c751e8b465ee728b)  -> (artifact id: 'd48fc15e6fa973cc1143f654d5a0287f') in 0.148391 seconds 
========================================================================
Received Import Request.
  Time since last request: 0.000207 seconds.
  path: Assets/Prefabs/Gargoyle.prefab
  artifactKey: Guid(760f5a3d3e5e7481f839e6fd676cdc9f) Importer(815301076,1909f56bfc062723c751e8b465ee728b)
Start importing Assets/Prefabs/Gargoyle.prefab using Guid(760f5a3d3e5e7481f839e6fd676cdc9f) Importer(815301076,1909f56bfc062723c751e8b465ee728b)  -> (artifact id: 'c8e33ed89e1707b24dffb6bdaedb21c8') in 0.128906 seconds 
========================================================================
Received Import Request.
  Time since last request: 0.000279 seconds.
  path: Assets/Prefabs/Ghost Test.prefab
  artifactKey: Guid(37cc46b440278477fbe3fdd614064c0f) Importer(815301076,1909f56bfc062723c751e8b465ee728b)
Start importing Assets/Prefabs/Ghost Test.prefab using Guid(37cc46b440278477fbe3fdd614064c0f) Importer(815301076,1909f56bfc062723c751e8b465ee728b)  -> (artifact id: '80917c3476434d040f7e0c1a8021c6fa') in 0.902728 seconds 
========================================================================
Received Import Request.
  Time since last request: 0.000196 seconds.
  path: Assets/Prefabs/Enemies3in1.prefab
  artifactKey: Guid(3fbae5e6beb984f0ab7ac4c62be72525) Importer(815301076,1909f56bfc062723c751e8b465ee728b)
Start importing Assets/Prefabs/Enemies3in1.prefab using Guid(3fbae5e6beb984f0ab7ac4c62be72525) Importer(815301076,1909f56bfc062723c751e8b465ee728b)  -> (artifact id: '87d230f30fa56ba63a9240fb755dc5cd') in 0.123486 seconds 
========================================================================
Received Import Request.
  Time since last request: 0.000273 seconds.
  path: Assets/Prefabs/Block 3x3.prefab
  artifactKey: Guid(4b3b3c0ece6da48e18cd423f86a2debe) Importer(815301076,1909f56bfc062723c751e8b465ee728b)
Start importing Assets/Prefabs/Block 3x3.prefab using Guid(4b3b3c0ece6da48e18cd423f86a2debe) Importer(815301076,1909f56bfc062723c751e8b465ee728b)  -> (artifact id: '1f3c470d4b0b5b2bde21bafbae15ec50') in 0.016604 seconds 
========================================================================
Received Import Request.
  Time since last request: 0.000181 seconds.
  path: Assets/Prefabs/Ghost.prefab
  artifactKey: Guid(a84127528c7a34127b6dd0b4dd8270ed) Importer(815301076,1909f56bfc062723c751e8b465ee728b)
Start importing Assets/Prefabs/Ghost.prefab using Guid(a84127528c7a34127b6dd0b4dd8270ed) Importer(815301076,1909f56bfc062723c751e8b465ee728b)  -> (artifact id: '8165eff85e4d280d5cbc9a9348994c1f') in 0.026058 seconds 
========================================================================
Received Import Request.
  Time since last request: 0.000237 seconds.
  path: Assets/Prefabs/Block Long.prefab
  artifactKey: Guid(ebef0092c0a254aec91bc62563a8db1a) Importer(815301076,1909f56bfc062723c751e8b465ee728b)
Start importing Assets/Prefabs/Block Long.prefab using Guid(ebef0092c0a254aec91bc62563a8db1a) Importer(815301076,1909f56bfc062723c751e8b465ee728b)  -> (artifact id: 'd56f77730fb663e2e98f40e8047f0824') in 0.003960 seconds 
========================================================================
Received Import Request.
  Time since last request: 0.000227 seconds.
  path: Assets/Prefabs/Enemy.prefab
  artifactKey: Guid(5506a355c262f4e6e93d30c0e93eb7ed) Importer(815301076,1909f56bfc062723c751e8b465ee728b)
Start importing Assets/Prefabs/Enemy.prefab using Guid(5506a355c262f4e6e93d30c0e93eb7ed) Importer(815301076,1909f56bfc062723c751e8b465ee728b)  -> (artifact id: '226db67f4404571e4edf8d6e9bd6853c') in 0.040859 seconds 
========================================================================
Received Import Request.
  Time since last request: 7.079485 seconds.
  path: Assets/Prefabs/Voxel/ColorLerpCube.prefab
  artifactKey: Guid(eae87288e878a442b83b64144e03c223) Importer(815301076,1909f56bfc062723c751e8b465ee728b)
Start importing Assets/Prefabs/Voxel/ColorLerpCube.prefab using Guid(eae87288e878a442b83b64144e03c223) Importer(815301076,1909f56bfc062723c751e8b465ee728b)  -> (artifact id: 'ff952f2d46779b44fb148460eac988a7') in 0.010137 seconds 
========================================================================
Received Import Request.
  Time since last request: 1.734176 seconds.
  path: Assets/Prefabs/Voxel/ColorLerpCubeTrigger.prefab
  artifactKey: Guid(e44091cf83ba74c9c9d422d88b153cda) Importer(815301076,1909f56bfc062723c751e8b465ee728b)
Start importing Assets/Prefabs/Voxel/ColorLerpCubeTrigger.prefab using Guid(e44091cf83ba74c9c9d422d88b153cda) Importer(815301076,1909f56bfc062723c751e8b465ee728b)  -> (artifact id: 'fd64d9cdb827451ab6fd11439e89859e') in 0.024889 seconds 
========================================================================
Received Prepare
Registering precompiled user dll's ...
Registered in 0.061141 seconds.
Begin MonoManager ReloadAssembly
Symbol file LoadedFromMemory doesn't match image /Users/barbarostombaz/Developer/runner-003/Assets/ExternalDependencyManager/Editor/Google.VersionHandler.dll
Native extension for OSXStandalone target not found
Native extension for WebGL target not found
Refreshing native plugins compatible for Editor in 1.04 ms, found 4 plugins.
Preloading 0 native plugins for Editor in 0.00 ms.
Mono: successfully reloaded assembly
- Completed reload, in  1.583 seconds
Domain Reload Profiling:
	ReloadAssembly (1584ms)
		BeginReloadAssembly (147ms)
			ExecutionOrderSort (0ms)
			DisableScriptedObjects (6ms)
			BackupInstance (0ms)
			ReleaseScriptingObjects (0ms)
			CreateAndSetChildDomain (74ms)
		EndReloadAssembly (1369ms)
			LoadAssemblies (84ms)
			RebuildTransferFunctionScriptingTraits (0ms)
			SetupTypeCache (397ms)
			ReleaseScriptCaches (2ms)
			RebuildScriptCaches (76ms)
			SetupLoadedEditorAssemblies (648ms)
				LogAssemblyErrors (0ms)
				InitializePlatformSupportModulesInManaged (5ms)
				SetLoadedEditorAssemblies (0ms)
				RefreshPlugins (1ms)
				BeforeProcessingInitializeOnLoad (72ms)
				ProcessInitializeOnLoadAttributes (520ms)
				ProcessInitializeOnLoadMethodAttributes (47ms)
				AfterProcessingInitializeOnLoad (1ms)
				EditorAssembliesLoaded (0ms)
			ExecutionOrderSort2 (0ms)
			AwakeInstancesAfterBackupRestoration (6ms)
Platform modules already initialized, skipping
Switching build target platform(2) subTarget(0) extendedPlatform(0) -> platform(13) subTarget(589824) extendedPlatform(0)
Refreshing native plugins compatible for Editor in 1.12 ms, found 4 plugins.
Preloading 0 native plugins for Editor in 0.00 ms.
Unloading 3665 Unused Serialized files (Serialized files now loaded: 0)
System memory in use before: 361.7 MB.
System memory in use after: 361.9 MB.

Unloading 183 unused Assets to reduce memory usage. Loaded Objects now: 4271.
Total: 6.540225 ms (FindLiveObjects: 0.276320 ms CreateObjectMapping: 0.167289 ms MarkObjects: 5.943232 ms  DeleteObjects: 0.152287 ms)

AssetImportParameters requested are different than current active one (requested -> active):
  custom:video-decoder-ogg-theora: a1e56fd34408186e4bbccfd4996cb3dc -> 
  custom:container-muxer-webm: aa71ff27fc2769a1b78a27578f13a17b -> 
  custom:container-demuxer-webm: 4f35f7cbe854078d1ac9338744f61a02 -> 
  custom:container-demuxer-ogg: 62fdf1f143b41e24485cea50d1cbac27 -> 
  custom:video-encoder-webm-vp8: eb34c28f22e8b96e1ab97ce403110664 -> 
  custom:framework-osx-AVFoundation: e770b220cccbd017edd2c1fefb359320 -> 
  custom:video-decoder-webm-vp8: 9c59270c3fd7afecdb556c50c9e8de78 -> 
  custom:graphics/normal-map-encoding: 01000000000000000000000000000000 -> 02000000000000000000000000000000
  custom:audio-decoder-ogg-vorbis: bf7c407c2cedff20999df2af8eb42d56 -> 
  custom:audio-encoder-webm-vorbis: bf7c407c2cedff20999df2af8eb42d56 -> 
========================================================================
Received Prepare
Registering precompiled user dll's ...
Registered in 0.112718 seconds.
Begin MonoManager ReloadAssembly
Symbol file LoadedFromMemory doesn't match image /Users/barbarostombaz/Developer/runner-003/Assets/ExternalDependencyManager/Editor/Google.VersionHandler.dll
Native extension for OSXStandalone target not found
Native extension for WebGL target not found
Refreshing native plugins compatible for Editor in 1.03 ms, found 4 plugins.
Preloading 0 native plugins for Editor in 0.00 ms.
Mono: successfully reloaded assembly
- Completed reload, in  1.939 seconds
Domain Reload Profiling:
	ReloadAssembly (1943ms)
		BeginReloadAssembly (183ms)
			ExecutionOrderSort (0ms)
			DisableScriptedObjects (6ms)
			BackupInstance (0ms)
			ReleaseScriptingObjects (0ms)
			CreateAndSetChildDomain (76ms)
		EndReloadAssembly (1694ms)
			LoadAssemblies (359ms)
			RebuildTransferFunctionScriptingTraits (0ms)
			SetupTypeCache (403ms)
			ReleaseScriptCaches (2ms)
			RebuildScriptCaches (75ms)
			SetupLoadedEditorAssemblies (718ms)
				LogAssemblyErrors (0ms)
				InitializePlatformSupportModulesInManaged (5ms)
				SetLoadedEditorAssemblies (0ms)
				RefreshPlugins (1ms)
				BeforeProcessingInitializeOnLoad (73ms)
				ProcessInitializeOnLoadAttributes (588ms)
				ProcessInitializeOnLoadMethodAttributes (49ms)
				AfterProcessingInitializeOnLoad (1ms)
				EditorAssembliesLoaded (0ms)
			ExecutionOrderSort2 (0ms)
			AwakeInstancesAfterBackupRestoration (6ms)
Platform modules already initialized, skipping
Switching build target platform(2) subTarget(0) extendedPlatform(0) -> platform(13) subTarget(589824) extendedPlatform(0)
Refreshing native plugins compatible for Editor in 1.04 ms, found 4 plugins.
Preloading 0 native plugins for Editor in 0.00 ms.
Unloading 3665 Unused Serialized files (Serialized files now loaded: 0)
System memory in use before: 362.1 MB.
System memory in use after: 362.3 MB.

Unloading 182 unused Assets to reduce memory usage. Loaded Objects now: 4274.
Total: 6.350799 ms (FindLiveObjects: 0.276563 ms CreateObjectMapping: 0.173516 ms MarkObjects: 5.767383 ms  DeleteObjects: 0.132402 ms)

AssetImportParameters requested are different than current active one (requested -> active):
  custom:video-decoder-ogg-theora: a1e56fd34408186e4bbccfd4996cb3dc -> 
  custom:container-muxer-webm: aa71ff27fc2769a1b78a27578f13a17b -> 
  custom:container-demuxer-webm: 4f35f7cbe854078d1ac9338744f61a02 -> 
  custom:container-demuxer-ogg: 62fdf1f143b41e24485cea50d1cbac27 -> 
  custom:video-encoder-webm-vp8: eb34c28f22e8b96e1ab97ce403110664 -> 
  custom:framework-osx-AVFoundation: e770b220cccbd017edd2c1fefb359320 -> 
  custom:video-decoder-webm-vp8: 9c59270c3fd7afecdb556c50c9e8de78 -> 
  custom:graphics/normal-map-encoding: 01000000000000000000000000000000 -> 02000000000000000000000000000000
  custom:audio-decoder-ogg-vorbis: bf7c407c2cedff20999df2af8eb42d56 -> 
  custom:audio-encoder-webm-vorbis: bf7c407c2cedff20999df2af8eb42d56 -> 
========================================================================
Received Import Request.
  Time since last request: 572.690294 seconds.
  path: Assets/Prefabs/Voxel/Unit.prefab
  artifactKey: Guid(b04a4c159a8a849e2857fa5300959988) Importer(815301076,1909f56bfc062723c751e8b465ee728b)
Start importing Assets/Prefabs/Voxel/Unit.prefab using Guid(b04a4c159a8a849e2857fa5300959988) Importer(815301076,1909f56bfc062723c751e8b465ee728b)  -> (artifact id: '59d3f8e1cea77e99b0487c72c56dd74a') in 0.105030 seconds 
========================================================================
Received Prepare
Registering precompiled user dll's ...
Registered in 0.148782 seconds.
Begin MonoManager ReloadAssembly
Symbol file LoadedFromMemory doesn't match image /Users/barbarostombaz/Developer/runner-003/Assets/ExternalDependencyManager/Editor/Google.VersionHandler.dll
Native extension for OSXStandalone target not found
Native extension for WebGL target not found
Refreshing native plugins compatible for Editor in 1.04 ms, found 4 plugins.
Preloading 0 native plugins for Editor in 0.00 ms.
Mono: successfully reloaded assembly
- Completed reload, in  2.109 seconds
Domain Reload Profiling:
	ReloadAssembly (2110ms)
		BeginReloadAssembly (219ms)
			ExecutionOrderSort (0ms)
			DisableScriptedObjects (6ms)
			BackupInstance (0ms)
			ReleaseScriptingObjects (0ms)
			CreateAndSetChildDomain (86ms)
		EndReloadAssembly (1822ms)
			LoadAssemblies (377ms)
			RebuildTransferFunctionScriptingTraits (0ms)
			SetupTypeCache (410ms)
			ReleaseScriptCaches (2ms)
			RebuildScriptCaches (81ms)
			SetupLoadedEditorAssemblies (807ms)
				LogAssemblyErrors (0ms)
				InitializePlatformSupportModulesInManaged (5ms)
				SetLoadedEditorAssemblies (0ms)
				RefreshPlugins (1ms)
				BeforeProcessingInitializeOnLoad (75ms)
				ProcessInitializeOnLoadAttributes (675ms)
				ProcessInitializeOnLoadMethodAttributes (49ms)
				AfterProcessingInitializeOnLoad (1ms)
				EditorAssembliesLoaded (0ms)
			ExecutionOrderSort2 (0ms)
			AwakeInstancesAfterBackupRestoration (6ms)
Platform modules already initialized, skipping
Switching build target platform(2) subTarget(0) extendedPlatform(0) -> platform(13) subTarget(589824) extendedPlatform(0)
Refreshing native plugins compatible for Editor in 1.05 ms, found 4 plugins.
Preloading 0 native plugins for Editor in 0.00 ms.
Unloading 3665 Unused Serialized files (Serialized files now loaded: 0)
System memory in use before: 362.5 MB.
System memory in use after: 362.7 MB.

Unloading 183 unused Assets to reduce memory usage. Loaded Objects now: 4278.
Total: 6.795939 ms (FindLiveObjects: 0.278204 ms CreateObjectMapping: 0.186122 ms MarkObjects: 6.146429 ms  DeleteObjects: 0.183939 ms)

AssetImportParameters requested are different than current active one (requested -> active):
  custom:video-decoder-ogg-theora: a1e56fd34408186e4bbccfd4996cb3dc -> 
  custom:container-muxer-webm: aa71ff27fc2769a1b78a27578f13a17b -> 
  custom:container-demuxer-webm: 4f35f7cbe854078d1ac9338744f61a02 -> 
  custom:container-demuxer-ogg: 62fdf1f143b41e24485cea50d1cbac27 -> 
  custom:video-encoder-webm-vp8: eb34c28f22e8b96e1ab97ce403110664 -> 
  custom:framework-osx-AVFoundation: e770b220cccbd017edd2c1fefb359320 -> 
  custom:video-decoder-webm-vp8: 9c59270c3fd7afecdb556c50c9e8de78 -> 
  custom:graphics/normal-map-encoding: 01000000000000000000000000000000 -> 02000000000000000000000000000000
  custom:audio-decoder-ogg-vorbis: bf7c407c2cedff20999df2af8eb42d56 -> 
  custom:audio-encoder-webm-vorbis: bf7c407c2cedff20999df2af8eb42d56 -> 
========================================================================
Received Prepare
Registering precompiled user dll's ...
Registered in 0.062389 seconds.
Begin MonoManager ReloadAssembly
Symbol file LoadedFromMemory doesn't match image /Users/barbarostombaz/Developer/runner-003/Assets/ExternalDependencyManager/Editor/Google.VersionHandler.dll
Native extension for OSXStandalone target not found
Native extension for WebGL target not found
Refreshing native plugins compatible for Editor in 1.05 ms, found 4 plugins.
Preloading 0 native plugins for Editor in 0.00 ms.
Mono: successfully reloaded assembly
- Completed reload, in  1.555 seconds
Domain Reload Profiling:
	ReloadAssembly (1555ms)
		BeginReloadAssembly (142ms)
			ExecutionOrderSort (0ms)
			DisableScriptedObjects (6ms)
			BackupInstance (0ms)
			ReleaseScriptingObjects (0ms)
			CreateAndSetChildDomain (70ms)
		EndReloadAssembly (1346ms)
			LoadAssemblies (84ms)
			RebuildTransferFunctionScriptingTraits (0ms)
			SetupTypeCache (399ms)
			ReleaseScriptCaches (2ms)
			RebuildScriptCaches (77ms)
			SetupLoadedEditorAssemblies (653ms)
				LogAssemblyErrors (0ms)
				InitializePlatformSupportModulesInManaged (5ms)
				SetLoadedEditorAssemblies (0ms)
				RefreshPlugins (1ms)
				BeforeProcessingInitializeOnLoad (72ms)
				ProcessInitializeOnLoadAttributes (524ms)
				ProcessInitializeOnLoadMethodAttributes (49ms)
				AfterProcessingInitializeOnLoad (2ms)
				EditorAssembliesLoaded (0ms)
			ExecutionOrderSort2 (0ms)
			AwakeInstancesAfterBackupRestoration (7ms)
Platform modules already initialized, skipping
Switching build target platform(2) subTarget(0) extendedPlatform(0) -> platform(13) subTarget(589824) extendedPlatform(0)
Refreshing native plugins compatible for Editor in 1.03 ms, found 4 plugins.
Preloading 0 native plugins for Editor in 0.00 ms.
Unloading 3665 Unused Serialized files (Serialized files now loaded: 0)
System memory in use before: 362.8 MB.
System memory in use after: 363.0 MB.

Unloading 182 unused Assets to reduce memory usage. Loaded Objects now: 4281.
Total: 6.041000 ms (FindLiveObjects: 0.268600 ms CreateObjectMapping: 0.166255 ms MarkObjects: 5.483018 ms  DeleteObjects: 0.122335 ms)

AssetImportParameters requested are different than current active one (requested -> active):
  custom:video-decoder-ogg-theora: a1e56fd34408186e4bbccfd4996cb3dc -> 
  custom:container-muxer-webm: aa71ff27fc2769a1b78a27578f13a17b -> 
  custom:container-demuxer-webm: 4f35f7cbe854078d1ac9338744f61a02 -> 
  custom:container-demuxer-ogg: 62fdf1f143b41e24485cea50d1cbac27 -> 
  custom:video-encoder-webm-vp8: eb34c28f22e8b96e1ab97ce403110664 -> 
  custom:framework-osx-AVFoundation: e770b220cccbd017edd2c1fefb359320 -> 
  custom:video-decoder-webm-vp8: 9c59270c3fd7afecdb556c50c9e8de78 -> 
  custom:graphics/normal-map-encoding: 01000000000000000000000000000000 -> 02000000000000000000000000000000
  custom:audio-decoder-ogg-vorbis: bf7c407c2cedff20999df2af8eb42d56 -> 
  custom:audio-encoder-webm-vorbis: bf7c407c2cedff20999df2af8eb42d56 -> 
========================================================================
Received Prepare
Registering precompiled user dll's ...
Registered in 0.120978 seconds.
Begin MonoManager ReloadAssembly
Symbol file LoadedFromMemory doesn't match image /Users/barbarostombaz/Developer/runner-003/Assets/ExternalDependencyManager/Editor/Google.VersionHandler.dll
Native extension for OSXStandalone target not found
Native extension for WebGL target not found
Refreshing native plugins compatible for Editor in 68.94 ms, found 4 plugins.
Preloading 0 native plugins for Editor in 0.00 ms.
Mono: successfully reloaded assembly
- Completed reload, in  2.577 seconds
Domain Reload Profiling:
	ReloadAssembly (2578ms)
		BeginReloadAssembly (275ms)
			ExecutionOrderSort (0ms)
			DisableScriptedObjects (9ms)
			BackupInstance (0ms)
			ReleaseScriptingObjects (0ms)
			CreateAndSetChildDomain (134ms)
		EndReloadAssembly (2231ms)
			LoadAssemblies (357ms)
			RebuildTransferFunctionScriptingTraits (0ms)
			SetupTypeCache (423ms)
			ReleaseScriptCaches (2ms)
			RebuildScriptCaches (77ms)
			SetupLoadedEditorAssemblies (928ms)
				LogAssemblyErrors (0ms)
				InitializePlatformSupportModulesInManaged (4ms)
				SetLoadedEditorAssemblies (0ms)
				RefreshPlugins (69ms)
				BeforeProcessingInitializeOnLoad (68ms)
				ProcessInitializeOnLoadAttributes (731ms)
				ProcessInitializeOnLoadMethodAttributes (54ms)
				AfterProcessingInitializeOnLoad (1ms)
				EditorAssembliesLoaded (0ms)
			ExecutionOrderSort2 (0ms)
			AwakeInstancesAfterBackupRestoration (6ms)
Platform modules already initialized, skipping
Switching build target platform(2) subTarget(0) extendedPlatform(0) -> platform(13) subTarget(589824) extendedPlatform(0)
Refreshing native plugins compatible for Editor in 0.96 ms, found 4 plugins.
Preloading 0 native plugins for Editor in 0.00 ms.
Unloading 2866 Unused Serialized files (Serialized files now loaded: 0)
System memory in use before: 341.9 MB.
System memory in use after: 342.1 MB.

Unloading 178 unused Assets to reduce memory usage. Loaded Objects now: 4284.
Total: 6.153061 ms (FindLiveObjects: 0.295227 ms CreateObjectMapping: 0.164686 ms MarkObjects: 5.391723 ms  DeleteObjects: 0.300612 ms)

AssetImportParameters requested are different than current active one (requested -> active):
  custom:video-decoder-ogg-theora: a1e56fd34408186e4bbccfd4996cb3dc -> 
  custom:container-muxer-webm: aa71ff27fc2769a1b78a27578f13a17b -> 
  custom:container-demuxer-webm: 4f35f7cbe854078d1ac9338744f61a02 -> 
  custom:container-demuxer-ogg: 62fdf1f143b41e24485cea50d1cbac27 -> 
  custom:video-encoder-webm-vp8: eb34c28f22e8b96e1ab97ce403110664 -> 
  custom:framework-osx-AVFoundation: e770b220cccbd017edd2c1fefb359320 -> 
  custom:video-decoder-webm-vp8: 9c59270c3fd7afecdb556c50c9e8de78 -> 
  custom:graphics/normal-map-encoding: 01000000000000000000000000000000 -> 02000000000000000000000000000000
  custom:audio-decoder-ogg-vorbis: bf7c407c2cedff20999df2af8eb42d56 -> 
  custom:audio-encoder-webm-vorbis: bf7c407c2cedff20999df2af8eb42d56 -> 
