Using pre-set license
Pro License: NO

 COMMAND LINE ARGUMENTS:
/Applications/Unity/Hub/Editor/2021.1.13f1/Unity.app/Contents/MacOS/Unity
-adb2
-batchMode
-noUpm
-name
AssetImportWorker6
-projectPath
/Users/barbarostombaz/Developer/proto-003
-logFile
Logs/AssetImportWorker6.log
-srvPort
49690
Successfully changed project path to: /Users/barbarostombaz/Developer/proto-003
/Users/barbarostombaz/Developer/proto-003
Using Asset Import Pipeline V2.
Refreshing native plugins compatible for Editor in 6827.94 ms, found 4 plugins.
Preloading 0 native plugins for Editor in 0.00 ms.
Initialize engine version: 2021.1.13f1 (a03098edbbe0)
[Subsystems] Discovering subsystems at path /Applications/Unity/Hub/Editor/2021.1.13f1/Unity.app/Contents/Resources/UnitySubsystems
[Subsystems] Discovering subsystems at path /Users/barbarostombaz/Developer/proto-003/Assets
GfxDevice: creating device client; threaded=0; jobified=0
2022-02-21 10:47:28.631 Unity[1809:46130] iMac preferred device: AMD Radeon Pro 575X (high power)
2022-02-21 10:47:28.631 Unity[1809:46130] Metal devices available: 1
2022-02-21 10:47:28.631 Unity[1809:46130] 0: AMD Radeon Pro 575X (high power)
2022-02-21 10:47:28.631 Unity[1809:46130] Using device AMD Radeon Pro 575X (high power)
Initializing Metal device caps: AMD Radeon Pro 575X
