Using pre-set license
Pro License: NO

 COMMAND LINE ARGUMENTS:
/Applications/Unity/Hub/Editor/2021.1.13f1/Unity.app/Contents/MacOS/Unity
-adb2
-batchMode
-noUpm
-name
AssetImportWorker1
-projectPath
/Users/barbarostombaz/Developer/runner-003
-logFile
Logs/AssetImportWorker1.log
-srvPort
50219
Successfully changed project path to: /Users/barbarostombaz/Developer/runner-003
/Users/barbarostombaz/Developer/runner-003
Using Asset Import Pipeline V2.
Refreshing native plugins compatible for Editor in 147.62 ms, found 4 plugins.
Preloading 0 native plugins for Editor in 0.00 ms.
Initialize engine version: 2021.1.13f1 (a03098edbbe0)
[Subsystems] Discovering subsystems at path /Applications/Unity/Hub/Editor/2021.1.13f1/Unity.app/Contents/Resources/UnitySubsystems
[Subsystems] Discovering subsystems at path /Users/barbarostombaz/Developer/runner-003/Assets
GfxDevice: creating device client; threaded=0; jobified=0
2021-10-14 17:20:40.952 Unity[2299:78948] iMac preferred device: AMD Radeon Pro 575X (high power)
2021-10-14 17:20:40.952 Unity[2299:78948] Metal devices available: 1
2021-10-14 17:20:40.952 Unity[2299:78948] 0: AMD Radeon Pro 575X (high power)
2021-10-14 17:20:40.952 Unity[2299:78948] Using device AMD Radeon Pro 575X (high power)
Initializing Metal device caps: AMD Radeon Pro 575X
Initialize mono
Mono path[0] = '/Applications/Unity/Hub/Editor/2021.1.13f1/Unity.app/Contents/Managed'
Mono path[1] = '/Applications/Unity/Hub/Editor/2021.1.13f1/Unity.app/Contents/MonoBleedingEdge/lib/mono/unityjit'
Mono config path = '/Applications/Unity/Hub/Editor/2021.1.13f1/Unity.app/Contents/MonoBleedingEdge/etc'
Using monoOptions --debugger-agent=transport=dt_socket,embedding=1,server=y,suspend=n,address=127.0.0.1:56299
Begin MonoManager ReloadAssembly
Registering precompiled unity dll's ...
Register platform support module: /Applications/Unity/Hub/Editor/2021.1.13f1/PlaybackEngines/WebGLSupport/UnityEditor.WebGL.Extensions.dll
Register platform support module: /Applications/Unity/Hub/Editor/2021.1.13f1/Unity.app/Contents/PlaybackEngines/MacStandaloneSupport/UnityEditor.OSXStandalone.Extensions.dll
Registered in 0.003097 seconds.
Native extension for OSXStandalone target not found
Native extension for WebGL target not found
Refreshing native plugins compatible for Editor in 66.83 ms, found 4 plugins.
Preloading 0 native plugins for Editor in 0.00 ms.
Mono: successfully reloaded assembly
- Completed reload, in  6.847 seconds
Domain Reload Profiling:
	ReloadAssembly (6872ms)
		BeginReloadAssembly (177ms)
			ExecutionOrderSort (0ms)
			DisableScriptedObjects (0ms)
			BackupInstance (0ms)
			ReleaseScriptingObjects (0ms)
			CreateAndSetChildDomain (1ms)
		EndReloadAssembly (895ms)
			LoadAssemblies (198ms)
			RebuildTransferFunctionScriptingTraits (9ms)
			SetupTypeCache (294ms)
			ReleaseScriptCaches (0ms)
			RebuildScriptCaches (37ms)
			SetupLoadedEditorAssemblies (419ms)
				LogAssemblyErrors (0ms)
				InitializePlatformSupportModulesInManaged (16ms)
				SetLoadedEditorAssemblies (0ms)
				RefreshPlugins (67ms)
				BeforeProcessingInitializeOnLoad (11ms)
				ProcessInitializeOnLoadAttributes (252ms)
				ProcessInitializeOnLoadMethodAttributes (52ms)
				AfterProcessingInitializeOnLoad (0ms)
				EditorAssembliesLoaded (20ms)
			ExecutionOrderSort2 (0ms)
			AwakeInstancesAfterBackupRestoration (0ms)
Platform modules already initialized, skipping
Registering precompiled user dll's ...
Registered in 0.064390 seconds.
Begin MonoManager ReloadAssembly
Symbol file LoadedFromMemory doesn't match image /Users/barbarostombaz/Developer/runner-003/Assets/ExternalDependencyManager/Editor/Google.VersionHandler.dll
Native extension for OSXStandalone target not found
Native extension for WebGL target not found
Refreshing native plugins compatible for Editor in 1.09 ms, found 4 plugins.
Preloading 0 native plugins for Editor in 0.00 ms.
WARNING: RGBA Compressed ETC2 sRGB format is not supported, decompressing texture
WARNING: RGBA Compressed ETC2 sRGB format is not supported, decompressing texture
WARNING: RGBA Compressed ETC2 sRGB format is not supported, decompressing texture
Mono: successfully reloaded assembly
- Completed reload, in  2.378 seconds
Domain Reload Profiling:
	ReloadAssembly (2379ms)
		BeginReloadAssembly (209ms)
			ExecutionOrderSort (0ms)
			DisableScriptedObjects (6ms)
			BackupInstance (0ms)
			ReleaseScriptingObjects (0ms)
			CreateAndSetChildDomain (66ms)
		EndReloadAssembly (2100ms)
			LoadAssemblies (157ms)
			RebuildTransferFunctionScriptingTraits (0ms)
			SetupTypeCache (629ms)
			ReleaseScriptCaches (1ms)
			RebuildScriptCaches (78ms)
			SetupLoadedEditorAssemblies (1106ms)
				LogAssemblyErrors (0ms)
				InitializePlatformSupportModulesInManaged (5ms)
				SetLoadedEditorAssemblies (0ms)
				RefreshPlugins (1ms)
				BeforeProcessingInitializeOnLoad (62ms)
				ProcessInitializeOnLoadAttributes (955ms)
				ProcessInitializeOnLoadMethodAttributes (60ms)
				AfterProcessingInitializeOnLoad (1ms)
				EditorAssembliesLoaded (21ms)
			ExecutionOrderSort2 (0ms)
			AwakeInstancesAfterBackupRestoration (7ms)
Platform modules already initialized, skipping
========================================================================
Worker process is ready to serve import requests
Launching external process: /Applications/Unity/Hub/Editor/2021.1.13f1/Unity.app/Contents/Tools/UnityShaderCompiler
Launched and connected shader compiler UnityShaderCompiler after 0.38 seconds
Refreshing native plugins compatible for Editor in 0.98 ms, found 4 plugins.
Preloading 0 native plugins for Editor in 0.00 ms.
Unloading 2984 Unused Serialized files (Serialized files now loaded: 0)
System memory in use before: 318.8 MB.
System memory in use after: 318.9 MB.

Unloading 188 unused Assets to reduce memory usage. Loaded Objects now: 3410.
Total: 5.743798 ms (FindLiveObjects: 0.251759 ms CreateObjectMapping: 0.158188 ms MarkObjects: 5.094745 ms  DeleteObjects: 0.238230 ms)

AssetImportParameters requested are different than current active one (requested -> active):
  custom:video-decoder-ogg-theora: a1e56fd34408186e4bbccfd4996cb3dc -> 
  custom:container-muxer-webm: aa71ff27fc2769a1b78a27578f13a17b -> 
  custom:container-demuxer-webm: 4f35f7cbe854078d1ac9338744f61a02 -> 
  custom:container-demuxer-ogg: 62fdf1f143b41e24485cea50d1cbac27 -> 
  custom:video-encoder-webm-vp8: eb34c28f22e8b96e1ab97ce403110664 -> 
  custom:framework-osx-AVFoundation: e770b220cccbd017edd2c1fefb359320 -> 
  custom:video-decoder-webm-vp8: 9c59270c3fd7afecdb556c50c9e8de78 -> 
  custom:audio-decoder-ogg-vorbis: bf7c407c2cedff20999df2af8eb42d56 -> 
  custom:audio-encoder-webm-vorbis: bf7c407c2cedff20999df2af8eb42d56 -> 
========================================================================
Received Import Request.
  path: Assets/Scenes/Level000.unity
  artifactKey: Guid(5479f579ed18243a4a8d982ace3b88a8) Importer(815301076,1909f56bfc062723c751e8b465ee728b)
Start importing Assets/Scenes/Level000.unity using Guid(5479f579ed18243a4a8d982ace3b88a8) Importer(815301076,1909f56bfc062723c751e8b465ee728b)  -> (artifact id: 'da086591e626956d2e52570a3b733880') in 0.006928 seconds 
========================================================================
Received Import Request.
  Time since last request: 0.000300 seconds.
  path: Assets/Scenes/Runner_003.unity
  artifactKey: Guid(b68d56a135f494eee865c52e4f5fe3c1) Importer(815301076,1909f56bfc062723c751e8b465ee728b)
Start importing Assets/Scenes/Runner_003.unity using Guid(b68d56a135f494eee865c52e4f5fe3c1) Importer(815301076,1909f56bfc062723c751e8b465ee728b)  -> (artifact id: '8ddb4dcfffa0853af138b29ebc29ecb4') in 0.001462 seconds 
========================================================================
Received Import Request.
  Time since last request: 267.554233 seconds.
  path: Assets/Scenes/Level003.unity
  artifactKey: Guid(c9eade997d5cc49c5bd10c9d423e1f35) Importer(815301076,1909f56bfc062723c751e8b465ee728b)
Start importing Assets/Scenes/Level003.unity using Guid(c9eade997d5cc49c5bd10c9d423e1f35) Importer(815301076,1909f56bfc062723c751e8b465ee728b)  -> (artifact id: '456a1ad8a01ab9fddb1ece961170caac') in 0.005942 seconds 
========================================================================
Received Import Request.
  Time since last request: 42.414327 seconds.
  path: Assets/Scenes/Runner_003.unity
  artifactKey: Guid(b68d56a135f494eee865c52e4f5fe3c1) Importer(2089858483,934ff659095e30574adcf32a4c2f97b5)
Start importing Assets/Scenes/Runner_003.unity using Guid(b68d56a135f494eee865c52e4f5fe3c1) Importer(2089858483,934ff659095e30574adcf32a4c2f97b5)  -> (artifact id: '678be1e61cb095d96b8fc1920dec019b') in 0.246238 seconds 
========================================================================
Received Import Request.
  Time since last request: 0.000221 seconds.
  path: Assets/Scripts/UI/UIAnimate.cs
  artifactKey: Guid(caffb73536e8c45349bb360f07337f3e) Importer(2089858483,934ff659095e30574adcf32a4c2f97b5)
Start importing Assets/Scripts/UI/UIAnimate.cs using Guid(caffb73536e8c45349bb360f07337f3e) Importer(2089858483,934ff659095e30574adcf32a4c2f97b5)  -> (artifact id: '1846c7978f740471424850a693d54d33') in 1.804568 seconds 
========================================================================
Received Import Request.
  Time since last request: 0.000269 seconds.
  path: Assets/Prefabs/Pickups/SM_Prop_Crate_Exclamation_01 (3).prefab
  artifactKey: Guid(934094928257d45a2a785e5bc38d2c0f) Importer(2089858483,934ff659095e30574adcf32a4c2f97b5)
Start importing Assets/Prefabs/Pickups/SM_Prop_Crate_Exclamation_01 (3).prefab using Guid(934094928257d45a2a785e5bc38d2c0f) Importer(2089858483,934ff659095e30574adcf32a4c2f97b5)  -> (artifact id: '3a02f7ff02d71839d7727bf2d9f61130') in 1.561179 seconds 
========================================================================
Received Import Request.
  Time since last request: 0.000191 seconds.
  path: Assets/Voodoo/VoodooCustomCharacter/Demo/Materials/SliderRamp Floor Green.mat
  artifactKey: Guid(a3feb198250654a7c803ff685b1060fc) Importer(2089858483,934ff659095e30574adcf32a4c2f97b5)
Start importing Assets/Voodoo/VoodooCustomCharacter/Demo/Materials/SliderRamp Floor Green.mat using Guid(a3feb198250654a7c803ff685b1060fc) Importer(2089858483,934ff659095e30574adcf32a4c2f97b5)  -> (artifact id: '69fee56356f98570fa12f5a7800cf6d0') in 0.402191 seconds 
========================================================================
Received Import Request.
  Time since last request: 0.000269 seconds.
  path: Assets/Scripts/Player.cs
  artifactKey: Guid(43b411d074a4a487e96aadf3648adbdd) Importer(2089858483,934ff659095e30574adcf32a4c2f97b5)
Start importing Assets/Scripts/Player.cs using Guid(43b411d074a4a487e96aadf3648adbdd) Importer(2089858483,934ff659095e30574adcf32a4c2f97b5)  -> (artifact id: '81dfcaf4a89d3c0caceacc4318bab1ca') in 0.004096 seconds 
========================================================================
Received Import Request.
  Time since last request: 0.000210 seconds.
  path: Assets/Prefabs/Pickups/Banknote Pickup.prefab
  artifactKey: Guid(13f6eb8ce28db4c07856ae1174a6f8e7) Importer(2089858483,934ff659095e30574adcf32a4c2f97b5)
Start importing Assets/Prefabs/Pickups/Banknote Pickup.prefab using Guid(13f6eb8ce28db4c07856ae1174a6f8e7) Importer(2089858483,934ff659095e30574adcf32a4c2f97b5)  -> (artifact id: 'd9760e0346ff62bbd930822fd6aa931f') in 0.004519 seconds 
========================================================================
Received Import Request.
  Time since last request: 0.000227 seconds.
  path: Assets/Prefabs/UI/BanknoteUI.prefab
  artifactKey: Guid(8bfae184bc61e4720a1ad3bb2fc7e60d) Importer(2089858483,934ff659095e30574adcf32a4c2f97b5)
Start importing Assets/Prefabs/UI/BanknoteUI.prefab using Guid(8bfae184bc61e4720a1ad3bb2fc7e60d) Importer(2089858483,934ff659095e30574adcf32a4c2f97b5)  -> (artifact id: '14465ce38ce753063f8d658039000435') in 0.003326 seconds 
========================================================================
Received Import Request.
  Time since last request: 0.000189 seconds.
  path: Assets/Scripts/Interaction/Trigger.cs
  artifactKey: Guid(a85475e82065e45afa1f35a5a013ec98) Importer(2089858483,934ff659095e30574adcf32a4c2f97b5)
Start importing Assets/Scripts/Interaction/Trigger.cs using Guid(a85475e82065e45afa1f35a5a013ec98) Importer(2089858483,934ff659095e30574adcf32a4c2f97b5)  -> (artifact id: 'c3121e1b0fad5d92ac17306ab09b7fd3') in 0.003690 seconds 
========================================================================
Received Import Request.
  Time since last request: 0.000223 seconds.
  path: Assets/Scripts/GameManager.cs
  artifactKey: Guid(54ada97ba208e42f29dd16f474b62f82) Importer(2089858483,934ff659095e30574adcf32a4c2f97b5)
Start importing Assets/Scripts/GameManager.cs using Guid(54ada97ba208e42f29dd16f474b62f82) Importer(2089858483,934ff659095e30574adcf32a4c2f97b5)  -> (artifact id: '8ec3a73d44691df3c6dceac4d888c2e4') in 0.003867 seconds 
========================================================================
Received Import Request.
  Time since last request: 0.000222 seconds.
  path: Assets/Prefabs/Level.prefab
  artifactKey: Guid(549c69af39b84624b8a053537c407def) Importer(2089858483,934ff659095e30574adcf32a4c2f97b5)
Start importing Assets/Prefabs/Level.prefab using Guid(549c69af39b84624b8a053537c407def) Importer(2089858483,934ff659095e30574adcf32a4c2f97b5)  -> (artifact id: 'aa07def09ad57bd7953225de03bfe6e3') in 0.003426 seconds 
========================================================================
Received Import Request.
  Time since last request: 0.000189 seconds.
  path: Assets/Scripts/ObjectSpawner.cs
  artifactKey: Guid(2e1bd4a61f6414968bbdbff0762f5f31) Importer(2089858483,934ff659095e30574adcf32a4c2f97b5)
Start importing Assets/Scripts/ObjectSpawner.cs using Guid(2e1bd4a61f6414968bbdbff0762f5f31) Importer(2089858483,934ff659095e30574adcf32a4c2f97b5)  -> (artifact id: 'f90624660ca64abd760063cdeaee04dd') in 0.003497 seconds 
========================================================================
Received Import Request.
  Time since last request: 0.000273 seconds.
  path: Assets/Voodoo/VoodooCustomCharacter/Demo/Materials/SliderRamp Floor Dark Blue.mat
  artifactKey: Guid(4b999ab6e07a74c909a814f877f814e6) Importer(2089858483,934ff659095e30574adcf32a4c2f97b5)
Start importing Assets/Voodoo/VoodooCustomCharacter/Demo/Materials/SliderRamp Floor Dark Blue.mat using Guid(4b999ab6e07a74c909a814f877f814e6) Importer(2089858483,934ff659095e30574adcf32a4c2f97b5)  -> (artifact id: 'c5d4e02aa57545ead6657a7ce5bb4693') in 0.005559 seconds 
========================================================================
Received Import Request.
  Time since last request: 0.000229 seconds.
  path: Assets/Scripts/Entities
  artifactKey: Guid(23edd8d7f959042b9919126a5f07ed9c) Importer(2089858483,934ff659095e30574adcf32a4c2f97b5)
Start importing Assets/Scripts/Entities using Guid(23edd8d7f959042b9919126a5f07ed9c) Importer(2089858483,934ff659095e30574adcf32a4c2f97b5)  -> (artifact id: 'afdb044783ef79a3194bc19ac877786c') in 0.003331 seconds 
========================================================================
Received Import Request.
  Time since last request: 223.062028 seconds.
  path: Assets/Timelines
  artifactKey: Guid(4d157d6e2db7d4eabaac99b9a5542b4b) Importer(815301076,1909f56bfc062723c751e8b465ee728b)
Start importing Assets/Timelines using Guid(4d157d6e2db7d4eabaac99b9a5542b4b) Importer(815301076,1909f56bfc062723c751e8b465ee728b)  -> (artifact id: '850a94e06b6e68b0ad0d090fb3c00369') in 0.002550 seconds 
========================================================================
Received Import Request.
  Time since last request: 0.752388 seconds.
  path: Assets/Timelines
  artifactKey: Guid(4d157d6e2db7d4eabaac99b9a5542b4b) Importer(2089858483,934ff659095e30574adcf32a4c2f97b5)
Start importing Assets/Timelines using Guid(4d157d6e2db7d4eabaac99b9a5542b4b) Importer(2089858483,934ff659095e30574adcf32a4c2f97b5)  -> (artifact id: '9a3877cdc8704d008e06507a86cf71de') in 0.003232 seconds 
========================================================================
Received Import Request.
  Time since last request: 9.844835 seconds.
  path: Assets/Timelines/Timeline 2.playable
  artifactKey: Guid(77f0e780b6c0e48ac9c332ea676c52c0) Importer(2089858483,934ff659095e30574adcf32a4c2f97b5)
Start importing Assets/Timelines/Timeline 2.playable using Guid(77f0e780b6c0e48ac9c332ea676c52c0) Importer(2089858483,934ff659095e30574adcf32a4c2f97b5)  -> (artifact id: 'ebe4dcb1f6058b5642367da0a2590867') in 0.253610 seconds 
========================================================================
Received Import Request.
  Time since last request: 272.257890 seconds.
  path: Assets/Signal Assets
  artifactKey: Guid(272ccb8bc62dd4157b4989c173cb5495) Importer(2089858483,934ff659095e30574adcf32a4c2f97b5)
Start importing Assets/Signal Assets using Guid(272ccb8bc62dd4157b4989c173cb5495) Importer(2089858483,934ff659095e30574adcf32a4c2f97b5)  -> (artifact id: '8bf6a3c58a58c6dee75c4ed0bf09be22') in 0.009341 seconds 
========================================================================
Received Import Request.
  Time since last request: 0.000271 seconds.
  path: Assets/Signal Assets/DoorTrigger.signal
  artifactKey: Guid(b86796b08df774dc889ea09c484fe446) Importer(2089858483,934ff659095e30574adcf32a4c2f97b5)
Start importing Assets/Signal Assets/DoorTrigger.signal using Guid(b86796b08df774dc889ea09c484fe446) Importer(2089858483,934ff659095e30574adcf32a4c2f97b5)  -> (artifact id: 'df24277c299e11e908190cff9115d745') in 0.175623 seconds 
========================================================================
Received Import Request.
  Time since last request: 0.000273 seconds.
  path: Assets/Signal Assets/TimelineFinished.signal
  artifactKey: Guid(439599419072343c2b3e18ae1104e562) Importer(2089858483,934ff659095e30574adcf32a4c2f97b5)
Start importing Assets/Signal Assets/TimelineFinished.signal using Guid(439599419072343c2b3e18ae1104e562) Importer(2089858483,934ff659095e30574adcf32a4c2f97b5)  -> (artifact id: '6c75c99b035c9922cdf0d3a5fc0a2d2e') in 0.004033 seconds 
========================================================================
Received Import Request.
  Time since last request: 151.008903 seconds.
  path: Assets/Animation/Helicopter.controller
  artifactKey: Guid(5ef0a4218453e4790b11f5f059eaa2af) Importer(815301076,1909f56bfc062723c751e8b465ee728b)
Start importing Assets/Animation/Helicopter.controller using Guid(5ef0a4218453e4790b11f5f059eaa2af) Importer(815301076,1909f56bfc062723c751e8b465ee728b)  -> (artifact id: '50e5f1fcd86459f2f118aeb3c3420823') in 0.185025 seconds 
========================================================================
Received Import Request.
  Time since last request: 46.157910 seconds.
  path: Assets/Scenes/Runner_003.unity
  artifactKey: Guid(b68d56a135f494eee865c52e4f5fe3c1) Importer(2089858483,934ff659095e30574adcf32a4c2f97b5)
Start importing Assets/Scenes/Runner_003.unity using Guid(b68d56a135f494eee865c52e4f5fe3c1) Importer(2089858483,934ff659095e30574adcf32a4c2f97b5)  -> (artifact id: '751194985f3403e5d09a2ee4c3893fa6') in 0.007015 seconds 
========================================================================
Received Import Request.
  Time since last request: 315.653098 seconds.
  path: Assets/Timelines/Timeline 2.playable
  artifactKey: Guid(77f0e780b6c0e48ac9c332ea676c52c0) Importer(2089858483,934ff659095e30574adcf32a4c2f97b5)
Start importing Assets/Timelines/Timeline 2.playable using Guid(77f0e780b6c0e48ac9c332ea676c52c0) Importer(2089858483,934ff659095e30574adcf32a4c2f97b5)  -> (artifact id: '633c209bf4b0ae30ce0ec42b158ecb36') in 0.041168 seconds 
========================================================================
Received Import Request.
  Time since last request: 0.000247 seconds.
  path: Assets/Unity-UI-Rounded-Corners/Examples/RoundedCornersTextureMaterial.mat
  artifactKey: Guid(6283e600cc258474490d63f2038384c5) Importer(2089858483,934ff659095e30574adcf32a4c2f97b5)
Start importing Assets/Unity-UI-Rounded-Corners/Examples/RoundedCornersTextureMaterial.mat using Guid(6283e600cc258474490d63f2038384c5) Importer(2089858483,934ff659095e30574adcf32a4c2f97b5)  -> (artifact id: 'f7d929b0a23bf14422013279b35c85f4') in 0.017194 seconds 
========================================================================
Received Import Request.
  Time since last request: 0.000198 seconds.
  path: Assets/Scenes/Runner_003.unity
  artifactKey: Guid(b68d56a135f494eee865c52e4f5fe3c1) Importer(2089858483,934ff659095e30574adcf32a4c2f97b5)
Start importing Assets/Scenes/Runner_003.unity using Guid(b68d56a135f494eee865c52e4f5fe3c1) Importer(2089858483,934ff659095e30574adcf32a4c2f97b5)  -> (artifact id: '012df285da64bdc33e71f17bd0a1a918') in 0.004409 seconds 
========================================================================
Received Import Request.
  Time since last request: 356.694523 seconds.
  path: Assets/Prefabs/NPCs
  artifactKey: Guid(4c51d33a843484506bc0436c16481389) Importer(2089858483,934ff659095e30574adcf32a4c2f97b5)
Start importing Assets/Prefabs/NPCs using Guid(4c51d33a843484506bc0436c16481389) Importer(2089858483,934ff659095e30574adcf32a4c2f97b5)  -> (artifact id: 'b2dfc418f907c88222248fe29de6ea1b') in 0.003577 seconds 
========================================================================
Received Import Request.
  Time since last request: 0.000241 seconds.
  path: Assets/Prefabs/NPCs/Bot1.prefab
  artifactKey: Guid(c3847122697c5bb449964d7a34623df6) Importer(2089858483,934ff659095e30574adcf32a4c2f97b5)
Start importing Assets/Prefabs/NPCs/Bot1.prefab using Guid(c3847122697c5bb449964d7a34623df6) Importer(2089858483,934ff659095e30574adcf32a4c2f97b5)  -> (artifact id: '9a0643438807cbdc0c6682a0944dcaa1') in 0.116950 seconds 
========================================================================
Received Import Request.
  Time since last request: 0.000205 seconds.
  path: Assets/Prefabs/NPCs/Bot2.prefab
  artifactKey: Guid(4c3e66e6b6a4eca4b9eff5cd799a3c3a) Importer(2089858483,934ff659095e30574adcf32a4c2f97b5)
Start importing Assets/Prefabs/NPCs/Bot2.prefab using Guid(4c3e66e6b6a4eca4b9eff5cd799a3c3a) Importer(2089858483,934ff659095e30574adcf32a4c2f97b5)  -> (artifact id: 'c44849af016c549ef1604ad4507adc97') in 0.006494 seconds 
========================================================================
Received Import Request.
  Time since last request: 0.000209 seconds.
  path: Assets/Prefabs/NPCs/Prisoner.prefab
  artifactKey: Guid(f6eba677f49b847a0a19d0a233425463) Importer(2089858483,934ff659095e30574adcf32a4c2f97b5)
Start importing Assets/Prefabs/NPCs/Prisoner.prefab using Guid(f6eba677f49b847a0a19d0a233425463) Importer(2089858483,934ff659095e30574adcf32a4c2f97b5)  -> (artifact id: 'ce835823e486caa93c27130eac07bede') in 0.007439 seconds 
========================================================================
Received Import Request.
  Time since last request: 0.000202 seconds.
  path: Assets/Prefabs/NPCs/Ragdoll.prefab
  artifactKey: Guid(c1d889bdfa8fb496ca83bc312bfc6868) Importer(2089858483,934ff659095e30574adcf32a4c2f97b5)
Start importing Assets/Prefabs/NPCs/Ragdoll.prefab using Guid(c1d889bdfa8fb496ca83bc312bfc6868) Importer(2089858483,934ff659095e30574adcf32a4c2f97b5)  -> (artifact id: 'cec167ff6da7c5e7a25c3d92c137f9be') in 0.006682 seconds 
========================================================================
Received Import Request.
  Time since last request: 0.000223 seconds.
  path: Assets/Prefabs/NPCs/Player.prefab
  artifactKey: Guid(3ef6cbdedae37954382f645eba19a746) Importer(2089858483,934ff659095e30574adcf32a4c2f97b5)
Start importing Assets/Prefabs/NPCs/Player.prefab using Guid(3ef6cbdedae37954382f645eba19a746) Importer(2089858483,934ff659095e30574adcf32a4c2f97b5)  -> (artifact id: 'cbcfa258f3eff4474fcc146286ae002f') in 0.006529 seconds 
========================================================================
Received Import Request.
  Time since last request: 0.000218 seconds.
  path: Assets/Prefabs/NPCs/PrisonerWaypoints.prefab
  artifactKey: Guid(ff12c2868a2794ce884b300bb5aaa99c) Importer(2089858483,934ff659095e30574adcf32a4c2f97b5)
Start importing Assets/Prefabs/NPCs/PrisonerWaypoints.prefab using Guid(ff12c2868a2794ce884b300bb5aaa99c) Importer(2089858483,934ff659095e30574adcf32a4c2f97b5)  -> (artifact id: '454b091e1cf5114a04db0ac46e209b5f') in 0.006439 seconds 
========================================================================
Received Import Request.
  Time since last request: 0.000207 seconds.
  path: Assets/Prefabs/NPCs/PlayerCrusher.prefab
  artifactKey: Guid(64020253ee79a43a488c8b95291adb47) Importer(2089858483,934ff659095e30574adcf32a4c2f97b5)
Start importing Assets/Prefabs/NPCs/PlayerCrusher.prefab using Guid(64020253ee79a43a488c8b95291adb47) Importer(2089858483,934ff659095e30574adcf32a4c2f97b5)  -> (artifact id: 'e2f0a2ffcee73a348fc74df06cf7950e') in 0.006818 seconds 
========================================================================
Received Import Request.
  Time since last request: 0.000210 seconds.
  path: Assets/Prefabs/NPCs/Ragdoll_not.prefab
  artifactKey: Guid(6a9ce50d8d02e43e39a52e3cf2a96ac3) Importer(2089858483,934ff659095e30574adcf32a4c2f97b5)
Start importing Assets/Prefabs/NPCs/Ragdoll_not.prefab using Guid(6a9ce50d8d02e43e39a52e3cf2a96ac3) Importer(2089858483,934ff659095e30574adcf32a4c2f97b5)  -> (artifact id: '98d80742e3c01bac033296fce64881b4') in 0.006099 seconds 
========================================================================
Received Import Request.
  Time since last request: 2.098940 seconds.
  path: Assets/Prefabs/NPCs/Boy1.prefab
  artifactKey: Guid(3a2f7e013a36740b8a092e814f0ba09c) Importer(815301076,1909f56bfc062723c751e8b465ee728b)
Start importing Assets/Prefabs/NPCs/Boy1.prefab using Guid(3a2f7e013a36740b8a092e814f0ba09c) Importer(815301076,1909f56bfc062723c751e8b465ee728b)  -> (artifact id: 'cdc1212326ffd50b71d7e4f126ee1958') in 0.963132 seconds 
========================================================================
Received Import Request.
  Time since last request: 0.000250 seconds.
  path: Assets/Prefabs/NPCs/Boy1.prefab
  artifactKey: Guid(3a2f7e013a36740b8a092e814f0ba09c) Importer(2089858483,934ff659095e30574adcf32a4c2f97b5)
Start importing Assets/Prefabs/NPCs/Boy1.prefab using Guid(3a2f7e013a36740b8a092e814f0ba09c) Importer(2089858483,934ff659095e30574adcf32a4c2f97b5)  -> (artifact id: 'eb2c694d616b67c9187c44e8865f222e') in 0.005556 seconds 
========================================================================
Received Import Request.
  Time since last request: 51.081379 seconds.
  path: Assets/UnitTemplates
  artifactKey: Guid(83c67750076624896bdff7465ed13c55) Importer(2089858483,934ff659095e30574adcf32a4c2f97b5)
Start importing Assets/UnitTemplates using Guid(83c67750076624896bdff7465ed13c55) Importer(2089858483,934ff659095e30574adcf32a4c2f97b5)  -> (artifact id: '0d259946179e300545c0dfbee2190306') in 0.006769 seconds 
========================================================================
Received Import Request.
  Time since last request: 110.130372 seconds.
  path: Assets/Scenes/Runner_003.unity
  artifactKey: Guid(b68d56a135f494eee865c52e4f5fe3c1) Importer(2089858483,934ff659095e30574adcf32a4c2f97b5)
Start importing Assets/Scenes/Runner_003.unity using Guid(b68d56a135f494eee865c52e4f5fe3c1) Importer(2089858483,934ff659095e30574adcf32a4c2f97b5)  -> (artifact id: '0700c452a728efa5bc130f437c738dda') in 0.005623 seconds 
========================================================================
Received Import Request.
  Time since last request: 115.659741 seconds.
  path: Assets/Prefabs/VFX/NAConfettiSprayRainbow.prefab
  artifactKey: Guid(b0bdf630f2f53490083adbc286317ad9) Importer(815301076,1909f56bfc062723c751e8b465ee728b)
Start importing Assets/Prefabs/VFX/NAConfettiSprayRainbow.prefab using Guid(b0bdf630f2f53490083adbc286317ad9) Importer(815301076,1909f56bfc062723c751e8b465ee728b)  -> (artifact id: '3866684a5e3b948d8440933a1f3c81a2') in 0.182977 seconds 
========================================================================
Received Import Request.
  Time since last request: 159.331787 seconds.
  path: Assets/Scenes/Runner_003.unity
  artifactKey: Guid(b68d56a135f494eee865c52e4f5fe3c1) Importer(2089858483,934ff659095e30574adcf32a4c2f97b5)
Start importing Assets/Scenes/Runner_003.unity using Guid(b68d56a135f494eee865c52e4f5fe3c1) Importer(2089858483,934ff659095e30574adcf32a4c2f97b5)  -> (artifact id: '04a73f9f081e8fbcce5bc3912952d999') in 0.007135 seconds 
========================================================================
Received Import Request.
  Time since last request: 716.312616 seconds.
  path: Assets/Timelines/Timeline 2.playable
  artifactKey: Guid(77f0e780b6c0e48ac9c332ea676c52c0) Importer(2089858483,934ff659095e30574adcf32a4c2f97b5)
Start importing Assets/Timelines/Timeline 2.playable using Guid(77f0e780b6c0e48ac9c332ea676c52c0) Importer(2089858483,934ff659095e30574adcf32a4c2f97b5)  -> (artifact id: 'd3f6d19021301828c7150fae89592a83') in 0.043349 seconds 
========================================================================
Received Import Request.
  Time since last request: 0.000212 seconds.
  path: Assets/Scenes/Runner_003.unity
  artifactKey: Guid(b68d56a135f494eee865c52e4f5fe3c1) Importer(2089858483,934ff659095e30574adcf32a4c2f97b5)
Start importing Assets/Scenes/Runner_003.unity using Guid(b68d56a135f494eee865c52e4f5fe3c1) Importer(2089858483,934ff659095e30574adcf32a4c2f97b5)  -> (artifact id: 'f6de81d49db2cd5bf9906e0ac244bd29') in 0.004005 seconds 
========================================================================
Received Import Request.
  Time since last request: 135.484666 seconds.
  path: Assets/Timelines/Timeline 2.playable
  artifactKey: Guid(77f0e780b6c0e48ac9c332ea676c52c0) Importer(2089858483,934ff659095e30574adcf32a4c2f97b5)
Start importing Assets/Timelines/Timeline 2.playable using Guid(77f0e780b6c0e48ac9c332ea676c52c0) Importer(2089858483,934ff659095e30574adcf32a4c2f97b5)  -> (artifact id: '284903f6a1dc4a29ff5cc6d8252822e5') in 0.024617 seconds 
========================================================================
Received Import Request.
  Time since last request: 0.000350 seconds.
  path: Assets/Scenes/Runner_003.unity
  artifactKey: Guid(b68d56a135f494eee865c52e4f5fe3c1) Importer(2089858483,934ff659095e30574adcf32a4c2f97b5)
Start importing Assets/Scenes/Runner_003.unity using Guid(b68d56a135f494eee865c52e4f5fe3c1) Importer(2089858483,934ff659095e30574adcf32a4c2f97b5)  -> (artifact id: '8953f2f6f2beade8d0fc346b7a05be53') in 0.004238 seconds 
========================================================================
Received Import Request.
  Time since last request: 1055.373461 seconds.
  path: Assets/Timelines/Timeline 2.playable
  artifactKey: Guid(77f0e780b6c0e48ac9c332ea676c52c0) Importer(2089858483,934ff659095e30574adcf32a4c2f97b5)
Start importing Assets/Timelines/Timeline 2.playable using Guid(77f0e780b6c0e48ac9c332ea676c52c0) Importer(2089858483,934ff659095e30574adcf32a4c2f97b5)  -> (artifact id: 'a17357884abeb10ead97fd19e5824774') in 0.044952 seconds 
========================================================================
Received Import Request.
  Time since last request: 0.000243 seconds.
  path: Assets/Scenes/Runner_003.unity
  artifactKey: Guid(b68d56a135f494eee865c52e4f5fe3c1) Importer(2089858483,934ff659095e30574adcf32a4c2f97b5)
Start importing Assets/Scenes/Runner_003.unity using Guid(b68d56a135f494eee865c52e4f5fe3c1) Importer(2089858483,934ff659095e30574adcf32a4c2f97b5)  -> (artifact id: '543ca9fde229e9fb578544bf444f6685') in 0.005618 seconds 
